RUN	simulations.BasicSimulation	basicsimulation	1738272284058	 	3.9.5
USER	Test API with Authentication	START	1738272286211
USER	Test API with Authentication	START	1738272286698
REQUEST		Authenticate	1738272286207	1738272287040	OK	 
USER	Test API with Authentication	START	1738272287194
REQUEST		Authenticate	1738272286696	1738272287510	OK	 
USER	Test API with Authentication	START	1738272287696
REQUEST		Authenticate	1738272287193	1738272287976	OK	 
USER	Test API with Authentication	START	1738272288197
REQUEST		Authenticate	1738272287694	1738272288488	OK	 
REQUEST		Authenticate	1738272288195	1738272288982	OK	 
USER	Test API with Authentication	START	1738272289198
USER	Test API with Authentication	START	1738272290069
USER	Test API with Authentication	START	1738272290224
REQUEST		Authenticate	1738272289192	1738272290433	OK	 
USER	Test API with Authentication	START	1738272290694
REQUEST		Authenticate	1738272289994	1738272290907	OK	 
REQUEST		Authenticate	1738272290212	1738272291023	OK	 
USER	Test API with Authentication	START	1738272291212
REQUEST		Authenticate	1738272290691	1738272291497	OK	 
REQUEST		Authenticate	1738272291212	1738272291988	OK	 
USER	Test API with Authentication	START	1738272292192
USER	Test API with Authentication	START	1738272292691
REQUEST		Get Cover Types By Product Id	1738272292093	1738272292812	OK	 
REQUEST		Authenticate	1738272292191	1738272293009	OK	 
USER	Test API with Authentication	START	1738272293191
REQUEST		Get Cover Types By Product Id	1738272292517	1738272293213	OK	 
REQUEST		Authenticate	1738272292690	1738272293493	OK	 
REQUEST		Get Cover Types By Product Id	1738272292981	1738272293669	OK	 
USER	Test API with Authentication	START	1738272293691
REQUEST		Authenticate	1738272293190	1738272294003	OK	 
USER	Test API with Authentication	START	1738272294193
REQUEST		Get Cover Types By Product Id	1738272293493	1738272294221	OK	 
REQUEST		Authenticate	1738272293690	1738272294498	OK	 
REQUEST		Get Cover Types By Product Id	1738272293987	1738272294698	OK	 
REQUEST		Authenticate	1738272294192	1738272294967	OK	 
USER	Test API with Authentication	START	1738272295191
USER	Test API with Authentication	START	1738272295692
REQUEST		Authenticate	1738272295190	1738272296013	OK	 
REQUEST		Get Cover Types By Product Id	1738272295447	1738272296171	OK	 
USER	Test API with Authentication	START	1738272296191
REQUEST		Authenticate	1738272295691	1738272296492	OK	 
REQUEST		Get Cover Types By Product Id	1738272295910	1738272296639	OK	 
USER	Test API with Authentication	START	1738272296690
REQUEST		Get Cover Types By Product Id	1738272296027	1738272296705	OK	 
REQUEST		Authenticate	1738272296190	1738272296963	OK	 
USER	Test API with Authentication	START	1738272297192
REQUEST		Get Cover Types By Product Id	1738272296503	1738272297243	OK	 
REQUEST		Authenticate	1738272296690	1738272297499	OK	 
REQUEST		Get Cover Types By Product Id	1738272296992	1738272297709	OK	 
REQUEST		Authenticate	1738272297191	1738272298047	OK	 
USER	Test API with Authentication	START	1738272298192
REQUEST		Get All Benefits	1738272297819	1738272298208	OK	 
USER	Test API with Authentication	START	1738272298692
REQUEST		Get Cover Types By Product Id	1738272298013	1738272298750	OK	 
REQUEST		Get All Benefits	1738272298215	1738272298761	OK	 
REQUEST		Authenticate	1738272298191	1738272299014	OK	 
REQUEST		Get All Benefits	1738272298672	1738272299108	OK	 
USER	Test API with Authentication	START	1738272299193
REQUEST		Get Cover Types By Product Id	1738272298498	1738272299243	OK	 
REQUEST		Authenticate	1738272298691	1738272299533	OK	 
USER	Test API with Authentication	START	1738272299692
REQUEST		Get Cover Types By Product Id	1738272299007	1738272299771	OK	 
REQUEST		Authenticate	1738272299192	1738272300053	OK	 
USER	Test API with Authentication	START	1738272300191
REQUEST		Get All Benefits	1738272299223	1738272300607	OK	 
REQUEST		Authenticate	1738272299691	1738272300607	OK	 
REQUEST		Get All Benefits	1738272299702	1738272300674	OK	 
REQUEST		Get Cover Types By Product Id	1738272299971	1738272300808	OK	 
REQUEST		Authenticate	1738272300190	1738272301092	OK	 
REQUEST		Get Cover Types By Product Id	1738272299502	1738272301185	OK	 
USER	Test API with Authentication	START	1738272301193
REQUEST		Get All Benefits	1738272301174	1738272301570	OK	 
USER	Test API with Authentication	START	1738272301696
REQUEST		Get Cover Types By Product Id	1738272301017	1738272301745	OK	 
REQUEST		Authenticate	1738272301192	1738272302026	OK	 
REQUEST		Get All Benefits	1738272301642	1738272302193	OK	 
USER	Test API with Authentication	START	1738272302194
REQUEST		Get Cover Types By Product Id	1738272301496	1738272302221	OK	 
REQUEST		Get All Benefits	1738272301707	1738272302295	OK	 
REQUEST		Get Cover Types By Product Id	1738272301966	1738272302658	OK	 
USER	Test API with Authentication	START	1738272302692
REQUEST		Get All Benefits	1738272302246	1738272302700	OK	 
REQUEST		Authenticate	1738272301695	1738272302738	OK	 
REQUEST		Authenticate	1738272302193	1738272302978	OK	 
REQUEST		Get All Benefits	1738272302712	1738272303116	OK	 
USER	Test API with Authentication	START	1738272303191
REQUEST		Get Cover Types By Product Id	1738272302503	1738272303246	OK	 
REQUEST		Get Valuers	1738272303213	1738272303496	OK	 
REQUEST		Authenticate	1738272302691	1738272303510	OK	 
REQUEST		Get Cover Types By Product Id	1738272303050	1738272303738	OK	 
REQUEST		Authenticate	1738272303190	1738272303982	OK	 
REQUEST		Get Valuers	1738272303764	1738272304153	OK	 
USER	Test API with Authentication	START	1738272304193
REQUEST		Get Valuers	1738272304112	1738272304308	OK	 
REQUEST		Get All Benefits	1738272303753	1738272304387	OK	 
REQUEST		Get All Benefits	1738272304246	1738272304790	OK	 
USER	Test API with Authentication	START	1738272304746
REQUEST		Get Cover Types By Product Id	1738272304022	1738272304898	OK	 
REQUEST		Authenticate	1738272304190	1738272305159	OK	 
USER	Test API with Authentication	START	1738272305191
REQUEST		Get Cover Types By Product Id	1738272304547	1738272305403	OK	 
REQUEST		Get All Benefits	1738272304898	1738272305463	OK	 
REQUEST		Authenticate	1738272304744	1738272305646	OK	 
USER	Test API with Authentication	START	1738272305699
REQUEST		Get Cover Types By Product Id	1738272305056	1738272305748	OK	 
REQUEST		Authenticate	1738272305191	1738272305971	OK	 
REQUEST		Get Valuers	1738272305627	1738272305980	OK	 
REQUEST		Get Valuers	1738272305677	1738272306048	OK	 
USER	Test API with Authentication	START	1738272306199
REQUEST		Get Cover Types By Product Id	1738272305627	1738272306300	OK	 
REQUEST		Get All Benefits	1738272305811	1738272306358	OK	 
REQUEST		Authenticate	1738272305698	1738272306493	OK	 
REQUEST		Get All Benefits	1738272306191	1738272306737	OK	 
REQUEST		Get Valuers	1738272306573	1738272306782	OK	 
REQUEST		Authenticate	1738272306198	1738272306969	OK	 
REQUEST		Get All Benefits	1738272306748	1738272307183	OK	 
USER	Test API with Authentication	START	1738272307190
REQUEST		Get Cover Types By Product Id	1738272306095	1738272307253	OK	 
REQUEST		Get Valuers	1738272307195	1738272307561	OK	 
REQUEST		Get All Benefits	1738272307224	1738272307619	OK	 
REQUEST		Get Valuers	1738272307298	1738272307682	OK	 
USER	Test API with Authentication	START	1738272307690
REQUEST		Get Cover Types By Product Id	1738272307031	1738272307711	OK	 
REQUEST		Get Valuers	1738272307703	1738272307931	OK	 
REQUEST		Authenticate	1738272307189	1738272307995	OK	 
REQUEST		Get All Benefits	1738272307662	1738272308080	OK	 
USER	Test API with Authentication	START	1738272308191
REQUEST		Get Valuers	1738272308119	1738272308342	OK	 
REQUEST		Get Cover Types By Product Id	1738272307742	1738272308444	OK	 
REQUEST		Authenticate	1738272307689	1738272308461	OK	 
REQUEST		Get Cover Types By Product Id	1738272307981	1738272308679	OK	 
USER	Test API with Authentication	START	1738272308690
REQUEST		Get Mandatory Documents	1738272308500	1738272308690	OK	 
REQUEST		Get All Benefits	1738272308248	1738272308883	OK	 
REQUEST		Authenticate	1738272308190	1738272309013	OK	 
REQUEST		Get All Benefits	1738272308739	1738272309138	OK	 
USER	Test API with Authentication	START	1738272309191
REQUEST		Get Cover Types By Product Id	1738272308515	1738272309232	OK	 
REQUEST		Get Mandatory Documents	1738272309156	1738272309360	OK	 
REQUEST		Get Mandatory Documents	1738272309311	1738272309488	OK	 
REQUEST		Authenticate	1738272308689	1738272309536	OK	 
REQUEST		Get Cover Types By Product Id	1738272308986	1738272309691	OK	 
REQUEST		Get Valuers	1738272309389	1738272309742	OK	 
REQUEST		Authenticate	1738272309190	1738272309963	OK	 
REQUEST		Get Valuers	1738272309796	1738272309995	OK	 
USER	Test API with Authentication	START	1738272310190
REQUEST		Get All Benefits	1738272309902	1738272310304	OK	 
USER	Test API with Authentication	START	1738272310691
REQUEST		Get All Benefits	1738272310411	1738272310809	OK	 
REQUEST		Get Valuers	1738272310467	1738272310846	OK	 
REQUEST		Get Cover Types By Product Id	1738272310164	1738272310851	OK	 
REQUEST		Authenticate	1738272310190	1738272310982	OK	 
REQUEST		Get All Benefits	1738272310751	1738272311152	OK	 
USER	Test API with Authentication	START	1738272311194
REQUEST		Get Mandatory Documents	1738272310982	1738272311321	OK	 
REQUEST		Get Cover Types By Product Id	1738272310651	1738272311371	OK	 
REQUEST		Get Mandatory Documents	1738272311051	1738272311393	OK	 
REQUEST		Authenticate	1738272310690	1738272311454	OK	 
REQUEST		Get Cover Types By Product Id	1738272310976	1738272311666	OK	 
REQUEST		Get All Benefits	1738272311303	1738272311692	OK	 
USER	Test API with Authentication	START	1738272311693
REQUEST		Get Valuers	1738272311360	1738272311740	OK	 
REQUEST		Get Mandatory Documents	1738272311785	1738272311965	OK	 
REQUEST		Authenticate	1738272311193	1738272311971	OK	 
REQUEST		Get Valuers	1738272311739	1738272312098	OK	 
REQUEST		Get Cover Types By Product Id	1738272311496	1738272312175	OK	 
USER	Test API with Authentication	START	1738272312196
REQUEST		Get Valuers	1738272312193	1738272312404	OK	 
REQUEST		Authenticate	1738272311691	1738272312476	OK	 
REQUEST		Get Cover Types By Product Id	1738272311972	1738272312645	OK	 
REQUEST		Get All Benefits	1738272312255	1738272312676	OK	 
REQUEST		Get Mandatory Documents	1738272312563	1738272312745	OK	 
REQUEST		Get Valuers	1738272312631	1738272312828	OK	 
REQUEST		Get Mandatory Documents	1738272312685	1738272312859	OK	 
REQUEST		Authenticate	1738272312195	1738272312979	OK	 
REQUEST		Get Mandatory Documents	1738272312933	1738272313115	OK	 
USER	Test API with Authentication	START	1738272313191
REQUEST		Get All Benefits	1738272312714	1738272313281	OK	 
REQUEST		Get Valuers	1738272313082	1738272313282	OK	 
REQUEST		Get Mandatory Documents	1738272313344	1738272313555	OK	 
REQUEST		Get Cover Types By Product Id	1738272312998	1738272313674	OK	 
USER	Test API with Authentication	START	1738272313691
REQUEST		Get Outstanding Premiums	1738272313692	1738272313899	OK	 
USER	Test API with Authentication	END	1738272313905
REQUEST		Authenticate	1738272313191	1738272313975	OK	 
REQUEST		Get All Benefits	1738272313447	1738272314018	OK	 
REQUEST		Get Cover Types By Product Id	1738272313465	1738272314144	OK	 
USER	Test API with Authentication	START	1738272314190
REQUEST		Get All Benefits	1738272313683	1738272314254	OK	 
REQUEST		Get Valuers	1738272313885	1738272314257	OK	 
REQUEST		Get Valuers	1738272314141	1738272314343	OK	 
REQUEST		Authenticate	1738272313690	1738272314459	OK	 
REQUEST		Get Outstanding Premiums	1738272314363	1738272314540	OK	 
USER	Test API with Authentication	END	1738272314542
REQUEST		Get All Benefits	1738272314236	1738272314644	OK	 
REQUEST		Get Outstanding Premiums	1738272314489	1738272314669	OK	 
USER	Test API with Authentication	END	1738272314670
USER	Test API with Authentication	START	1738272314691
REQUEST		Get Cover Types By Product Id	1738272314018	1738272314691	OK	 
REQUEST		Get Mandatory Documents	1738272314745	1738272314933	OK	 
REQUEST		Authenticate	1738272314189	1738272314955	OK	 
REQUEST		Get Mandatory Documents	1738272314999	1738272315183	OK	 
USER	Test API with Authentication	START	1738272315191
REQUEST		Get Cover Types By Product Id	1738272314540	1738272315208	OK	 
REQUEST		Get All Benefits	1738272314695	1738272315244	OK	 
REQUEST		Authenticate	1738272314690	1738272315479	OK	 
REQUEST		Get Valuers	1738272315306	1738272315505	OK	 
REQUEST		Get Cover Types By Product Id	1738272314968	1738272316126	OK	 
REQUEST		Authenticate	1738272315190	1738272316126	OK	 
REQUEST		Get Mandatory Documents	1738272315850	1738272316136	OK	 
REQUEST		Get Valuers	1738272315812	1738272316150	OK	 
USER	Test API with Authentication	START	1738272316191
REQUEST		Get Valuers	1738272316155	1738272316352	OK	 
REQUEST		Get All Benefits	1738272315854	1738272316503	OK	 
REQUEST		Get Outstanding Premiums	1738272316324	1738272316503	OK	 
USER	Test API with Authentication	END	1738272316504
REQUEST		Get Outstanding Premiums	1738272316395	1738272316574	OK	 
USER	Test API with Authentication	END	1738272316576
USER	Test API with Authentication	START	1738272316692
REQUEST		Get All Benefits	1738272316380	1738272316784	OK	 
REQUEST		Get Cover Types By Product Id	1738272315985	1738272316801	OK	 
REQUEST		Get Valuers	1738272316695	1738272316896	OK	 
REQUEST		Get Mandatory Documents	1738272316742	1738272316927	OK	 
REQUEST		Authenticate	1738272316191	1738272316983	OK	 
REQUEST		Get Cover Types By Product Id	1738272316459	1738272317145	OK	 
REQUEST		Get Outstanding Premiums	1738272316967	1738272317156	OK	 
USER	Test API with Authentication	END	1738272317158
USER	Test API with Authentication	START	1738272317191
REQUEST		Get All Benefits	1738272316669	1738272317264	OK	 
REQUEST		Get Mandatory Documents	1738272317101	1738272317277	OK	 
REQUEST		Authenticate	1738272316690	1738272317463	OK	 
USER	Test API with Authentication	START	1738272317696
REQUEST		Get Mandatory Documents	1738272317411	1738272317653	OK	 
REQUEST		Get Cover Types By Product Id	1738272316974	1738272317750	OK	 
REQUEST		Get All Benefits	1738272317180	1738272317751	OK	 
REQUEST		Get Valuers	1738272317689	1738272317899	OK	 
REQUEST		Get Outstanding Premiums	1738272317752	1738272317939	OK	 
USER	Test API with Authentication	END	1738272317942
REQUEST		Authenticate	1738272317191	1738272318025	OK	 
REQUEST		Get Outstanding Premiums	1738272317864	1738272318051	OK	 
USER	Test API with Authentication	END	1738272318051
REQUEST		Get Mandatory Documents	1738272317865	1738272318058	OK	 
REQUEST		Get All Benefits	1738272317731	1738272318132	OK	 
USER	Test API with Authentication	START	1738272318190
REQUEST		Get Cover Types By Product Id	1738272317490	1738272318267	OK	 
REQUEST		Get Outstanding Premiums	1738272318117	1738272318293	OK	 
USER	Test API with Authentication	END	1738272318294
REQUEST		Get Mandatory Documents	1738272318284	1738272318463	OK	 
REQUEST		Authenticate	1738272317693	1738272318473	OK	 
REQUEST		Get Valuers	1738272318284	1738272318640	OK	 
REQUEST		Get Cover Types By Product Id	1738272317982	1738272318685	OK	 
REQUEST		Get Outstanding Premiums	1738272318557	1738272318755	OK	 
USER	Test API with Authentication	END	1738272318757
REQUEST		Authenticate	1738272318190	1738272318954	OK	 
USER	Test API with Authentication	START	1738272319190
REQUEST		Get All Benefits	1738272318678	1738272319244	OK	 
REQUEST		Get Valuers	1738272319021	1738272319385	OK	 
REQUEST		Get Mandatory Documents	1738272319257	1738272319472	OK	 
REQUEST		Get Mandatory Documents	1738272319346	1738272319553	OK	 
REQUEST		Get All Benefits	1738272319148	1738272319571	OK	 
REQUEST		Get Valuers	1738272319257	1738272319636	OK	 
REQUEST		Get Cover Types By Product Id	1738272318978	1738272319651	OK	 
USER	Test API with Authentication	START	1738272319691
REQUEST		Get Valuers	1738272319648	1738272319883	OK	 
REQUEST		Authenticate	1738272319190	1738272319977	OK	 
REQUEST		Get Outstanding Premiums	1738272319936	1738272320116	OK	 
USER	Test API with Authentication	END	1738272320119
REQUEST		Get Cover Types By Product Id	1738272319469	1738272320150	OK	 
USER	Test API with Authentication	START	1738272320192
REQUEST		Get All Benefits	1738272319694	1738272320244	OK	 
REQUEST		Get Outstanding Premiums	1738272320187	1738272320365	OK	 
USER	Test API with Authentication	END	1738272320368
REQUEST		Authenticate	1738272319690	1738272320480	OK	 
REQUEST		Get Valuers	1738272320247	1738272320627	OK	 
REQUEST		Get Cover Types By Product Id	1738272319957	1738272320642	OK	 
REQUEST		Get Mandatory Documents	1738272320508	1738272320687	OK	 
USER	Test API with Authentication	START	1738272320691
REQUEST		Get All Benefits	1738272320210	1738272320751	OK	 
REQUEST		Authenticate	1738272320191	1738272320966	OK	 
REQUEST		Get Cover Types By Product Id	1738272320483	1738272321169	OK	 
USER	Test API with Authentication	START	1738272321194
REQUEST		Get Outstanding Premiums	1738272321139	1738272321327	OK	 
USER	Test API with Authentication	END	1738272321331
REQUEST		Get Mandatory Documents	1738272321152	1738272321364	OK	 
REQUEST		Authenticate	1738272320690	1738272321500	OK	 
REQUEST		Get Mandatory Documents	1738272321357	1738272321548	OK	 
REQUEST		Get Cover Types By Product Id	1738272321130	1738272321833	OK	 
REQUEST		Get Mandatory Documents	1738272321898	1738272322089	OK	 
REQUEST		Get Outstanding Premiums	1738272321931	1738272322133	OK	 
USER	Test API with Authentication	END	1738272322436
USER	Test API with Authentication	START	1738272322436
REQUEST		Get Valuers	1738272321505	1738272322436	OK	 
REQUEST		Get All Benefits	1738272321130	1738272322527	OK	 
REQUEST		Authenticate	1738272321192	1738272322588	OK	 
REQUEST		Get Outstanding Premiums	1738272322434	1738272322620	OK	 
USER	Test API with Authentication	END	1738272322630
REQUEST		Get Valuers	1738272321786	1738272322726	OK	 
USER	Test API with Authentication	START	1738272322728
REQUEST		Get All Benefits	1738272321802	1738272322873	OK	 
REQUEST		Get Outstanding Premiums	1738272322755	1738272322933	OK	 
USER	Test API with Authentication	END	1738272322934
REQUEST		Get Cover Types By Product Id	1738272321988	1738272322964	OK	 
USER	Test API with Authentication	START	1738272323192
REQUEST		Get Valuers	1738272323134	1738272323336	OK	 
REQUEST		Get All Benefits	1738272322433	1738272323540	OK	 
REQUEST		Get Outstanding Premiums	1738272323466	1738272323644	OK	 
USER	Test API with Authentication	END	1738272323646
USER	Test API with Authentication	START	1738272323690
REQUEST		Get Outstanding Premiums	1738272323060	1738272323745	OK	 
REQUEST		Get Cover Types By Product Id	1738272322546	1738272323745	OK	 
USER	Test API with Authentication	END	1738272323747
REQUEST		Get Mandatory Documents	1738272322900	1738272323798	OK	 
REQUEST		Get Valuers	1738272322430	1738272323837	OK	 
REQUEST		Get All Benefits	1738272323270	1738272323890	OK	 
REQUEST		Get All Benefits	1738272323688	1738272324111	OK	 
REQUEST		Get Cover Types By Product Id	1738272323477	1738272324163	OK	 
USER	Test API with Authentication	START	1738272324192
REQUEST		Get All Benefits	1738272322755	1738272324231	OK	 
REQUEST		Get Mandatory Documents	1738272323643	1738272324355	OK	 
REQUEST		Get Valuers	1738272322756	1738272324439	OK	 
REQUEST		Get Mandatory Documents	1738272324390	1738272324565	OK	 
REQUEST		Get Valuers	1738272324246	1738272324597	OK	 
REQUEST		Get Cover Types By Product Id	1738272323956	1738272324648	OK	 
REQUEST		Get Outstanding Premiums	1738272324482	1738272324661	OK	 
USER	Test API with Authentication	END	1738272324663
REQUEST		Get Cover Types By Product Id	1738272323033	1738272324703	OK	 
REQUEST		Get Outstanding Premiums	1738272324558	1738272324733	OK	 
USER	Test API with Authentication	END	1738272324734
REQUEST		Get Valuers	1738272324573	1738272324768	OK	 
REQUEST		Get Mandatory Documents	1738272324640	1738272324820	OK	 
REQUEST		Get All Benefits	1738272324653	1738272325042	OK	 
REQUEST		Get Mandatory Documents	1738272324887	1738272325087	OK	 
USER	Test API with Authentication	START	1738272325191
REQUEST		Get All Benefits	1738272325153	1738272325564	OK	 
REQUEST		Get Valuers	1738272325246	1738272325608	OK	 
REQUEST		Get Cover Types By Product Id	1738272324979	1738272325690	OK	 
USER	Test API with Authentication	START	1738272325692
REQUEST		Get Mandatory Documents	1738272325630	1738272325806	OK	 
REQUEST		Get Outstanding Premiums	1738272325689	1738272325925	OK	 
USER	Test API with Authentication	END	1738272325939
REQUEST		Get Valuers	1738272325753	1738272326167	OK	 
USER	Test API with Authentication	START	1738272326191
REQUEST		Get Cover Types By Product Id	1738272325488	1738272326199	OK	 
REQUEST		Get All Benefits	1738272325644	1738272326332	OK	 
REQUEST		Get Outstanding Premiums	1738272326366	1738272326539	OK	 
USER	Test API with Authentication	END	1738272326540
REQUEST		Get All Benefits	1738272326172	1738272326597	OK	 
REQUEST		Get Cover Types By Product Id	1738272325970	1738272326656	OK	 
USER	Test API with Authentication	START	1738272326691
REQUEST		Get Outstanding Premiums	1738272326551	1738272326763	OK	 
USER	Test API with Authentication	END	1738272326764
USER	Test API with Authentication	START	1738272327192
REQUEST		Get All Benefits	1738272326836	1738272327235	OK	 
REQUEST		Get Cover Types By Product Id	1738272326503	1738272327237	OK	 
REQUEST		Authenticate	1738272322435	1738272327264	OK	 
REQUEST		Get Outstanding Premiums	1738272327092	1738272327266	OK	 
USER	Test API with Authentication	END	1738272327267
REQUEST		Get Mandatory Documents	1738272327444	1738272327827	OK	 
REQUEST		Get Mandatory Documents	1738272327736	1738272327920	OK	 
REQUEST		Get Valuers	1738272327530	1738272327971	OK	 
REQUEST		Authenticate	1738272323690	1738272327994	OK	 
REQUEST		Authenticate	1738272322726	1738272327997	OK	 
REQUEST		Authenticate	1738272324191	1738272328002	OK	 
REQUEST		Authenticate	1738272325191	1738272328023	OK	 
REQUEST		Authenticate	1738272323191	1738272328024	OK	 
REQUEST		Authenticate	1738272326190	1738272328029	OK	 
REQUEST		Authenticate	1738272325691	1738272328030	OK	 
REQUEST		Authenticate	1738272326690	1738272328047	OK	 
REQUEST		Authenticate	1738272327191	1738272328102	OK	 
USER	Test API with Authentication	START	1738272328191
REQUEST		Get Cover Types By Product Id	1738272327594	1738272328319	OK	 
REQUEST		Get All Benefits	1738272327967	1738272328411	OK	 
REQUEST		Get Mandatory Documents	1738272328338	1738272328524	OK	 
REQUEST		Get Valuers	1738272327877	1738272328600	OK	 
USER	Test API with Authentication	START	1738272328691
REQUEST		Get Valuers	1738272328542	1738272328903	OK	 
REQUEST		Get Outstanding Premiums	1738272328800	1738272328985	OK	 
USER	Test API with Authentication	END	1738272328990
REQUEST		Get Mandatory Documents	1738272328839	1738272329187	OK	 
USER	Test API with Authentication	START	1738272329191
REQUEST		Get Valuers	1738272328895	1738272329293	OK	 
REQUEST		Get All Benefits	1738272328748	1738272329314	OK	 
REQUEST		Get Valuers	1738272329114	1738272329343	OK	 
REQUEST		Authenticate	1738272328690	1738272329455	OK	 
REQUEST		Get Outstanding Premiums	1738272329357	1738272329530	OK	 
USER	Test API with Authentication	END	1738272329531
REQUEST		Get All Benefits	1738272329165	1738272329601	OK	 
USER	Test API with Authentication	START	1738272329691
REQUEST		Get Outstanding Premiums	1738272329567	1738272329766	OK	 
USER	Test API with Authentication	END	1738272329767
REQUEST		Get Valuers	1738272329234	1738272329768	OK	 
REQUEST		Get Mandatory Documents	1738272329599	1738272329777	OK	 
REQUEST		Get Mandatory Documents	1738272329442	1738272329790	OK	 
REQUEST		Get Mandatory Documents	1738272329770	1738272329948	OK	 
REQUEST		Get Outstanding Premiums	1738272329823	1738272330000	OK	 
USER	Test API with Authentication	END	1738272330001
REQUEST		Authenticate	1738272329190	1738272330018	OK	 
REQUEST		Authenticate	1738272328190	1738272330020	OK	 
USER	Test API with Authentication	START	1738272330192
REQUEST		Get All Benefits	1738272329650	1738272330226	OK	 
REQUEST		Get Valuers	1738272330043	1738272330251	OK	 
REQUEST		Get All Benefits	1738272329705	1738272330252	OK	 
REQUEST		Get Outstanding Premiums	1738272330089	1738272330265	OK	 
USER	Test API with Authentication	END	1738272330266
REQUEST		Authenticate	1738272329690	1738272330529	OK	 
REQUEST		Get Valuers	1738272330567	1738272330794	OK	 
REQUEST		Get Mandatory Documents	1738272330610	1738272330795	OK	 
REQUEST		Authenticate	1738272330191	1738272330957	OK	 
REQUEST		Get Outstanding Premiums	1738272330808	1738272330983	OK	 
USER	Test API with Authentication	END	1738272330985
REQUEST		Get All Benefits	1738272330693	1738272331094	OK	 
USER	Test API with Authentication	START	1738272331191
REQUEST		Get Mandatory Documents	1738272331170	1738272331345	OK	 
USER	Test API with Authentication	START	1738272331690
REQUEST		Get Valuers	1738272331335	1738272331695	OK	 
REQUEST		Get All Benefits	1738272331201	1738272331754	OK	 
REQUEST		Get Valuers	1738272331600	1738272331793	OK	 
USER	Test API with Authentication	START	1738272332191
REQUEST		Get All Benefits	1738272331658	1738272332211	OK	 
REQUEST		Get Valuers	1738272332238	1738272332445	OK	 
REQUEST		Authenticate	1738272331690	1738272332472	OK	 
REQUEST		Get All Benefits	1738272332239	1738272332668	OK	 
USER	Test API with Authentication	START	1738272332693
REQUEST		Get Cover Types By Product Id	1738272332267	1738272332950	OK	 
REQUEST		Get Outstanding Premiums	1738272332834	1738272333009	OK	 
USER	Test API with Authentication	END	1738272333014
REQUEST		Authenticate	1738272331190	1738272333014	OK	 
REQUEST		Authenticate	1738272332190	1738272333025	OK	 
REQUEST		Get Outstanding Premiums	1738272332923	1738272333102	OK	 
USER	Test API with Authentication	END	1738272333103
USER	Test API with Authentication	START	1738272333195
REQUEST		Get Mandatory Documents	1738272332973	1738272333355	OK	 
REQUEST		Get Valuers	1738272333413	1738272333610	OK	 
REQUEST		Get Outstanding Premiums	1738272333526	1738272333699	OK	 
USER	Test API with Authentication	END	1738272333700
REQUEST		Get All Benefits	1738272333322	1738272333710	OK	 
REQUEST		Get Cover Types By Product Id	1738272333002	1738272333711	OK	 
REQUEST		Get Cover Types By Product Id	1738272333027	1738272333715	OK	 
REQUEST		Get Cover Types By Product Id	1738272333002	1738272333717	OK	 
REQUEST		Get Cover Types By Product Id	1738272333005	1738272333719	OK	 
REQUEST		Get Cover Types By Product Id	1738272333032	1738272333721	OK	 
REQUEST		Get Cover Types By Product Id	1738272333050	1738272333740	OK	 
REQUEST		Get Cover Types By Product Id	1738272333105	1738272333808	OK	 
REQUEST		Get Mandatory Documents	1738272333602	1738272333982	OK	 
REQUEST		Authenticate	1738272333192	1738272333982	OK	 
USER	Test API with Authentication	START	1738272334191
REQUEST		Get Mandatory Documents	1738272333904	1738272334254	OK	 
REQUEST		Get Outstanding Premiums	1738272334190	1738272334399	OK	 
USER	Test API with Authentication	END	1738272334401
REQUEST		Authenticate	1738272332691	1738272334464	OK	 
REQUEST		Get Mandatory Documents	1738272334295	1738272334488	OK	 
REQUEST		Get Mandatory Documents	1738272334346	1738272334589	OK	 
USER	Test API with Authentication	START	1738272334691
REQUEST		Get Valuers	1738272334316	1738272334749	OK	 
REQUEST		Get Cover Types By Product Id	1738272333028	1738272334805	OK	 
REQUEST		Get Cover Types By Product Id	1738272333033	1738272334805	OK	 
REQUEST		Get Valuers	1738272334604	1738272334856	OK	 
REQUEST		Get Outstanding Premiums	1738272334779	1738272335021	OK	 
USER	Test API with Authentication	END	1738272335022
REQUEST		Get Outstanding Premiums	1738272334792	1738272335033	OK	 
USER	Test API with Authentication	END	1738272335035
REQUEST		Authenticate	1738272334191	1738272335128	OK	 
USER	Test API with Authentication	START	1738272335193
REQUEST		Get Cover Types By Product Id	1738272334457	1738272335300	OK	 
REQUEST		Get Mandatory Documents	1738272335253	1738272335466	OK	 
REQUEST		Authenticate	1738272334690	1738272335583	OK	 
REQUEST		Get Valuers	1738272335228	1738272335598	OK	 
REQUEST		Get Valuers	1738272335254	1738272335636	OK	 
USER	Test API with Authentication	START	1738272335691
REQUEST		Get Cover Types By Product Id	1738272335021	1738272335698	OK	 
REQUEST		Get Outstanding Premiums	1738272334950	1738272335713	OK	 
USER	Test API with Authentication	END	1738272335715
REQUEST		Get Outstanding Premiums	1738272335797	1738272335971	OK	 
USER	Test API with Authentication	END	1738272335974
REQUEST		Authenticate	1738272335191	1738272335973	OK	 
REQUEST		Get Mandatory Documents	1738272335796	1738272335974	OK	 
REQUEST		Get Mandatory Documents	1738272334770	1738272336042	OK	 
USER	Test API with Authentication	START	1738272336191
REQUEST		Get Valuers	1738272336096	1738272336305	OK	 
REQUEST		Authenticate	1738272335690	1738272336479	OK	 
REQUEST		Get Outstanding Premiums	1738272336348	1738272336526	OK	 
USER	Test API with Authentication	END	1738272336530
REQUEST		Get Cover Types By Product Id	1738272335959	1738272336688	OK	 
REQUEST		Get Cover Types By Product Id	1738272335023	1738272336714	OK	 
REQUEST		Get Mandatory Documents	1738272336697	1738272336883	OK	 
REQUEST		Get Mandatory Documents	1738272336796	1738272336975	OK	 
REQUEST		Authenticate	1738272336191	1738272336977	OK	 
REQUEST		Get Valuers	1738272336756	1738272337123	OK	 
USER	Test API with Authentication	START	1738272337191
REQUEST		Get Cover Types By Product Id	1738272335531	1738272337204	OK	 
REQUEST		Get Valuers	1738272337213	1738272337570	OK	 
REQUEST		Get Mandatory Documents	1738272337449	1738272337626	OK	 
USER	Test API with Authentication	START	1738272337690
REQUEST		Get Valuers	1738272337671	1738272337884	OK	 
USER	Test API with Authentication	START	1738272338191
REQUEST		Get All Benefits	1738272337952	1738272338378	OK	 
REQUEST		Get Outstanding Premiums	1738272338357	1738272338533	OK	 
USER	Test API with Authentication	END	1738272338537
USER	Test API with Authentication	START	1738272338690
REQUEST		Get Cover Types By Product Id	1738272338018	1738272338712	OK	 
REQUEST		Get Cover Types By Product Id	1738272338027	1738272338759	OK	 
REQUEST		Get Mandatory Documents	1738272338612	1738272338789	OK	 
REQUEST		Get Valuers	1738272338713	1738272338923	OK	 
REQUEST		Authenticate	1738272337190	1738272339014	OK	 
REQUEST		Authenticate	1738272338190	1738272339014	OK	 
REQUEST		Get Outstanding Premiums	1738272338985	1738272339185	OK	 
REQUEST		Get Cover Types By Product Id	1738272337474	1738272339185	OK	 
USER	Test API with Authentication	END	1738272339186
USER	Test API with Authentication	START	1738272339191
REQUEST		Get All Benefits	1738272338718	1738272339200	OK	 
REQUEST		Get All Benefits	1738272338810	1738272339255	OK	 
REQUEST		Get All Benefits	1738272338714	1738272339362	OK	 
REQUEST		Get All Benefits	1738272338721	1738272339366	OK	 
REQUEST		Get All Benefits	1738272338725	1738272339372	OK	 
REQUEST		Get All Benefits	1738272338719	1738272339376	OK	 
REQUEST		Get All Benefits	1738272338742	1738272339414	OK	 
REQUEST		Get Outstanding Premiums	1738272339256	1738272339441	OK	 
USER	Test API with Authentication	END	1738272339443
REQUEST		Authenticate	1738272337689	1738272339566	OK	 
REQUEST		Authenticate	1738272338689	1738272339581	OK	 
REQUEST		Get Outstanding Premiums	1738272339490	1738272339672	OK	 
USER	Test API with Authentication	END	1738272339673
REQUEST		Get Cover Types By Product Id	1738272338985	1738272339721	OK	 
REQUEST		Get Outstanding Premiums	1738272339591	1738272339822	OK	 
USER	Test API with Authentication	END	1738272339823
REQUEST		Get Mandatory Documents	1738272339751	1738272340026	OK	 
REQUEST		Authenticate	1738272339191	1738272340026	OK	 
REQUEST		Get Mandatory Documents	1738272339858	1738272340117	OK	 
USER	Test API with Authentication	START	1738272340191
REQUEST		Get All Benefits	1738272339808	1738272340282	OK	 
REQUEST		Get All Benefits	1738272339808	1738272340435	OK	 
REQUEST		Get Outstanding Premiums	1738272340468	1738272340643	OK	 
USER	Test API with Authentication	END	1738272340644
USER	Test API with Authentication	START	1738272340691
REQUEST		Get Mandatory Documents	1738272340600	1738272340777	OK	 
REQUEST		Get Mandatory Documents	1738272340639	1738272340822	OK	 
REQUEST		Get Cover Types By Product Id	1738272340131	1738272340861	OK	 
REQUEST		Get All Benefits	1738272340303	1738272340867	OK	 
REQUEST		Get Cover Types By Product Id	1738272339466	1738272341160	OK	 
REQUEST		Get Outstanding Premiums	1738272340976	1738272341165	OK	 
USER	Test API with Authentication	END	1738272341169
USER	Test API with Authentication	START	1738272341191
REQUEST		Get Outstanding Premiums	1738272341043	1738272341217	OK	 
USER	Test API with Authentication	END	1738272341218
REQUEST		Get All Benefits	1738272340700	1738272341293	OK	 
REQUEST		Get Cover Types By Product Id	1738272340587	1738272341299	OK	 
REQUEST		Authenticate	1738272340690	1738272341456	OK	 
REQUEST		Get Mandatory Documents	1738272341309	1738272341490	OK	 
REQUEST		Get Cover Types By Product Id	1738272340976	1738272341656	OK	 
USER	Test API with Authentication	START	1738272341689
REQUEST		Authenticate	1738272341191	1738272342020	OK	 
REQUEST		Authenticate	1738272340190	1738272342025	OK	 
REQUEST		Get Outstanding Premiums	1738272341884	1738272342060	OK	 
USER	Test API with Authentication	END	1738272342062
USER	Test API with Authentication	START	1738272342191
REQUEST		Get Cover Types By Product Id	1738272341481	1738272342192	OK	 
REQUEST		Get Outstanding Premiums	1738272341977	1738272342192	OK	 
USER	Test API with Authentication	END	1738272342193
REQUEST		Get All Benefits	1738272341690	1738272342248	OK	 
REQUEST		Get All Benefits	1738272341716	1738272342279	OK	 
REQUEST		Get Mandatory Documents	1738272342125	1738272342301	OK	 
REQUEST		Authenticate	1738272341689	1738272342494	OK	 
REQUEST		Get Cover Types By Product Id	1738272341980	1738272342691	OK	 
REQUEST		Get Mandatory Documents	1738272342573	1738272342783	OK	 
REQUEST		Get Outstanding Premiums	1738272342629	1738272342802	OK	 
USER	Test API with Authentication	END	1738272342804
REQUEST		Get All Benefits	1738272342207	1738272342826	OK	 
REQUEST		Get Mandatory Documents	1738272342887	1738272343100	OK	 
USER	Test API with Authentication	START	1738272343191
REQUEST		Get Valuers	1738272343381	1738272343580	OK	 
USER	Test API with Authentication	START	1738272343692
REQUEST		Get Outstanding Premiums	1738272343791	1738272343996	OK	 
USER	Test API with Authentication	END	1738272343998
REQUEST		Authenticate	1738272343191	1738272344036	OK	 
REQUEST		Authenticate	1738272342190	1738272344047	OK	 
REQUEST		Get Mandatory Documents	1738272343926	1738272344105	OK	 
REQUEST		Get All Benefits	1738272343714	1738272344127	OK	 
REQUEST		Get All Benefits	1738272343761	1738272344184	OK	 
USER	Test API with Authentication	START	1738272344191
REQUEST		Get Valuers	1738272344202	1738272344405	OK	 
REQUEST		Authenticate	1738272343691	1738272344467	OK	 
REQUEST		Get All Benefits	1738272344187	1738272344600	OK	 
REQUEST		Get Valuers	1738272344257	1738272344623	OK	 
REQUEST		Get Cover Types By Product Id	1738272344017	1738272344689	OK	 
USER	Test API with Authentication	START	1738272344691
REQUEST		Get Cover Types By Product Id	1738272344017	1738272344699	OK	 
REQUEST		Get Valuers	1738272344364	1738272344759	OK	 
REQUEST		Get Valuers	1738272344368	1738272344760	OK	 
REQUEST		Get Valuers	1738272344379	1738272344765	OK	 
REQUEST		Get Valuers	1738272344373	1738272344773	OK	 
REQUEST		Get Valuers	1738272344416	1738272344782	OK	 
REQUEST		Authenticate	1738272344190	1738272344966	OK	 
REQUEST		Get All Benefits	1738272344723	1738272345119	OK	 
USER	Test API with Authentication	START	1738272345193
REQUEST		Get Outstanding Premiums	1738272345029	1738272345203	OK	 
USER	Test API with Authentication	END	1738272345204
REQUEST		Get Cover Types By Product Id	1738272344568	1738272345259	OK	 
REQUEST		Get Outstanding Premiums	1738272345119	1738272345300	OK	 
USER	Test API with Authentication	END	1738272345301
REQUEST		Get Valuers	1738272345285	1738272345494	OK	 
REQUEST		Get Cover Types By Product Id	1738272345029	1738272345727	OK	 
REQUEST		Get Valuers	1738272345437	1738272345786	OK	 
REQUEST		Get Outstanding Premiums	1738272345779	1738272345963	OK	 
REQUEST		Authenticate	1738272345192	1738272345963	OK	 
USER	Test API with Authentication	END	1738272345964
REQUEST		Get Outstanding Premiums	1738272345825	1738272345998	OK	 
USER	Test API with Authentication	END	1738272345999
REQUEST		Get Valuers	1738272345869	1738272346260	OK	 
REQUEST		Get Cover Types By Product Id	1738272344584	1738272346294	OK	 
REQUEST		Get All Benefits	1738272345862	1738272346424	OK	 
REQUEST		Authenticate	1738272344690	1738272346461	OK	 
REQUEST		Get Valuers	1738272346295	1738272346682	OK	 
REQUEST		Get Outstanding Premiums	1738272346492	1738272346683	OK	 
USER	Test API with Authentication	END	1738272346684
REQUEST		Get All Benefits	1738272346162	1738272346772	OK	 
REQUEST		Get All Benefits	1738272346301	1738272346884	OK	 
REQUEST		Get All Benefits	1738272346658	1738272347249	OK	 
REQUEST		Get Outstanding Premiums	1738272347304	1738272347484	OK	 
USER	Test API with Authentication	END	1738272347485
REQUEST		Get Valuers	1738272347281	1738272347653	OK	 
REQUEST		Get Valuers	1738272347249	1738272347669	OK	 
REQUEST		Get Cover Types By Product Id	1738272347027	1738272347690	OK	 
REQUEST		Get Cover Types By Product Id	1738272347024	1738272347714	OK	 
REQUEST		Get All Benefits	1738272347194	1738272347764	OK	 
REQUEST		Get Outstanding Premiums	1738272347786	1738272348077	OK	 
USER	Test API with Authentication	END	1738272348079
REQUEST		Get Cover Types By Product Id	1738272346458	1738272348276	OK	 
REQUEST		Get Cover Types By Product Id	1738272347497	1738272348276	OK	 
REQUEST		Get Outstanding Premiums	1738272348103	1738272348830	OK	 
USER	Test API with Authentication	END	1738272348831
REQUEST		Get Valuers	1738272347829	1738272348867	OK	 
REQUEST		Get All Benefits	1738272347693	1738272349122	OK	 
REQUEST		Get Outstanding Premiums	1738272349108	1738272349283	OK	 
USER	Test API with Authentication	END	1738272349284
REQUEST		Get Valuers	1738272349130	1738272349512	OK	 
REQUEST		Get Mandatory Documents	1738272349407	1738272349584	OK	 
REQUEST		Get Mandatory Documents	1738272348584	1738272349721	OK	 
REQUEST		Get Valuers	1738272349186	1738272349722	OK	 
REQUEST		Get Cover Types By Product Id	1738272349050	1738272349780	OK	 
REQUEST		Get Mandatory Documents	1738272349626	1738272349813	OK	 
REQUEST		Get Valuers	1738272349603	1738272349993	OK	 
REQUEST		Get Mandatory Documents	1738272349761	1738272349995	OK	 
REQUEST		Get Mandatory Documents	1738272349761	1738272349995	OK	 
REQUEST		Get Mandatory Documents	1738272349767	1738272350025	OK	 
REQUEST		Get Mandatory Documents	1738272349775	1738272350025	OK	 
REQUEST		Get Mandatory Documents	1738272349783	1738272350025	OK	 
REQUEST		Get All Benefits	1738272349692	1738272350088	OK	 
REQUEST		Get All Benefits	1738272349701	1738272350329	OK	 
REQUEST		Get Valuers	1738272350120	1738272350331	OK	 
REQUEST		Get Cover Types By Product Id	1738272349968	1738272350679	OK	 
REQUEST		Get All Benefits	1738272350261	1738272350679	OK	 
REQUEST		Get Mandatory Documents	1738272350496	1738272350682	OK	 
REQUEST		Get Cover Types By Product Id	1738272349039	1738272350765	OK	 
REQUEST		Get Mandatory Documents	1738272350792	1738272350967	OK	 
REQUEST		Get All Benefits	1738272350733	1738272351114	OK	 
REQUEST		Get Cover Types By Product Id	1738272349469	1738272351196	OK	 
REQUEST		Get Mandatory Documents	1738272351262	1738272351440	OK	 
REQUEST		Get All Benefits	1738272351296	1738272351693	OK	 
REQUEST		Get Valuers	1738272351426	1738272351821	OK	 
REQUEST		Get Mandatory Documents	1738272351691	1738272351888	OK	 
REQUEST		Get Valuers	1738272351774	1738272352165	OK	 
REQUEST		Get Cover Types By Product Id	1738272351463	1738272352216	OK	 
REQUEST		Get Valuers	1738272351887	1738272352298	OK	 
REQUEST		Get Valuers	1738272352251	1738272352613	OK	 
REQUEST		Get Cover Types By Product Id	1738272350965	1738272352697	OK	 
REQUEST		Get Mandatory Documents	1738272352656	1738272352862	OK	 
REQUEST		Get Mandatory Documents	1738272352671	1738272352879	OK	 
REQUEST		Get Valuers	1738272352766	1738272353154	OK	 
REQUEST		Get All Benefits	1738272352717	1738272353165	OK	 
REQUEST		Get All Benefits	1738272352692	1738272353233	OK	 
REQUEST		Get All Benefits	1738272353279	1738272353838	OK	 
REQUEST		Get Mandatory Documents	1738272353869	1738272354213	OK	 
REQUEST		Get Valuers	1738272354125	1738272354659	OK	 
REQUEST		Get Mandatory Documents	1738272354515	1738272354699	OK	 
REQUEST		Get Outstanding Premiums	1738272354586	1738272354793	OK	 
USER	Test API with Authentication	END	1738272354794
REQUEST		Get Mandatory Documents	1738272354724	1738272354911	OK	 
REQUEST		Get Outstanding Premiums	1738272354722	1738272354911	OK	 
USER	Test API with Authentication	END	1738272354913
REQUEST		Get Outstanding Premiums	1738272354815	1738272354988	OK	 
USER	Test API with Authentication	END	1738272354990
REQUEST		Get Outstanding Premiums	1738272354998	1738272355169	OK	 
REQUEST		Get Outstanding Premiums	1738272354997	1738272355169	OK	 
USER	Test API with Authentication	END	1738272355171
USER	Test API with Authentication	END	1738272355171
REQUEST		Get Mandatory Documents	1738272354995	1738272355173	OK	 
REQUEST		Get All Benefits	1738272354784	1738272355191	OK	 
REQUEST		Get Outstanding Premiums	1738272355027	1738272355206	OK	 
REQUEST		Get Outstanding Premiums	1738272355029	1738272355206	OK	 
REQUEST		Get Outstanding Premiums	1738272355027	1738272355206	OK	 
USER	Test API with Authentication	END	1738272355208
USER	Test API with Authentication	END	1738272355209
USER	Test API with Authentication	END	1738272355209
REQUEST		Get Valuers	1738272355091	1738272355284	OK	 
REQUEST		Get Mandatory Documents	1738272355332	1738272355511	OK	 
REQUEST		Get Valuers	1738272355332	1738272355707	OK	 
REQUEST		Get Outstanding Premiums	1738272355684	1738272355865	OK	 
USER	Test API with Authentication	END	1738272355866
REQUEST		Get Valuers	1738272355681	1738272355888	OK	 
REQUEST		Get All Benefits	1738272353278	1738272356005	OK	 
REQUEST		Get Outstanding Premiums	1738272355969	1738272356163	OK	 
USER	Test API with Authentication	END	1738272356165
REQUEST		Get All Benefits	1738272355681	1738272356226	OK	 
REQUEST		Get Valuers	1738272356117	1738272356316	OK	 
REQUEST		Get All Benefits	1738272355768	1738272356332	OK	 
REQUEST		Get All Benefits	1738272356198	1738272356598	OK	 
REQUEST		Get Outstanding Premiums	1738272356442	1738272356633	OK	 
USER	Test API with Authentication	END	1738272356634
REQUEST		Get Valuers	1738272356699	1738272356894	OK	 
REQUEST		Get Mandatory Documents	1738272356829	1738272357022	OK	 
REQUEST		Get Outstanding Premiums	1738272356890	1738272357072	OK	 
USER	Test API with Authentication	END	1738272357073
REQUEST		Get Mandatory Documents	1738272357168	1738272357369	OK	 
REQUEST		Get Mandatory Documents	1738272357301	1738272357496	OK	 
REQUEST		Get All Benefits	1738272357221	1738272357792	OK	 
REQUEST		Get Mandatory Documents	1738272357615	1738272357794	OK	 
REQUEST		Get Outstanding Premiums	1738272357865	1738272358044	OK	 
USER	Test API with Authentication	END	1738272358045
REQUEST		Get Outstanding Premiums	1738272357881	1738272358081	OK	 
USER	Test API with Authentication	END	1738272358083
REQUEST		Get All Benefits	1738272357699	1738272358271	OK	 
REQUEST		Get Mandatory Documents	1738272358156	1738272358338	OK	 
REQUEST		Get Valuers	1738272358167	1738272358400	OK	 
REQUEST		Get Valuers	1738272358236	1738272358575	OK	 
REQUEST		Get Valuers	1738272358840	1738272359186	OK	 
REQUEST		Get Outstanding Premiums	1738272359215	1738272359387	OK	 
USER	Test API with Authentication	END	1738272359389
REQUEST		Get Outstanding Premiums	1738272359703	1738272359897	OK	 
USER	Test API with Authentication	END	1738272359898
REQUEST		Get Mandatory Documents	1738272359661	1738272360060	OK	 
REQUEST		Get Outstanding Premiums	1738272359914	1738272360090	OK	 
USER	Test API with Authentication	END	1738272360091
REQUEST		Get Outstanding Premiums	1738272360175	1738272360362	OK	 
USER	Test API with Authentication	END	1738272360363
REQUEST		Get Mandatory Documents	1738272360286	1738272360532	OK	 
REQUEST		Get Valuers	1738272360193	1738272360549	OK	 
REQUEST		Get Outstanding Premiums	1738272360525	1738272360722	OK	 
USER	Test API with Authentication	END	1738272360725
REQUEST		Get Mandatory Documents	1738272360709	1738272360887	OK	 
REQUEST		Get Mandatory Documents	1738272360891	1738272361095	OK	 
REQUEST		Get Valuers	1738272361007	1738272361206	OK	 
REQUEST		Get Mandatory Documents	1738272361318	1738272361507	OK	 
REQUEST		Get Valuers	1738272361228	1738272361572	OK	 
REQUEST		Get Valuers	1738272361334	1738272361696	OK	 
REQUEST		Get Valuers	1738272361600	1738272361823	OK	 
REQUEST		Get Mandatory Documents	1738272361896	1738272362162	OK	 
REQUEST		Get Outstanding Premiums	1738272362024	1738272362288	OK	 
USER	Test API with Authentication	END	1738272362290
REQUEST		Get Outstanding Premiums	1738272362372	1738272362583	OK	 
USER	Test API with Authentication	END	1738272362584
REQUEST		Get Outstanding Premiums	1738272362499	1738272362675	OK	 
USER	Test API with Authentication	END	1738272362676
REQUEST		Get Outstanding Premiums	1738272362794	1738272362967	OK	 
USER	Test API with Authentication	END	1738272362968
REQUEST		Get Outstanding Premiums	1738272363340	1738272363523	OK	 
USER	Test API with Authentication	END	1738272363523
REQUEST		Get Valuers	1738272363273	1738272363828	OK	 
REQUEST		Get Mandatory Documents	1738272363404	1738272363970	OK	 
REQUEST		Get Mandatory Documents	1738272364188	1738272364401	OK	 
REQUEST		Get Valuers	1738272362793	1738272364735	OK	 
REQUEST		Get Mandatory Documents	1738272363577	1738272365049	OK	 
REQUEST		Get Outstanding Premiums	1738272365063	1738272365241	OK	 
USER	Test API with Authentication	END	1738272365242
REQUEST		Get Outstanding Premiums	1738272365536	1738272365715	OK	 
USER	Test API with Authentication	END	1738272365716
REQUEST		Get Mandatory Documents	1738272365551	1738272365755	OK	 
REQUEST		Get Outstanding Premiums	1738272365889	1738272366073	OK	 
USER	Test API with Authentication	END	1738272366074
REQUEST		Get Outstanding Premiums	1738272366098	1738272366273	OK	 
USER	Test API with Authentication	END	1738272366274
REQUEST		Get Mandatory Documents	1738272366208	1738272366555	OK	 
REQUEST		Get Outstanding Premiums	1738272366509	1738272366686	OK	 
USER	Test API with Authentication	END	1738272366687
REQUEST		Get Mandatory Documents	1738272366574	1738272366798	OK	 
REQUEST		Get Mandatory Documents	1738272366699	1738272366884	OK	 
REQUEST		Get Mandatory Documents	1738272366825	1738272367011	OK	 
REQUEST		Get Outstanding Premiums	1738272367164	1738272367341	OK	 
USER	Test API with Authentication	END	1738272367342
REQUEST		Get Mandatory Documents	1738272368832	1738272369199	OK	 
REQUEST		Get Outstanding Premiums	1738272368972	1738272369199	OK	 
USER	Test API with Authentication	END	1738272369202
REQUEST		Get Outstanding Premiums	1738272369404	1738272369579	OK	 
USER	Test API with Authentication	END	1738272369581
REQUEST		Get Outstanding Premiums	1738272370052	1738272370251	OK	 
USER	Test API with Authentication	END	1738272370252
REQUEST		Get Mandatory Documents	1738272369737	1738272370258	OK	 
REQUEST		Get Outstanding Premiums	1738272370757	1738272370934	OK	 
USER	Test API with Authentication	END	1738272370935
REQUEST		Get Outstanding Premiums	1738272371557	1738272371762	OK	 
USER	Test API with Authentication	END	1738272371764
REQUEST		Get Outstanding Premiums	1738272371801	1738272371988	OK	 
USER	Test API with Authentication	END	1738272371989
REQUEST		Get Outstanding Premiums	1738272371887	1738272372065	OK	 
USER	Test API with Authentication	END	1738272372067
REQUEST		Get Outstanding Premiums	1738272372012	1738272372195	OK	 
USER	Test API with Authentication	END	1738272372196
REQUEST		Get Outstanding Premiums	1738272374203	1738272374383	OK	 
USER	Test API with Authentication	END	1738272374385
REQUEST		Get Outstanding Premiums	1738272375260	1738272375439	OK	 
USER	Test API with Authentication	END	1738272375440
