RUN	simulations.BasicSimulation	basicsimulation	1738271954614	 	3.9.5
USER	Test API with Authentication	START	1738271956312
USER	Test API with Authentication	START	1738271956312
USER	Test API with Authentication	START	1738271956312
USER	Test API with Authentication	START	1738271956312
USER	Test API with Authentication	START	1738271956312
USER	Test API with Authentication	START	1738271956313
USER	Test API with Authentication	START	1738271956313
USER	Test API with Authentication	START	1738271956313
USER	Test API with Authentication	START	1738271956313
USER	Test API with Authentication	START	1738271956313
USER	Test API with Authentication	START	1738271956313
USER	Test API with Authentication	START	1738271956313
USER	Test API with Authentication	START	1738271956313
USER	Test API with Authentication	START	1738271956313
USER	Test API with Authentication	START	1738271956313
USER	Test API with Authentication	START	1738271956313
USER	Test API with Authentication	START	1738271956313
USER	Test API with Authentication	START	1738271956313
USER	Test API with Authentication	START	1738271956313
USER	Test API with Authentication	START	1738271956314
USER	Test API with Authentication	START	1738271956314
USER	Test API with Authentication	START	1738271956314
USER	Test API with Authentication	START	1738271956314
USER	Test API with Authentication	START	1738271956314
USER	Test API with Authentication	START	1738271956314
USER	Test API with Authentication	START	1738271956314
USER	Test API with Authentication	START	1738271956314
USER	Test API with Authentication	START	1738271956312
USER	Test API with Authentication	START	1738271956315
USER	Test API with Authentication	START	1738271956315
USER	Test API with Authentication	START	1738271956315
USER	Test API with Authentication	START	1738271956315
USER	Test API with Authentication	START	1738271956315
USER	Test API with Authentication	START	1738271956316
USER	Test API with Authentication	START	1738271956316
USER	Test API with Authentication	START	1738271956316
USER	Test API with Authentication	START	1738271956316
USER	Test API with Authentication	START	1738271956316
USER	Test API with Authentication	START	1738271956316
USER	Test API with Authentication	START	1738271956317
USER	Test API with Authentication	START	1738271956317
USER	Test API with Authentication	START	1738271956317
USER	Test API with Authentication	START	1738271956317
USER	Test API with Authentication	START	1738271956317
USER	Test API with Authentication	START	1738271956317
USER	Test API with Authentication	START	1738271956317
USER	Test API with Authentication	START	1738271956317
USER	Test API with Authentication	START	1738271956318
USER	Test API with Authentication	START	1738271956318
USER	Test API with Authentication	START	1738271956318
USER	Test API with Authentication	START	1738271956318
USER	Test API with Authentication	START	1738271956318
USER	Test API with Authentication	START	1738271956318
USER	Test API with Authentication	START	1738271956318
USER	Test API with Authentication	START	1738271956318
USER	Test API with Authentication	START	1738271956318
USER	Test API with Authentication	START	1738271956319
USER	Test API with Authentication	START	1738271956319
USER	Test API with Authentication	START	1738271956319
USER	Test API with Authentication	START	1738271956319
USER	Test API with Authentication	START	1738271956319
USER	Test API with Authentication	START	1738271956319
USER	Test API with Authentication	START	1738271956319
USER	Test API with Authentication	START	1738271956320
USER	Test API with Authentication	START	1738271956319
USER	Test API with Authentication	START	1738271956320
USER	Test API with Authentication	START	1738271956320
USER	Test API with Authentication	START	1738271956320
USER	Test API with Authentication	START	1738271956320
USER	Test API with Authentication	START	1738271956320
USER	Test API with Authentication	START	1738271956320
USER	Test API with Authentication	START	1738271956320
USER	Test API with Authentication	START	1738271956320
USER	Test API with Authentication	START	1738271956321
USER	Test API with Authentication	START	1738271956321
USER	Test API with Authentication	START	1738271956321
USER	Test API with Authentication	START	1738271956321
USER	Test API with Authentication	START	1738271956321
USER	Test API with Authentication	START	1738271956321
USER	Test API with Authentication	START	1738271956321
USER	Test API with Authentication	START	1738271956321
USER	Test API with Authentication	START	1738271956321
USER	Test API with Authentication	START	1738271956321
USER	Test API with Authentication	START	1738271956322
USER	Test API with Authentication	START	1738271956322
USER	Test API with Authentication	START	1738271956322
USER	Test API with Authentication	START	1738271956322
USER	Test API with Authentication	START	1738271956322
USER	Test API with Authentication	START	1738271956323
USER	Test API with Authentication	START	1738271956323
USER	Test API with Authentication	START	1738271956323
USER	Test API with Authentication	START	1738271956323
USER	Test API with Authentication	START	1738271956323
USER	Test API with Authentication	START	1738271956323
USER	Test API with Authentication	START	1738271956323
USER	Test API with Authentication	START	1738271956323
USER	Test API with Authentication	START	1738271956323
USER	Test API with Authentication	START	1738271956323
USER	Test API with Authentication	START	1738271956323
USER	Test API with Authentication	START	1738271956324
REQUEST		Authenticate	1738271956321	1738271957209	OK	 
REQUEST		Authenticate	1738271956308	1738271957277	OK	 
REQUEST		Authenticate	1738271956313	1738271957422	OK	 
REQUEST		Authenticate	1738271956321	1738271957447	OK	 
REQUEST		Authenticate	1738271956316	1738271957542	OK	 
REQUEST		Authenticate	1738271956308	1738271957579	OK	 
REQUEST		Authenticate	1738271956314	1738271957696	OK	 
REQUEST		Authenticate	1738271956315	1738271957733	OK	 
REQUEST		Authenticate	1738271956313	1738271957856	OK	 
REQUEST		Authenticate	1738271956319	1738271957892	OK	 
REQUEST		Authenticate	1738271956313	1738271958036	OK	 
REQUEST		Authenticate	1738271956308	1738271958067	OK	 
REQUEST		Authenticate	1738271956314	1738271958176	OK	 
REQUEST		Authenticate	1738271956316	1738271958198	OK	 
REQUEST		Authenticate	1738271956320	1738271958325	OK	 
REQUEST		Authenticate	1738271956323	1738271958333	OK	 
REQUEST		Authenticate	1738271956317	1738271958452	OK	 
REQUEST		Authenticate	1738271956308	1738271958468	OK	 
REQUEST		Authenticate	1738271956313	1738271958872	OK	 
REQUEST		Authenticate	1738271956318	1738271958872	OK	 
REQUEST		Authenticate	1738271956312	1738271958875	OK	 
REQUEST		Authenticate	1738271956316	1738271958872	OK	 
REQUEST		Authenticate	1738271956317	1738271958917	OK	 
REQUEST		Authenticate	1738271956312	1738271958967	OK	 
REQUEST		Authenticate	1738271956316	1738271959048	OK	 
REQUEST		Authenticate	1738271956321	1738271959104	OK	 
REQUEST		Authenticate	1738271956308	1738271959193	OK	 
REQUEST		Authenticate	1738271956317	1738271959223	OK	 
REQUEST		Authenticate	1738271956312	1738271959382	OK	 
REQUEST		Authenticate	1738271956308	1738271959383	OK	 
REQUEST		Authenticate	1738271956314	1738271959522	OK	 
REQUEST		Authenticate	1738271956308	1738271959534	OK	 
REQUEST		Authenticate	1738271956313	1738271959647	OK	 
REQUEST		Authenticate	1738271956308	1738271959705	OK	 
REQUEST		Authenticate	1738271956315	1738271959769	OK	 
REQUEST		Authenticate	1738271956321	1738271959842	OK	 
REQUEST		Authenticate	1738271956318	1738271959887	OK	 
REQUEST		Authenticate	1738271956308	1738271960062	OK	 
REQUEST		Authenticate	1738271956320	1738271960062	OK	 
REQUEST		Authenticate	1738271956313	1738271960130	OK	 
REQUEST		Authenticate	1738271956318	1738271960141	OK	 
REQUEST		Authenticate	1738271956308	1738271960249	OK	 
REQUEST		Authenticate	1738271956317	1738271960261	OK	 
REQUEST		Authenticate	1738271956320	1738271960385	OK	 
REQUEST		Authenticate	1738271956322	1738271960422	OK	 
REQUEST		Authenticate	1738271956319	1738271960601	OK	 
REQUEST		Authenticate	1738271956322	1738271960663	OK	 
REQUEST		Authenticate	1738271956323	1738271960739	OK	 
REQUEST		Authenticate	1738271956318	1738271960770	OK	 
REQUEST		Authenticate	1738271956316	1738271960881	OK	 
REQUEST		Authenticate	1738271956321	1738271960889	OK	 
REQUEST		Authenticate	1738271956318	1738271961114	OK	 
REQUEST		Authenticate	1738271956319	1738271961125	OK	 
REQUEST		Authenticate	1738271956317	1738271961145	OK	 
REQUEST		Authenticate	1738271956308	1738271961201	OK	 
REQUEST		Authenticate	1738271956316	1738271961301	OK	 
REQUEST		Authenticate	1738271956315	1738271961473	OK	 
REQUEST		Authenticate	1738271956318	1738271961501	OK	 
REQUEST		Authenticate	1738271956320	1738271961616	OK	 
REQUEST		Authenticate	1738271956319	1738271961644	OK	 
REQUEST		Authenticate	1738271956323	1738271961725	OK	 
REQUEST		Authenticate	1738271956323	1738271961770	OK	 
REQUEST		Authenticate	1738271956315	1738271961864	OK	 
REQUEST		Authenticate	1738271956320	1738271961892	OK	 
REQUEST		Authenticate	1738271956319	1738271961988	OK	 
REQUEST		Authenticate	1738271956322	1738271962022	OK	 
REQUEST		Authenticate	1738271956320	1738271962202	OK	 
REQUEST		Authenticate	1738271956308	1738271962217	OK	 
REQUEST		Authenticate	1738271956308	1738271962249	OK	 
REQUEST		Authenticate	1738271956321	1738271962276	OK	 
REQUEST		Authenticate	1738271956318	1738271962397	OK	 
REQUEST		Authenticate	1738271956314	1738271962410	OK	 
REQUEST		Authenticate	1738271956322	1738271962626	OK	 
REQUEST		Authenticate	1738271956319	1738271962626	OK	 
REQUEST		Authenticate	1738271956319	1738271962681	OK	 
REQUEST		Authenticate	1738271956317	1738271962686	OK	 
REQUEST		Authenticate	1738271956313	1738271962790	OK	 
REQUEST		Authenticate	1738271956320	1738271962816	OK	 
REQUEST		Get Cover Types By Product Id	1738271962280	1738271962971	OK	 
REQUEST		Get Cover Types By Product Id	1738271962257	1738271962974	OK	 
REQUEST		Authenticate	1738271956313	1738271963057	OK	 
REQUEST		Authenticate	1738271956320	1738271963058	OK	 
REQUEST		Authenticate	1738271956321	1738271963060	OK	 
REQUEST		Authenticate	1738271956316	1738271963094	OK	 
REQUEST		Get Cover Types By Product Id	1738271962426	1738271963134	OK	 
REQUEST		Get Cover Types By Product Id	1738271962451	1738271963141	OK	 
REQUEST		Authenticate	1738271956323	1738271963186	OK	 
REQUEST		Authenticate	1738271956319	1738271963229	OK	 
REQUEST		Get Cover Types By Product Id	1738271962547	1738271963281	OK	 
REQUEST		Get Cover Types By Product Id	1738271962583	1738271963299	OK	 
REQUEST		Get Cover Types By Product Id	1738271962700	1738271963399	OK	 
REQUEST		Authenticate	1738271956308	1738271963419	OK	 
REQUEST		Authenticate	1738271956308	1738271963426	OK	 
REQUEST		Get Cover Types By Product Id	1738271962736	1738271963449	OK	 
REQUEST		Authenticate	1738271956318	1738271963469	OK	 
REQUEST		Authenticate	1738271956315	1738271963498	OK	 
REQUEST		Get Cover Types By Product Id	1738271962895	1738271963563	OK	 
REQUEST		Get Cover Types By Product Id	1738271962860	1738271963563	OK	 
REQUEST		Authenticate	1738271956315	1738271963594	OK	 
REQUEST		Authenticate	1738271956313	1738271963614	OK	 
REQUEST		Authenticate	1738271956322	1738271963724	OK	 
REQUEST		Get Cover Types By Product Id	1738271963040	1738271963728	OK	 
REQUEST		Get Cover Types By Product Id	1738271963071	1738271963748	OK	 
REQUEST		Authenticate	1738271956323	1738271963750	OK	 
REQUEST		Get Cover Types By Product Id	1738271963180	1738271963863	OK	 
REQUEST		Get Cover Types By Product Id	1738271963201	1738271963864	OK	 
REQUEST		Get Cover Types By Product Id	1738271963329	1738271964028	OK	 
REQUEST		Get Cover Types By Product Id	1738271963336	1738271964037	OK	 
REQUEST		Get Cover Types By Product Id	1738271963455	1738271964179	OK	 
REQUEST		Get Cover Types By Product Id	1738271963473	1738271964180	OK	 
REQUEST		Get Cover Types By Product Id	1738271963876	1738271964566	OK	 
REQUEST		Get Cover Types By Product Id	1738271963876	1738271964567	OK	 
REQUEST		Get Cover Types By Product Id	1738271963875	1738271964568	OK	 
REQUEST		Get Cover Types By Product Id	1738271963877	1738271964603	OK	 
REQUEST		Get Cover Types By Product Id	1738271963921	1738271964632	OK	 
REQUEST		Get Cover Types By Product Id	1738271963970	1738271964656	OK	 
REQUEST		Get Cover Types By Product Id	1738271964052	1738271964757	OK	 
REQUEST		Get Cover Types By Product Id	1738271964107	1738271964803	OK	 
REQUEST		Get Cover Types By Product Id	1738271964196	1738271964912	OK	 
REQUEST		Get Cover Types By Product Id	1738271964228	1738271964937	OK	 
REQUEST		Get Cover Types By Product Id	1738271964385	1738271965075	OK	 
REQUEST		Get Cover Types By Product Id	1738271964386	1738271965079	OK	 
REQUEST		Get Cover Types By Product Id	1738271964537	1738271965221	OK	 
REQUEST		Get Cover Types By Product Id	1738271964527	1738271965221	OK	 
REQUEST		Get Cover Types By Product Id	1738271964652	1738271965358	OK	 
REQUEST		Get Cover Types By Product Id	1738271964708	1738271965390	OK	 
REQUEST		Get Cover Types By Product Id	1738271964772	1738271965493	OK	 
REQUEST		Get Cover Types By Product Id	1738271964844	1738271965536	OK	 
REQUEST		Get Cover Types By Product Id	1738271964890	1738271965575	OK	 
REQUEST		Get Cover Types By Product Id	1738271965066	1738271965768	OK	 
REQUEST		Get Cover Types By Product Id	1738271965066	1738271965768	OK	 
REQUEST		Get Cover Types By Product Id	1738271965135	1738271965818	OK	 
REQUEST		Get Cover Types By Product Id	1738271965144	1738271965821	OK	 
REQUEST		Get Cover Types By Product Id	1738271965253	1738271965982	OK	 
REQUEST		Get Cover Types By Product Id	1738271965265	1738271965982	OK	 
REQUEST		Get Cover Types By Product Id	1738271965389	1738271966103	OK	 
REQUEST		Get Cover Types By Product Id	1738271965425	1738271966130	OK	 
REQUEST		Get Cover Types By Product Id	1738271965604	1738271966285	OK	 
REQUEST		Get Cover Types By Product Id	1738271965667	1738271966417	OK	 
REQUEST		Get Cover Types By Product Id	1738271965743	1738271966417	OK	 
REQUEST		Get Cover Types By Product Id	1738271965774	1738271966456	OK	 
REQUEST		Get Cover Types By Product Id	1738271965891	1738271966569	OK	 
REQUEST		Get Cover Types By Product Id	1738271965884	1738271966569	OK	 
REQUEST		Get Cover Types By Product Id	1738271966119	1738271966834	OK	 
REQUEST		Get Cover Types By Product Id	1738271966129	1738271966834	OK	 
REQUEST		Get Cover Types By Product Id	1738271966149	1738271966859	OK	 
REQUEST		Get Cover Types By Product Id	1738271966205	1738271966888	OK	 
REQUEST		Get Cover Types By Product Id	1738271966304	1738271967002	OK	 
REQUEST		Get Cover Types By Product Id	1738271966475	1738271967165	OK	 
REQUEST		Get Cover Types By Product Id	1738271966504	1738271967190	OK	 
REQUEST		Get Cover Types By Product Id	1738271966618	1738271967317	OK	 
REQUEST		Authenticate	1738271956322	1738271967316	OK	 
REQUEST		Get Cover Types By Product Id	1738271966647	1738271967333	OK	 
REQUEST		Get Cover Types By Product Id	1738271966727	1738271967431	OK	 
REQUEST		Get Cover Types By Product Id	1738271966772	1738271967459	OK	 
REQUEST		Get Cover Types By Product Id	1738271966895	1738271967596	OK	 
REQUEST		Get Cover Types By Product Id	1738271966866	1738271967596	OK	 
REQUEST		Get Cover Types By Product Id	1738271966990	1738271967670	OK	 
REQUEST		Get Cover Types By Product Id	1738271967025	1738271967728	OK	 
REQUEST		Get Cover Types By Product Id	1738271967220	1738271967929	OK	 
REQUEST		Get Cover Types By Product Id	1738271967251	1738271967954	OK	 
REQUEST		Get Cover Types By Product Id	1738271967278	1738271967972	OK	 
REQUEST		Authenticate	1738271956308	1738271967992	OK	 
REQUEST		Authenticate	1738271956324	1738271967993	OK	 
REQUEST		Authenticate	1738271956315	1738271968003	OK	 
REQUEST		Authenticate	1738271956319	1738271968011	OK	 
REQUEST		Authenticate	1738271956321	1738271968021	OK	 
REQUEST		Authenticate	1738271956321	1738271968019	OK	 
REQUEST		Authenticate	1738271956318	1738271968024	OK	 
REQUEST		Get Cover Types By Product Id	1738271967399	1738271968097	OK	 
REQUEST		Get Cover Types By Product Id	1738271967413	1738271968111	OK	 
REQUEST		Get Cover Types By Product Id	1738271967629	1738271968351	OK	 
REQUEST		Get Cover Types By Product Id	1738271967629	1738271968351	OK	 
REQUEST		Get Cover Types By Product Id	1738271967688	1738271968413	OK	 
REQUEST		Get Cover Types By Product Id	1738271967684	1738271968413	OK	 
REQUEST		Get All Benefits	1738271967977	1738271968411	OK	 
REQUEST		Get Cover Types By Product Id	1738271967792	1738271968534	OK	 
REQUEST		Get All Benefits	1738271967977	1738271968538	OK	 
REQUEST		Get Cover Types By Product Id	1738271967819	1738271968540	OK	 
REQUEST		Get All Benefits	1738271968136	1738271968777	OK	 
REQUEST		Get All Benefits	1738271968143	1738271968797	OK	 
REQUEST		Get All Benefits	1738271968401	1738271968856	OK	 
REQUEST		Get Cover Types By Product Id	1738271968060	1738271968875	OK	 
REQUEST		Get Cover Types By Product Id	1738271968096	1738271968875	OK	 
REQUEST		Get Cover Types By Product Id	1738271968061	1738271968876	OK	 
REQUEST		Get Cover Types By Product Id	1738271968060	1738271968876	OK	 
REQUEST		Get All Benefits	1738271968284	1738271968933	OK	 
REQUEST		Get Cover Types By Product Id	1738271968188	1738271968953	OK	 
REQUEST		Get Cover Types By Product Id	1738271968232	1738271968982	OK	 
REQUEST		Get All Benefits	1738271968565	1738271969067	OK	 
REQUEST		Get All Benefits	1738271968564	1738271969070	OK	 
REQUEST		Get Cover Types By Product Id	1738271968472	1738271969260	OK	 
REQUEST		Get Cover Types By Product Id	1738271968422	1738271969281	OK	 
REQUEST		Get All Benefits	1738271968451	1738271969394	OK	 
REQUEST		Get Cover Types By Product Id	1738271968753	1738271969444	OK	 
REQUEST		Get All Benefits	1738271968866	1738271969587	OK	 
REQUEST		Get All Benefits	1738271969181	1738271969669	OK	 
REQUEST		Get All Benefits	1738271968301	1738271969669	OK	 
REQUEST		Get Cover Types By Product Id	1738271968726	1738271969669	OK	 
REQUEST		Get All Benefits	1738271969182	1738271969693	OK	 
REQUEST		Get All Benefits	1738271968751	1738271969752	OK	 
REQUEST		Get All Benefits	1738271968866	1738271969778	OK	 
REQUEST		Get Cover Types By Product Id	1738271968428	1738271969815	OK	 
REQUEST		Get All Benefits	1738271969039	1738271969963	OK	 
REQUEST		Get Cover Types By Product Id	1738271968500	1738271969964	OK	 
REQUEST		Get Cover Types By Product Id	1738271968597	1738271969965	OK	 
REQUEST		Get Cover Types By Product Id	1738271968617	1738271970137	OK	 
REQUEST		Get All Benefits	1738271969571	1738271970188	OK	 
REQUEST		Get All Benefits	1738271968729	1738271970204	OK	 
REQUEST		Get All Benefits	1738271969570	1738271970266	OK	 
REQUEST		Get All Benefits	1738271969605	1738271970267	OK	 
REQUEST		Get All Benefits	1738271969759	1738271970268	OK	 
REQUEST		Get All Benefits	1738271969805	1738271970270	OK	 
REQUEST		Get All Benefits	1738271969031	1738271970288	OK	 
REQUEST		Get All Benefits	1738271969634	1738271970299	OK	 
REQUEST		Get All Benefits	1738271969570	1738271970354	OK	 
REQUEST		Get All Benefits	1738271969914	1738271970371	OK	 
REQUEST		Get All Benefits	1738271969940	1738271970450	OK	 
REQUEST		Get All Benefits	1738271969657	1738271970454	OK	 
REQUEST		Get All Benefits	1738271970077	1738271970618	OK	 
REQUEST		Get All Benefits	1738271970080	1738271970650	OK	 
REQUEST		Get All Benefits	1738271970223	1738271970650	OK	 
REQUEST		Get All Benefits	1738271970224	1738271970891	OK	 
REQUEST		Get All Benefits	1738271970496	1738271970899	OK	 
REQUEST		Get All Benefits	1738271970360	1738271970907	OK	 
REQUEST		Get All Benefits	1738271970392	1738271970953	OK	 
REQUEST		Get All Benefits	1738271970538	1738271970956	OK	 
REQUEST		Get All Benefits	1738271970578	1738271971162	OK	 
REQUEST		Get All Benefits	1738271970771	1738271971190	OK	 
REQUEST		Get All Benefits	1738271970824	1738271971279	OK	 
REQUEST		Get All Benefits	1738271970771	1738271971343	OK	 
REQUEST		Get All Benefits	1738271970983	1738271971402	OK	 
REQUEST		Get All Benefits	1738271970822	1738271971464	OK	 
REQUEST		Get All Benefits	1738271971106	1738271971493	OK	 
REQUEST		Get All Benefits	1738271970984	1738271971561	OK	 
REQUEST		Get All Benefits	1738271971132	1738271971705	OK	 
REQUEST		Get All Benefits	1738271971287	1738271971877	OK	 
REQUEST		Get All Benefits	1738271971458	1738271971879	OK	 
REQUEST		Get All Benefits	1738271971572	1738271971967	OK	 
REQUEST		Get All Benefits	1738271971418	1738271972058	OK	 
REQUEST		Get All Benefits	1738271971418	1738271972062	OK	 
REQUEST		Get All Benefits	1738271971572	1738271972124	OK	 
REQUEST		Get All Benefits	1738271971890	1738271972312	OK	 
REQUEST		Get All Benefits	1738271972004	1738271972393	OK	 
REQUEST		Get All Benefits	1738271971837	1738271972424	OK	 
REQUEST		Get All Benefits	1738271971837	1738271972439	OK	 
REQUEST		Get All Benefits	1738271971862	1738271972452	OK	 
REQUEST		Get All Benefits	1738271972167	1738271972836	OK	 
REQUEST		Get All Benefits	1738271972433	1738271972840	OK	 
REQUEST		Get All Benefits	1738271972193	1738271972843	OK	 
REQUEST		Get All Benefits	1738271972463	1738271972864	OK	 
REQUEST		Get All Benefits	1738271972320	1738271972904	OK	 
REQUEST		Get All Benefits	1738271972334	1738271972915	OK	 
REQUEST		Get Cover Types By Product Id	1738271967207	1738271972962	OK	 
REQUEST		Get Cover Types By Product Id	1738271972320	1738271973016	OK	 
REQUEST		Get All Benefits	1738271972731	1738271973143	OK	 
REQUEST		Get All Benefits	1738271972598	1738271973153	OK	 
REQUEST		Get All Benefits	1738271972598	1738271973164	OK	 
REQUEST		Get All Benefits	1738271972672	1738271973213	OK	 
REQUEST		Get All Benefits	1738271972931	1738271973351	OK	 
REQUEST		Get All Benefits	1738271972974	1738271973438	OK	 
REQUEST		Get All Benefits	1738271973100	1738271973492	OK	 
REQUEST		Get All Benefits	1738271972956	1738271973570	OK	 
REQUEST		Get Valuers	1738271973417	1738271973656	OK	 
REQUEST		Get Cover Types By Product Id	1738271972994	1738271973669	OK	 
REQUEST		Get Cover Types By Product Id	1738271972995	1738271973671	OK	 
REQUEST		Get All Benefits	1738271973114	1738271973678	OK	 
REQUEST		Get Cover Types By Product Id	1738271973022	1738271973684	OK	 
REQUEST		Get Cover Types By Product Id	1738271973025	1738271973757	OK	 
REQUEST		Get Cover Types By Product Id	1738271973024	1738271973757	OK	 
REQUEST		Get Cover Types By Product Id	1738271973022	1738271973758	OK	 
REQUEST		Get Cover Types By Product Id	1738271973024	1738271973785	OK	 
REQUEST		Get All Benefits	1738271973353	1738271973924	OK	 
REQUEST		Get All Benefits	1738271973353	1738271973924	OK	 
REQUEST		Get Valuers	1738271973539	1738271973943	OK	 
REQUEST		Get All Benefits	1738271973415	1738271974035	OK	 
REQUEST		Get All Benefits	1738271973414	1738271974034	OK	 
REQUEST		Get All Benefits	1738271973536	1738271974040	OK	 
REQUEST		Get Valuers	1738271973859	1738271974099	OK	 
REQUEST		Get Valuers	1738271973779	1738271974166	OK	 
REQUEST		Get All Benefits	1738271973541	1738271974167	OK	 
REQUEST		Get Valuers	1738271973799	1738271974170	OK	 
REQUEST		Get Valuers	1738271974069	1738271974281	OK	 
REQUEST		Get Valuers	1738271974072	1738271974312	OK	 
REQUEST		Get Valuers	1738271973935	1738271974332	OK	 
REQUEST		Get All Benefits	1738271973877	1738271974355	OK	 
REQUEST		Get All Benefits	1738271973877	1738271974388	OK	 
REQUEST		Get All Benefits	1738271973877	1738271974394	OK	 
REQUEST		Get All Benefits	1738271973955	1738271974414	OK	 
REQUEST		Get All Benefits	1738271973877	1738271974522	OK	 
REQUEST		Get All Benefits	1738271973985	1738271974575	OK	 
REQUEST		Get All Benefits	1738271974284	1738271974717	OK	 
REQUEST		Get Valuers	1738271974396	1738271974765	OK	 
REQUEST		Get All Benefits	1738271974262	1738271974817	OK	 
REQUEST		Get Valuers	1738271974671	1738271974876	OK	 
REQUEST		Get Valuers	1738271974589	1738271974938	OK	 
REQUEST		Get All Benefits	1738271974447	1738271975007	OK	 
REQUEST		Get Valuers	1738271974671	1738271975058	OK	 
REQUEST		Get Valuers	1738271974695	1738271975060	OK	 
REQUEST		Get Valuers	1738271974754	1738271975273	OK	 
REQUEST		Get All Benefits	1738271974817	1738271975396	OK	 
REQUEST		Get All Benefits	1738271974671	1738271975406	OK	 
REQUEST		Get Valuers	1738271974780	1738271975441	OK	 
REQUEST		Get All Benefits	1738271974968	1738271975543	OK	 
REQUEST		Get Valuers	1738271975270	1738271975543	OK	 
REQUEST		Get Valuers	1738271975191	1738271975546	OK	 
REQUEST		Get Valuers	1738271975272	1738271975549	OK	 
REQUEST		Get All Benefits	1738271974967	1738271975553	OK	 
REQUEST		Get Valuers	1738271975373	1738271975594	OK	 
REQUEST		Get Valuers	1738271975269	1738271975665	OK	 
REQUEST		Get Valuers	1738271975301	1738271975668	OK	 
REQUEST		Get Valuers	1738271975269	1738271975669	OK	 
REQUEST		Get Valuers	1738271975290	1738271975669	OK	 
REQUEST		Get Valuers	1738271975452	1738271975673	OK	 
REQUEST		Get Valuers	1738271974967	1738271975714	OK	 
REQUEST		Get All Benefits	1738271975140	1738271975714	OK	 
REQUEST		Get Valuers	1738271975207	1738271975723	OK	 
REQUEST		Get Valuers	1738271975356	1738271975724	OK	 
REQUEST		Get Valuers	1738271975456	1738271975834	OK	 
REQUEST		Get Valuers	1738271975652	1738271975875	OK	 
REQUEST		Get Valuers	1738271975620	1738271976028	OK	 
REQUEST		Get Valuers	1738271975652	1738271976028	OK	 
REQUEST		Get Valuers	1738271975901	1738271976098	OK	 
REQUEST		Get Valuers	1738271975958	1738271976154	OK	 
REQUEST		Get Valuers	1738271975894	1738271976263	OK	 
REQUEST		Get Valuers	1738271975909	1738271976265	OK	 
REQUEST		Get Valuers	1738271975956	1738271976315	OK	 
REQUEST		Get Valuers	1738271976193	1738271976385	OK	 
REQUEST		Get Valuers	1738271976282	1738271976477	OK	 
REQUEST		Get Valuers	1738271976165	1738271976549	OK	 
REQUEST		Get Valuers	1738271976403	1738271976598	OK	 
REQUEST		Get Valuers	1738271976495	1738271976688	OK	 
REQUEST		Get Valuers	1738271976344	1738271976729	OK	 
REQUEST		Get Valuers	1738271976467	1738271976817	OK	 
REQUEST		Get Valuers	1738271976564	1738271976918	OK	 
REQUEST		Get Valuers	1738271976708	1738271977053	OK	 
REQUEST		Get Valuers	1738271976880	1738271977077	OK	 
REQUEST		Get Valuers	1738271976970	1738271977163	OK	 
REQUEST		Get Valuers	1738271976879	1738271977228	OK	 
REQUEST		Get Valuers	1738271977060	1738271977409	OK	 
REQUEST		Get Valuers	1738271977064	1738271977466	OK	 
REQUEST		Get Valuers	1738271977126	1738271977501	OK	 
REQUEST		Get Valuers	1738271977315	1738271977516	OK	 
REQUEST		Get Valuers	1738271977396	1738271977608	OK	 
REQUEST		Get Valuers	1738271977454	1738271977818	OK	 
REQUEST		Get Valuers	1738271977442	1738271977819	OK	 
REQUEST		Get Valuers	1738271977427	1738271977830	OK	 
REQUEST		Get Valuers	1738271977843	1738271978072	OK	 
REQUEST		Get Valuers	1738271977865	1738271978074	OK	 
REQUEST		Get Valuers	1738271977838	1738271978234	OK	 
REQUEST		Get Valuers	1738271977845	1738271978240	OK	 
REQUEST		Get Valuers	1738271977906	1738271978262	OK	 
REQUEST		Get Valuers	1738271977917	1738271978272	OK	 
REQUEST		Get Valuers	1738271978146	1738271978358	OK	 
REQUEST		Get All Benefits	1738271978019	1738271978444	OK	 
REQUEST		Get All Benefits	1738271977965	1738271978535	OK	 
REQUEST		Get Valuers	1738271978155	1738271978535	OK	 
REQUEST		Get Valuers	1738271978166	1738271978535	OK	 
REQUEST		Get Valuers	1738271978354	1738271978549	OK	 
REQUEST		Get Valuers	1738271978216	1738271978561	OK	 
REQUEST		Get Valuers	1738271978440	1738271978664	OK	 
REQUEST		Get Valuers	1738271978494	1738271978687	OK	 
REQUEST		Get Mandatory Documents	1738271978659	1738271978838	OK	 
REQUEST		Get Valuers	1738271978573	1738271978965	OK	 
REQUEST		Get Valuers	1738271978680	1738271979058	OK	 
REQUEST		Get All Benefits	1738271978672	1738271979135	OK	 
REQUEST		Get Mandatory Documents	1738271978946	1738271979161	OK	 
REQUEST		Get All Benefits	1738271978760	1738271979188	OK	 
REQUEST		Get All Benefits	1738271978759	1738271979252	OK	 
REQUEST		Get Valuers	1738271979042	1738271979269	OK	 
REQUEST		Get All Benefits	1738271978686	1738271979285	OK	 
REQUEST		Get All Benefits	1738271978672	1738271979287	OK	 
REQUEST		Get Mandatory Documents	1738271979102	1738271979297	OK	 
REQUEST		Get Valuers	1738271978926	1738271979337	OK	 
REQUEST		Get Valuers	1738271978926	1738271979340	OK	 
REQUEST		Get All Benefits	1738271978787	1738271979356	OK	 
REQUEST		Get Mandatory Documents	1738271979172	1738271979374	OK	 
REQUEST		Get Mandatory Documents	1738271979168	1738271979396	OK	 
REQUEST		Get All Benefits	1738271978759	1738271979410	OK	 
REQUEST		Get Valuers	1738271979036	1738271979430	OK	 
REQUEST		Get Valuers	1738271979037	1738271979434	OK	 
REQUEST		Get Mandatory Documents	1738271979284	1738271979460	OK	 
REQUEST		Get Mandatory Documents	1738271979314	1738271979497	OK	 
REQUEST		Get Mandatory Documents	1738271979335	1738271979512	OK	 
REQUEST		Get Valuers	1738271979356	1738271979570	OK	 
REQUEST		Get Valuers	1738271979168	1738271979571	OK	 
REQUEST		Get Valuers	1738271979396	1738271979594	OK	 
REQUEST		Get Valuers	1738271979389	1738271979615	OK	 
REQUEST		Get Valuers	1738271979417	1738271979634	OK	 
REQUEST		Get Valuers	1738271979523	1738271979922	OK	 
REQUEST		Get Valuers	1738271979578	1738271979922	OK	 
REQUEST		Get Valuers	1738271979719	1738271979922	OK	 
REQUEST		Get Mandatory Documents	1738271979879	1738271980056	OK	 
REQUEST		Get Mandatory Documents	1738271979768	1738271980113	OK	 
REQUEST		Get Valuers	1738271979820	1738271980190	OK	 
REQUEST		Get Mandatory Documents	1738271980062	1738271980239	OK	 
REQUEST		Get Mandatory Documents	1738271979942	1738271980335	OK	 
REQUEST		Get Valuers	1738271980010	1738271980361	OK	 
REQUEST		Get Mandatory Documents	1738271980060	1738271980397	OK	 
REQUEST		Get Mandatory Documents	1738271980275	1738271980625	OK	 
REQUEST		Get Mandatory Documents	1738271980545	1738271980768	OK	 
REQUEST		Get Mandatory Documents	1738271980548	1738271980770	OK	 
REQUEST		Get Mandatory Documents	1738271980551	1738271980770	OK	 
REQUEST		Get Valuers	1738271980398	1738271980775	OK	 
REQUEST		Get Mandatory Documents	1738271980596	1738271980777	OK	 
REQUEST		Get Valuers	1738271980408	1738271980778	OK	 
REQUEST		Get Mandatory Documents	1738271980442	1738271980793	OK	 
REQUEST		Get Mandatory Documents	1738271980671	1738271980879	OK	 
REQUEST		Get Mandatory Documents	1738271980670	1738271980881	OK	 
REQUEST		Get Mandatory Documents	1738271980671	1738271980887	OK	 
REQUEST		Get Mandatory Documents	1738271980668	1738271980902	OK	 
REQUEST		Get Mandatory Documents	1738271980675	1738271980902	OK	 
REQUEST		Get Valuers	1738271980545	1738271980937	OK	 
REQUEST		Get Valuers	1738271980555	1738271980952	OK	 
REQUEST		Get Mandatory Documents	1738271980727	1738271980955	OK	 
REQUEST		Get Mandatory Documents	1738271980836	1738271981011	OK	 
REQUEST		Get Mandatory Documents	1738271980878	1738271981076	OK	 
REQUEST		Get Mandatory Documents	1738271980716	1738271981096	OK	 
REQUEST		Get Mandatory Documents	1738271980726	1738271981107	OK	 
REQUEST		Get Valuers	1738271980717	1738271981108	OK	 
REQUEST		Get Mandatory Documents	1738271981030	1738271981234	OK	 
REQUEST		Get Mandatory Documents	1738271981030	1738271981256	OK	 
REQUEST		Get Mandatory Documents	1738271981100	1738271981279	OK	 
REQUEST		Get Mandatory Documents	1738271981156	1738271981352	OK	 
REQUEST		Get Mandatory Documents	1738271981266	1738271981451	OK	 
REQUEST		Get Mandatory Documents	1738271981266	1738271981462	OK	 
REQUEST		Get Mandatory Documents	1738271981317	1738271981521	OK	 
REQUEST		Get Mandatory Documents	1738271981387	1738271981562	OK	 
REQUEST		Get Mandatory Documents	1738271981479	1738271981666	OK	 
REQUEST		Get Mandatory Documents	1738271981552	1738271981730	OK	 
REQUEST		Get Mandatory Documents	1738271981601	1738271981779	OK	 
REQUEST		Get Mandatory Documents	1738271981690	1738271981879	OK	 
REQUEST		Get Mandatory Documents	1738271981732	1738271981909	OK	 
REQUEST		Get Mandatory Documents	1738271981820	1738271982011	OK	 
REQUEST		Get Mandatory Documents	1738271981921	1738271982137	OK	 
REQUEST		Get Mandatory Documents	1738271982056	1738271982265	OK	 
REQUEST		Get Mandatory Documents	1738271982079	1738271982267	OK	 
REQUEST		Get Mandatory Documents	1738271982165	1738271982348	OK	 
REQUEST		Get Mandatory Documents	1738271982231	1738271982437	OK	 
REQUEST		Get Mandatory Documents	1738271982410	1738271982585	OK	 
REQUEST		Get Mandatory Documents	1738271982468	1738271982660	OK	 
REQUEST		Get Mandatory Documents	1738271982504	1738271982678	OK	 
REQUEST		Get Mandatory Documents	1738271982518	1738271982736	OK	 
REQUEST		Get Mandatory Documents	1738271982611	1738271982795	OK	 
REQUEST		Get Mandatory Documents	1738271982833	1738271983051	OK	 
REQUEST		Get Mandatory Documents	1738271982821	1738271983074	OK	 
REQUEST		Get Mandatory Documents	1738271982821	1738271983074	OK	 
REQUEST		Get Mandatory Documents	1738271983075	1738271983276	OK	 
REQUEST		Get Mandatory Documents	1738271983076	1738271983283	OK	 
REQUEST		Get Mandatory Documents	1738271983236	1738271983464	OK	 
REQUEST		Get Mandatory Documents	1738271983274	1738271983470	OK	 
REQUEST		Get Mandatory Documents	1738271983265	1738271983488	OK	 
REQUEST		Get Mandatory Documents	1738271983241	1738271983490	OK	 
REQUEST		Get Mandatory Documents	1738271983360	1738271983540	OK	 
REQUEST		Get Valuers	1738271983447	1738271983653	OK	 
REQUEST		Get Mandatory Documents	1738271983553	1738271983771	OK	 
REQUEST		Get Mandatory Documents	1738271983563	1738271983774	OK	 
REQUEST		Get Mandatory Documents	1738271983537	1738271983778	OK	 
REQUEST		Get Mandatory Documents	1738271983538	1738271983778	OK	 
REQUEST		Get Mandatory Documents	1738271983666	1738271983856	OK	 
REQUEST		Get Mandatory Documents	1738271983690	1738271983874	OK	 
REQUEST		Get Valuers	1738271983537	1738271983934	OK	 
REQUEST		Get Outstanding Premiums	1738271983840	1738271984067	OK	 
USER	Test API with Authentication	END	1738271984083
REQUEST		Get Mandatory Documents	1738271983967	1738271984151	OK	 
REQUEST		Get Mandatory Documents	1738271984060	1738271984242	OK	 
REQUEST		Get Valuers	1738271984137	1738271984365	OK	 
REQUEST		Get Outstanding Premiums	1738271984164	1738271984367	OK	 
USER	Test API with Authentication	END	1738271984370
REQUEST		Get Valuers	1738271984191	1738271984383	OK	 
REQUEST		Get Valuers	1738271984254	1738271984450	OK	 
REQUEST		Get Mandatory Documents	1738271984271	1738271984473	OK	 
REQUEST		Get Outstanding Premiums	1738271984299	1738271984477	OK	 
USER	Test API with Authentication	END	1738271984478
REQUEST		Get Mandatory Documents	1738271984339	1738271984551	OK	 
REQUEST		Get Outstanding Premiums	1738271984374	1738271984574	OK	 
USER	Test API with Authentication	END	1738271984575
REQUEST		Get Mandatory Documents	1738271984341	1738271984578	OK	 
REQUEST		Get Outstanding Premiums	1738271984398	1738271984587	OK	 
USER	Test API with Authentication	END	1738271984588
REQUEST		Get Mandatory Documents	1738271984431	1738271984608	OK	 
REQUEST		Get Mandatory Documents	1738271984435	1738271984667	OK	 
REQUEST		Get Valuers	1738271984286	1738271984669	OK	 
REQUEST		Get Outstanding Premiums	1738271984462	1738271984669	OK	 
USER	Test API with Authentication	END	1738271984669
REQUEST		Get Outstanding Premiums	1738271984499	1738271984679	OK	 
USER	Test API with Authentication	END	1738271984679
REQUEST		Get Valuers	1738271984289	1738271984682	OK	 
REQUEST		Get Outstanding Premiums	1738271984514	1738271984692	OK	 
USER	Test API with Authentication	END	1738271984693
REQUEST		Get Valuers	1738271984358	1738271984724	OK	 
REQUEST		Get Mandatory Documents	1738271984573	1738271984748	OK	 
REQUEST		Get Mandatory Documents	1738271984573	1738271984752	OK	 
REQUEST		Get Mandatory Documents	1738271984596	1738271984778	OK	 
REQUEST		Get Mandatory Documents	1738271984616	1738271984842	OK	 
REQUEST		Get Mandatory Documents	1738271984636	1738271984853	OK	 
REQUEST		Get Mandatory Documents	1738271984925	1738271985129	OK	 
REQUEST		Get Mandatory Documents	1738271984924	1738271985131	OK	 
REQUEST		Get Mandatory Documents	1738271984924	1738271985141	OK	 
REQUEST		Get Valuers	1738271984412	1738271985210	OK	 
REQUEST		Get Outstanding Premiums	1738271985059	1738271985262	OK	 
USER	Test API with Authentication	END	1738271985264
REQUEST		Get Outstanding Premiums	1738271985116	1738271985296	OK	 
USER	Test API with Authentication	END	1738271985297
REQUEST		Get Mandatory Documents	1738271985192	1738271985369	OK	 
REQUEST		Get Outstanding Premiums	1738271985241	1738271985432	OK	 
USER	Test API with Authentication	END	1738271985433
REQUEST		Get Outstanding Premiums	1738271985338	1738271985512	OK	 
USER	Test API with Authentication	END	1738271985514
REQUEST		Get Mandatory Documents	1738271985363	1738271985567	OK	 
REQUEST		Get Outstanding Premiums	1738271985398	1738271985572	OK	 
USER	Test API with Authentication	END	1738271985572
REQUEST		Get Outstanding Premiums	1738271985627	1738271985803	OK	 
USER	Test API with Authentication	END	1738271985804
REQUEST		Get Outstanding Premiums	1738271985771	1738271985950	OK	 
USER	Test API with Authentication	END	1738271985950
REQUEST		Get Outstanding Premiums	1738271985771	1738271985952	OK	 
REQUEST		Get Outstanding Premiums	1738271985772	1738271985952	OK	 
USER	Test API with Authentication	END	1738271985952
USER	Test API with Authentication	END	1738271985952
REQUEST		Get Outstanding Premiums	1738271985779	1738271985955	OK	 
USER	Test API with Authentication	END	1738271985955
REQUEST		Get Mandatory Documents	1738271985777	1738271985971	OK	 
REQUEST		Get Outstanding Premiums	1738271985795	1738271985974	OK	 
USER	Test API with Authentication	END	1738271985974
REQUEST		Get Outstanding Premiums	1738271985881	1738271986052	OK	 
USER	Test API with Authentication	END	1738271986053
REQUEST		Get Outstanding Premiums	1738271985882	1738271986055	OK	 
USER	Test API with Authentication	END	1738271986056
REQUEST		Get Outstanding Premiums	1738271985889	1738271986063	OK	 
USER	Test API with Authentication	END	1738271986063
REQUEST		Get Outstanding Premiums	1738271985903	1738271986085	OK	 
REQUEST		Get Outstanding Premiums	1738271985903	1738271986085	OK	 
USER	Test API with Authentication	END	1738271986085
USER	Test API with Authentication	END	1738271986085
REQUEST		Get Mandatory Documents	1738271985779	1738271986112	OK	 
REQUEST		Get Outstanding Premiums	1738271985957	1738271986163	OK	 
USER	Test API with Authentication	END	1738271986163
REQUEST		Get Outstanding Premiums	1738271986013	1738271986204	OK	 
USER	Test API with Authentication	END	1738271986205
REQUEST		Get Outstanding Premiums	1738271986077	1738271986253	OK	 
USER	Test API with Authentication	END	1738271986254
REQUEST		Get Outstanding Premiums	1738271986098	1738271986270	OK	 
USER	Test API with Authentication	END	1738271986271
REQUEST		Get Mandatory Documents	1738271985938	1738271986278	OK	 
REQUEST		Get Outstanding Premiums	1738271986108	1738271986278	OK	 
USER	Test API with Authentication	END	1738271986279
REQUEST		Get Mandatory Documents	1738271985954	1738271986329	OK	 
REQUEST		Get Outstanding Premiums	1738271986237	1738271986408	OK	 
USER	Test API with Authentication	END	1738271986409
REQUEST		Get Outstanding Premiums	1738271986282	1738271986464	OK	 
REQUEST		Get Mandatory Documents	1738271986110	1738271986464	OK	 
REQUEST		Get Outstanding Premiums	1738271986259	1738271986464	OK	 
USER	Test API with Authentication	END	1738271986465
USER	Test API with Authentication	END	1738271986465
REQUEST		Get Outstanding Premiums	1738271986354	1738271986529	OK	 
USER	Test API with Authentication	END	1738271986531
REQUEST		Get Outstanding Premiums	1738271986454	1738271986636	OK	 
REQUEST		Get Outstanding Premiums	1738271986464	1738271986636	OK	 
USER	Test API with Authentication	END	1738271986638
USER	Test API with Authentication	END	1738271986638
REQUEST		Get Outstanding Premiums	1738271986524	1738271986698	OK	 
USER	Test API with Authentication	END	1738271986698
REQUEST		Get Outstanding Premiums	1738271986565	1738271986769	OK	 
USER	Test API with Authentication	END	1738271986770
REQUEST		Get Outstanding Premiums	1738271986668	1738271986851	OK	 
USER	Test API with Authentication	END	1738271986853
REQUEST		Get Outstanding Premiums	1738271986733	1738271986934	OK	 
USER	Test API with Authentication	END	1738271986935
REQUEST		Get Outstanding Premiums	1738271986781	1738271986955	OK	 
USER	Test API with Authentication	END	1738271986956
REQUEST		Get Outstanding Premiums	1738271986882	1738271987083	OK	 
USER	Test API with Authentication	END	1738271987084
REQUEST		Get Outstanding Premiums	1738271986910	1738271987099	OK	 
USER	Test API with Authentication	END	1738271987100
REQUEST		Get Outstanding Premiums	1738271987012	1738271987187	OK	 
USER	Test API with Authentication	END	1738271987188
REQUEST		Get Outstanding Premiums	1738271987139	1738271987317	OK	 
USER	Test API with Authentication	END	1738271987318
REQUEST		Get Outstanding Premiums	1738271987267	1738271987440	OK	 
USER	Test API with Authentication	END	1738271987442
REQUEST		Get Outstanding Premiums	1738271987269	1738271987443	OK	 
USER	Test API with Authentication	END	1738271987444
REQUEST		Get Outstanding Premiums	1738271987349	1738271987533	OK	 
USER	Test API with Authentication	END	1738271987534
REQUEST		Get Outstanding Premiums	1738271987439	1738271987614	OK	 
USER	Test API with Authentication	END	1738271987615
REQUEST		Get Outstanding Premiums	1738271987587	1738271987774	OK	 
USER	Test API with Authentication	END	1738271987776
REQUEST		Get Outstanding Premiums	1738271987662	1738271987839	OK	 
USER	Test API with Authentication	END	1738271987840
REQUEST		Get Outstanding Premiums	1738271987680	1738271987852	OK	 
USER	Test API with Authentication	END	1738271987853
REQUEST		Get Outstanding Premiums	1738271987738	1738271987914	OK	 
USER	Test API with Authentication	END	1738271987915
REQUEST		Get Outstanding Premiums	1738271987797	1738271987971	OK	 
USER	Test API with Authentication	END	1738271987973
REQUEST		Get Outstanding Premiums	1738271988053	1738271988262	OK	 
REQUEST		Get Outstanding Premiums	1738271988076	1738271988264	OK	 
REQUEST		Get Outstanding Premiums	1738271988076	1738271988264	OK	 
USER	Test API with Authentication	END	1738271988265
USER	Test API with Authentication	END	1738271988265
USER	Test API with Authentication	END	1738271988266
REQUEST		Get Outstanding Premiums	1738271988277	1738271988455	OK	 
REQUEST		Get Outstanding Premiums	1738271988285	1738271988457	OK	 
USER	Test API with Authentication	END	1738271988457
USER	Test API with Authentication	END	1738271988458
REQUEST		Get Outstanding Premiums	1738271988466	1738271988645	OK	 
USER	Test API with Authentication	END	1738271988647
REQUEST		Get Outstanding Premiums	1738271988472	1738271988648	OK	 
USER	Test API with Authentication	END	1738271988648
REQUEST		Get Outstanding Premiums	1738271988490	1738271988670	OK	 
USER	Test API with Authentication	END	1738271988671
REQUEST		Get Outstanding Premiums	1738271988492	1738271988674	OK	 
USER	Test API with Authentication	END	1738271988675
REQUEST		Get Outstanding Premiums	1738271988543	1738271988756	OK	 
USER	Test API with Authentication	END	1738271988758
REQUEST		Get Mandatory Documents	1738271988654	1738271988904	OK	 
REQUEST		Get Outstanding Premiums	1738271988775	1738271988984	OK	 
USER	Test API with Authentication	END	1738271988985
REQUEST		Get Outstanding Premiums	1738271988780	1738271988988	OK	 
USER	Test API with Authentication	END	1738271988989
REQUEST		Get Outstanding Premiums	1738271988774	1738271988994	OK	 
REQUEST		Get Outstanding Premiums	1738271988779	1738271988994	OK	 
USER	Test API with Authentication	END	1738271988994
USER	Test API with Authentication	END	1738271988995
REQUEST		Get Outstanding Premiums	1738271988858	1738271989054	OK	 
USER	Test API with Authentication	END	1738271989055
REQUEST		Get Outstanding Premiums	1738271988877	1738271989067	OK	 
USER	Test API with Authentication	END	1738271989069
REQUEST		Get Outstanding Premiums	1738271989154	1738271989338	OK	 
USER	Test API with Authentication	END	1738271989340
REQUEST		Get Outstanding Premiums	1738271989245	1738271989449	OK	 
USER	Test API with Authentication	END	1738271989451
REQUEST		Get Mandatory Documents	1738271989368	1738271989551	OK	 
REQUEST		Get Mandatory Documents	1738271989385	1738271989573	OK	 
REQUEST		Get Outstanding Premiums	1738271989476	1738271989650	OK	 
REQUEST		Get Mandatory Documents	1738271989452	1738271989650	OK	 
USER	Test API with Authentication	END	1738271989651
REQUEST		Get Outstanding Premiums	1738271989553	1738271989762	OK	 
REQUEST		Get Outstanding Premiums	1738271989580	1738271989762	OK	 
USER	Test API with Authentication	END	1738271989763
USER	Test API with Authentication	END	1738271989763
REQUEST		Get Outstanding Premiums	1738271989610	1738271989798	OK	 
USER	Test API with Authentication	END	1738271989799
REQUEST		Get Mandatory Documents	1738271989670	1738271989853	OK	 
REQUEST		Get Outstanding Premiums	1738271989670	1738271989870	OK	 
USER	Test API with Authentication	END	1738271989871
REQUEST		Get Mandatory Documents	1738271988936	1738271989871	OK	 
REQUEST		Get Mandatory Documents	1738271989684	1738271989877	OK	 
REQUEST		Get Mandatory Documents	1738271989726	1738271989924	OK	 
REQUEST		Get Outstanding Premiums	1738271989751	1738271989930	OK	 
REQUEST		Get Outstanding Premiums	1738271989754	1738271989930	OK	 
USER	Test API with Authentication	END	1738271989931
USER	Test API with Authentication	END	1738271989931
REQUEST		Get Outstanding Premiums	1738271989780	1738271989951	OK	 
USER	Test API with Authentication	END	1738271989952
REQUEST		Get Outstanding Premiums	1738271989844	1738271990018	OK	 
USER	Test API with Authentication	END	1738271990018
REQUEST		Get Outstanding Premiums	1738271989855	1738271990063	OK	 
USER	Test API with Authentication	END	1738271990064
REQUEST		Get Outstanding Premiums	1738271990132	1738271990312	OK	 
REQUEST		Get Outstanding Premiums	1738271990132	1738271990312	OK	 
USER	Test API with Authentication	END	1738271990313
USER	Test API with Authentication	END	1738271990313
REQUEST		Get Outstanding Premiums	1738271990144	1738271990316	OK	 
USER	Test API with Authentication	END	1738271990317
REQUEST		Get Mandatory Documents	1738271990212	1738271990426	OK	 
REQUEST		Get Outstanding Premiums	1738271990372	1738271990546	OK	 
USER	Test API with Authentication	END	1738271990549
REQUEST		Get Outstanding Premiums	1738271990569	1738271990751	OK	 
USER	Test API with Authentication	END	1738271990753
REQUEST		Get Outstanding Premiums	1738271990973	1738271991147	OK	 
USER	Test API with Authentication	END	1738271991150
REQUEST		Get Outstanding Premiums	1738271991114	1738271991294	OK	 
USER	Test API with Authentication	END	1738271991296
REQUEST		Get Outstanding Premiums	1738271991280	1738271991455	OK	 
USER	Test API with Authentication	END	1738271991456
REQUEST		Get Outstanding Premiums	1738271991332	1738271991504	OK	 
USER	Test API with Authentication	END	1738271991505
REQUEST		Get Outstanding Premiums	1738271991467	1738271991639	OK	 
USER	Test API with Authentication	END	1738271991641
REQUEST		Get Outstanding Premiums	1738271993906	1738271994081	OK	 
USER	Test API with Authentication	END	1738271994083
REQUEST		Get Outstanding Premiums	1738271994553	1738271994728	OK	 
USER	Test API with Authentication	END	1738271994729
REQUEST		Get Outstanding Premiums	1738271994576	1738271994761	OK	 
USER	Test API with Authentication	END	1738271994763
REQUEST		Get Outstanding Premiums	1738271994652	1738271994854	OK	 
USER	Test API with Authentication	END	1738271994855
REQUEST		Get Outstanding Premiums	1738271994855	1738271995032	OK	 
USER	Test API with Authentication	END	1738271995034
REQUEST		Get Outstanding Premiums	1738271994873	1738271995046	OK	 
USER	Test API with Authentication	END	1738271995047
REQUEST		Get Outstanding Premiums	1738271994879	1738271995056	OK	 
USER	Test API with Authentication	END	1738271995056
REQUEST		Get Outstanding Premiums	1738271994926	1738271995101	OK	 
USER	Test API with Authentication	END	1738271995101
REQUEST		Get Outstanding Premiums	1738271995428	1738271995633	OK	 
USER	Test API with Authentication	END	1738271995634
