RUN	simulations.BasicSimulation	basicsimulation	1738246406078	 	3.9.5
USER	Test API with Authentication	START	1738246408953
USER	Test API with Authentication	START	1738246408952
USER	Test API with Authentication	START	1738246408952
USER	Test API with Authentication	START	1738246408952
USER	Test API with Authentication	START	1738246408952
USER	Test API with Authentication	START	1738246408952
USER	Test API with Authentication	START	1738246408953
USER	Test API with Authentication	START	1738246408952
USER	Test API with Authentication	START	1738246408953
USER	Test API with Authentication	START	1738246408953
REQUEST		Authenticate	1738246408641	1738246409651	KO	status.find.in([200, 209], 304), found 404
REQUEST		Authenticate	1738246408641	1738246409645	KO	status.find.in([200, 209], 304), found 404
REQUEST		Authenticate	1738246408641	1738246409651	KO	status.find.in([200, 209], 304), found 404
REQUEST		Authenticate	1738246408641	1738246409666	KO	status.find.in([200, 209], 304), found 404
REQUEST		Authenticate	1738246408641	1738246409651	KO	status.find.in([200, 209], 304), found 404
REQUEST		Authenticate	1738246408641	1738246409661	KO	status.find.in([200, 209], 304), found 404
REQUEST		Authenticate	1738246408641	1738246409648	KO	status.find.in([200, 209], 304), found 404
REQUEST		Authenticate	1738246408641	1738246409658	KO	status.find.in([200, 209], 304), found 404
REQUEST		Authenticate	1738246408641	1738246409658	KO	status.find.in([200, 209], 304), found 404
REQUEST		Authenticate	1738246408641	1738246409658	KO	status.find.in([200, 209], 304), found 404
ERROR	Get Cover Types: Failed to build request: No attribute named 'accessToken' is defined 	1738246414705
ERROR	Get Cover Types: Failed to build request: No attribute named 'accessToken' is defined 	1738246414705
ERROR	Get Cover Types: Failed to build request: No attribute named 'accessToken' is defined 	1738246414705
ERROR	Get Cover Types: Failed to build request: No attribute named 'accessToken' is defined 	1738246414705
ERROR	Get Cover Types: Failed to build request: No attribute named 'accessToken' is defined 	1738246414705
ERROR	Get Cover Types: Failed to build request: No attribute named 'accessToken' is defined 	1738246414705
ERROR	Get Cover Types: Failed to build request: No attribute named 'accessToken' is defined 	1738246414705
ERROR	Get Cover Types: Failed to build request: No attribute named 'accessToken' is defined 	1738246414705
ERROR	Get Cover Types: Failed to build request: No attribute named 'accessToken' is defined 	1738246414705
ERROR	Get Cover Types: Failed to build request: No attribute named 'accessToken' is defined 	1738246414705
USER	Test API with Authentication	END	1738246419717
USER	Test API with Authentication	END	1738246419717
USER	Test API with Authentication	END	1738246419718
USER	Test API with Authentication	END	1738246419718
USER	Test API with Authentication	END	1738246419718
USER	Test API with Authentication	END	1738246419718
USER	Test API with Authentication	END	1738246419718
USER	Test API with Authentication	END	1738246419718
USER	Test API with Authentication	END	1738246419718
USER	Test API with Authentication	END	1738246419718
