RUN	simulations.BasicSimulation	basicsimulation	1738271358184	 	3.9.5
USER	Test API with Authentication	START	1738271359325
USER	Test API with Authentication	START	1738271359325
USER	Test API with Authentication	START	1738271359326
USER	Test API with Authentication	START	1738271359326
USER	Test API with Authentication	START	1738271359326
USER	Test API with Authentication	START	1738271359326
USER	Test API with Authentication	START	1738271359326
USER	Test API with Authentication	START	1738271359327
USER	Test API with Authentication	START	1738271359327
USER	Test API with Authentication	START	1738271359327
USER	Test API with Authentication	START	1738271359324
USER	Test API with Authentication	START	1738271359325
USER	Test API with Authentication	START	1738271359327
USER	Test API with Authentication	START	1738271359327
USER	Test API with Authentication	START	1738271359327
USER	Test API with Authentication	START	1738271359327
USER	Test API with Authentication	START	1738271359327
USER	Test API with Authentication	START	1738271359327
USER	Test API with Authentication	START	1738271359328
USER	Test API with Authentication	START	1738271359328
USER	Test API with Authentication	START	1738271359328
USER	Test API with Authentication	START	1738271359328
USER	Test API with Authentication	START	1738271359328
USER	Test API with Authentication	START	1738271359328
USER	Test API with Authentication	START	1738271359328
USER	Test API with Authentication	START	1738271359328
USER	Test API with Authentication	START	1738271359328
USER	Test API with Authentication	START	1738271359329
USER	Test API with Authentication	START	1738271359329
USER	Test API with Authentication	START	1738271359329
USER	Test API with Authentication	START	1738271359329
USER	Test API with Authentication	START	1738271359329
USER	Test API with Authentication	START	1738271359329
USER	Test API with Authentication	START	1738271359330
USER	Test API with Authentication	START	1738271359330
USER	Test API with Authentication	START	1738271359330
USER	Test API with Authentication	START	1738271359330
USER	Test API with Authentication	START	1738271359330
USER	Test API with Authentication	START	1738271359330
USER	Test API with Authentication	START	1738271359330
USER	Test API with Authentication	START	1738271359330
USER	Test API with Authentication	START	1738271359329
USER	Test API with Authentication	START	1738271359331
USER	Test API with Authentication	START	1738271359331
USER	Test API with Authentication	START	1738271359332
USER	Test API with Authentication	START	1738271359332
USER	Test API with Authentication	START	1738271359332
USER	Test API with Authentication	START	1738271359332
USER	Test API with Authentication	START	1738271359332
USER	Test API with Authentication	START	1738271359332
USER	Test API with Authentication	START	1738271359332
USER	Test API with Authentication	START	1738271359333
USER	Test API with Authentication	START	1738271359333
USER	Test API with Authentication	START	1738271359333
USER	Test API with Authentication	START	1738271359333
USER	Test API with Authentication	START	1738271359333
USER	Test API with Authentication	START	1738271359334
USER	Test API with Authentication	START	1738271359334
USER	Test API with Authentication	START	1738271359334
USER	Test API with Authentication	START	1738271359334
REQUEST		Authenticate	1738271359320	1738271360213	OK	 
REQUEST		Authenticate	1738271359320	1738271360213	OK	 
REQUEST		Authenticate	1738271359327	1738271360409	OK	 
REQUEST		Authenticate	1738271359327	1738271360494	OK	 
REQUEST		Authenticate	1738271359320	1738271360646	OK	 
REQUEST		Authenticate	1738271359328	1738271360703	OK	 
REQUEST		Authenticate	1738271359326	1738271360765	OK	 
REQUEST		Authenticate	1738271359327	1738271360814	OK	 
REQUEST		Authenticate	1738271359327	1738271360897	OK	 
REQUEST		Authenticate	1738271359321	1738271360946	OK	 
REQUEST		Authenticate	1738271359325	1738271361054	OK	 
REQUEST		Authenticate	1738271359320	1738271361078	OK	 
REQUEST		Authenticate	1738271359329	1738271361238	OK	 
REQUEST		Authenticate	1738271359320	1738271361238	OK	 
REQUEST		Authenticate	1738271359321	1738271361320	OK	 
REQUEST		Authenticate	1738271359332	1738271361392	OK	 
REQUEST		Authenticate	1738271359330	1738271361449	OK	 
REQUEST		Authenticate	1738271359327	1738271361548	OK	 
REQUEST		Authenticate	1738271359321	1738271361582	OK	 
REQUEST		Authenticate	1738271359332	1738271361668	OK	 
REQUEST		Authenticate	1738271359330	1738271361715	OK	 
REQUEST		Authenticate	1738271359320	1738271361844	OK	 
REQUEST		Authenticate	1738271359327	1738271361850	OK	 
REQUEST		Authenticate	1738271359328	1738271361942	OK	 
REQUEST		Authenticate	1738271359321	1738271361982	OK	 
REQUEST		Authenticate	1738271359327	1738271362075	OK	 
REQUEST		Authenticate	1738271359320	1738271362153	OK	 
REQUEST		Authenticate	1738271359327	1738271362211	OK	 
REQUEST		Authenticate	1738271359333	1738271362251	OK	 
REQUEST		Authenticate	1738271359330	1738271362377	OK	 
REQUEST		Authenticate	1738271359326	1738271362385	OK	 
REQUEST		Authenticate	1738271359330	1738271362615	OK	 
REQUEST		Authenticate	1738271359332	1738271362618	OK	 
REQUEST		Authenticate	1738271359334	1738271362759	OK	 
REQUEST		Authenticate	1738271359321	1738271362763	OK	 
REQUEST		Authenticate	1738271359325	1738271362867	OK	 
REQUEST		Authenticate	1738271359331	1738271362911	OK	 
REQUEST		Authenticate	1738271359321	1738271363034	OK	 
REQUEST		Authenticate	1738271359328	1738271363049	OK	 
REQUEST		Authenticate	1738271359330	1738271363120	OK	 
REQUEST		Authenticate	1738271359326	1738271363184	OK	 
REQUEST		Authenticate	1738271359328	1738271363283	OK	 
REQUEST		Authenticate	1738271359328	1738271363336	OK	 
REQUEST		Authenticate	1738271359332	1738271363397	OK	 
REQUEST		Authenticate	1738271359329	1738271363469	OK	 
REQUEST		Authenticate	1738271359327	1738271363535	OK	 
REQUEST		Authenticate	1738271359332	1738271363576	OK	 
REQUEST		Authenticate	1738271359334	1738271363657	OK	 
REQUEST		Authenticate	1738271359320	1738271363716	OK	 
REQUEST		Authenticate	1738271359329	1738271363809	OK	 
REQUEST		Authenticate	1738271359332	1738271363846	OK	 
REQUEST		Authenticate	1738271359331	1738271363954	OK	 
REQUEST		Authenticate	1738271359330	1738271363973	OK	 
REQUEST		Authenticate	1738271359332	1738271364088	OK	 
REQUEST		Authenticate	1738271359327	1738271364120	OK	 
REQUEST		Authenticate	1738271359330	1738271364239	OK	 
REQUEST		Authenticate	1738271359333	1738271364239	OK	 
REQUEST		Authenticate	1738271359320	1738271364368	OK	 
REQUEST		Authenticate	1738271359329	1738271364385	OK	 
REQUEST		Authenticate	1738271359321	1738271364439	OK	 
REQUEST		Get Cover Types By Product Id	1738271365282	1738271365967	OK	 
REQUEST		Get Cover Types By Product Id	1738271365282	1738271365974	OK	 
REQUEST		Get Cover Types By Product Id	1738271365416	1738271366109	OK	 
REQUEST		Get Cover Types By Product Id	1738271365496	1738271366215	OK	 
REQUEST		Get Cover Types By Product Id	1738271365651	1738271366344	OK	 
REQUEST		Get Cover Types By Product Id	1738271365708	1738271366418	OK	 
REQUEST		Get Cover Types By Product Id	1738271365769	1738271366513	OK	 
REQUEST		Get Cover Types By Product Id	1738271366397	1738271367119	OK	 
REQUEST		Get Cover Types By Product Id	1738271366454	1738271367166	OK	 
REQUEST		Get Cover Types By Product Id	1738271366553	1738271367249	OK	 
REQUEST		Get Cover Types By Product Id	1738271365818	1738271367549	OK	 
REQUEST		Get Cover Types By Product Id	1738271366853	1738271367585	OK	 
REQUEST		Get Cover Types By Product Id	1738271366946	1738271367635	OK	 
REQUEST		Get Cover Types By Product Id	1738271365949	1738271367639	OK	 
REQUEST		Get Cover Types By Product Id	1738271365900	1738271367656	OK	 
REQUEST		Get Cover Types By Product Id	1738271366081	1738271367746	OK	 
REQUEST		Get Cover Types By Product Id	1738271366057	1738271367766	OK	 
REQUEST		Get Cover Types By Product Id	1738271366242	1738271367927	OK	 
REQUEST		Get Cover Types By Product Id	1738271366242	1738271367937	OK	 
REQUEST		Get Cover Types By Product Id	1738271367255	1738271367938	OK	 
REQUEST		Get Cover Types By Product Id	1738271367214	1738271367943	OK	 
REQUEST		Get Cover Types By Product Id	1738271366323	1738271368013	OK	 
REQUEST		Get Cover Types By Product Id	1738271367619	1738271368313	OK	 
REQUEST		Get Cover Types By Product Id	1738271366587	1738271368314	OK	 
REQUEST		Get Cover Types By Product Id	1738271366674	1738271368367	OK	 
REQUEST		Get Cover Types By Product Id	1738271366717	1738271368447	OK	 
REQUEST		Get Cover Types By Product Id	1738271367766	1738271368475	OK	 
REQUEST		Get Cover Types By Product Id	1738271366848	1738271368536	OK	 
REQUEST		Get Cover Types By Product Id	1738271366987	1738271368664	OK	 
REQUEST		Get Cover Types By Product Id	1738271367079	1738271368816	OK	 
REQUEST		Get Cover Types By Product Id	1738271368123	1738271368817	OK	 
REQUEST		Get Cover Types By Product Id	1738271367157	1738271368834	OK	 
REQUEST		Get Cover Types By Product Id	1738271368286	1738271368992	OK	 
REQUEST		Get Cover Types By Product Id	1738271367388	1738271369077	OK	 
REQUEST		Get Cover Types By Product Id	1738271367381	1738271369103	OK	 
REQUEST		Get Cover Types By Product Id	1738271368400	1738271369163	OK	 
REQUEST		Get Cover Types By Product Id	1738271368473	1738271369163	OK	 
REQUEST		Get Cover Types By Product Id	1738271368539	1738271369261	OK	 
REQUEST		Get Cover Types By Product Id	1738271368580	1738271369274	OK	 
REQUEST		Get Cover Types By Product Id	1738271367620	1738271369348	OK	 
REQUEST		Get Cover Types By Product Id	1738271368662	1738271369388	OK	 
REQUEST		Get Cover Types By Product Id	1738271367761	1738271369430	OK	 
REQUEST		Get Cover Types By Product Id	1738271368719	1738271369437	OK	 
REQUEST		Get Cover Types By Product Id	1738271368811	1738271369520	OK	 
REQUEST		Get Cover Types By Product Id	1738271367870	1738271369543	OK	 
REQUEST		Get Cover Types By Product Id	1738271368849	1738271369545	OK	 
REQUEST		Get Cover Types By Product Id	1738271367914	1738271369600	OK	 
REQUEST		Get Cover Types By Product Id	1738271368976	1738271369687	OK	 
REQUEST		Get Cover Types By Product Id	1738271368958	1738271369706	OK	 
REQUEST		Get Cover Types By Product Id	1738271368037	1738271369706	OK	 
REQUEST		Get Cover Types By Product Id	1738271368053	1738271369722	OK	 
REQUEST		Get Cover Types By Product Id	1738271369091	1738271369775	OK	 
REQUEST		Get Cover Types By Product Id	1738271369124	1738271369839	OK	 
REQUEST		Get Cover Types By Product Id	1738271368189	1738271369885	OK	 
REQUEST		Get Cover Types By Product Id	1738271369243	1738271369972	OK	 
REQUEST		Get Cover Types By Product Id	1738271369242	1738271369972	OK	 
REQUEST		Get Cover Types By Product Id	1738271368339	1738271370089	OK	 
REQUEST		Get Cover Types By Product Id	1738271369372	1738271370094	OK	 
REQUEST		Get Cover Types By Product Id	1738271369389	1738271370154	OK	 
REQUEST		Get Cover Types By Product Id	1738271369442	1738271370201	OK	 
REQUEST		Get All Benefits	1738271370980	1738271371387	OK	 
REQUEST		Get All Benefits	1738271371112	1738271371534	OK	 
REQUEST		Get All Benefits	1738271370980	1738271371556	OK	 
REQUEST		Get All Benefits	1738271371227	1738271371779	OK	 
REQUEST		Get All Benefits	1738271371421	1738271371851	OK	 
REQUEST		Get All Benefits	1738271371515	1738271371917	OK	 
REQUEST		Get All Benefits	1738271371346	1738271371917	OK	 
REQUEST		Get All Benefits	1738271372171	1738271372660	OK	 
REQUEST		Get All Benefits	1738271372124	1738271372685	OK	 
REQUEST		Get All Benefits	1738271372253	1738271372828	OK	 
REQUEST		Get All Benefits	1738271372589	1738271373005	OK	 
REQUEST		Get All Benefits	1738271372638	1738271373059	OK	 
REQUEST		Get All Benefits	1738271372642	1738271373098	OK	 
REQUEST		Get All Benefits	1738271372552	1738271373120	OK	 
REQUEST		Get All Benefits	1738271372658	1738271373124	OK	 
REQUEST		Get All Benefits	1738271372749	1738271373303	OK	 
REQUEST		Get All Benefits	1738271372770	1738271373345	OK	 
REQUEST		Get All Benefits	1738271372940	1738271373450	OK	 
REQUEST		Get All Benefits	1738271372944	1738271373463	OK	 
REQUEST		Get All Benefits	1738271372929	1738271373477	OK	 
REQUEST		Get All Benefits	1738271373016	1738271373479	OK	 
REQUEST		Get All Benefits	1738271372941	1738271373579	OK	 
REQUEST		Get All Benefits	1738271373316	1738271373730	OK	 
REQUEST		Get All Benefits	1738271373316	1738271373867	OK	 
REQUEST		Get All Benefits	1738271373477	1738271373922	OK	 
REQUEST		Get All Benefits	1738271373370	1738271373935	OK	 
REQUEST		Get All Benefits	1738271373538	1738271373952	OK	 
REQUEST		Get All Benefits	1738271373448	1738271374020	OK	 
REQUEST		Get All Benefits	1738271373667	1738271374091	OK	 
REQUEST		Get All Benefits	1738271373818	1738271374269	OK	 
REQUEST		Get All Benefits	1738271373837	1738271374451	OK	 
REQUEST		Get All Benefits	1738271373817	1738271374453	OK	 
REQUEST		Get All Benefits	1738271374086	1738271374479	OK	 
REQUEST		Get All Benefits	1738271373995	1738271374572	OK	 
REQUEST		Get All Benefits	1738271374168	1738271374635	OK	 
REQUEST		Get All Benefits	1738271374276	1738271374684	OK	 
REQUEST		Get All Benefits	1738271374105	1738271374760	OK	 
REQUEST		Get All Benefits	1738271374168	1738271374803	OK	 
REQUEST		Get All Benefits	1738271374391	1738271374814	OK	 
REQUEST		Get All Benefits	1738271374264	1738271374836	OK	 
REQUEST		Get All Benefits	1738271374351	1738271374943	OK	 
REQUEST		Get All Benefits	1738271374545	1738271374997	OK	 
REQUEST		Get All Benefits	1738271374439	1738271375035	OK	 
REQUEST		Get All Benefits	1738271374432	1738271375035	OK	 
REQUEST		Get All Benefits	1738271374603	1738271375035	OK	 
REQUEST		Get All Benefits	1738271374522	1738271375106	OK	 
REQUEST		Get All Benefits	1738271374547	1738271375191	OK	 
REQUEST		Get All Benefits	1738271374708	1738271375236	OK	 
REQUEST		Get All Benefits	1738271374689	1738271375293	OK	 
REQUEST		Get All Benefits	1738271374974	1738271375411	OK	 
REQUEST		Get All Benefits	1738271374708	1738271375429	OK	 
REQUEST		Get All Benefits	1738271374778	1738271375431	OK	 
REQUEST		Get All Benefits	1738271374724	1738271375431	OK	 
REQUEST		Get All Benefits	1738271374841	1738271375456	OK	 
REQUEST		Get All Benefits	1738271374888	1738271375505	OK	 
REQUEST		Get All Benefits	1738271375092	1738271375555	OK	 
REQUEST		Get All Benefits	1738271374974	1738271375559	OK	 
REQUEST		Get All Benefits	1738271375157	1738271375642	OK	 
REQUEST		Get All Benefits	1738271375206	1738271375644	OK	 
REQUEST		Get All Benefits	1738271375095	1738271375734	OK	 
REQUEST		Get Valuers	1738271376401	1738271376609	OK	 
REQUEST		Get Valuers	1738271376538	1738271376738	OK	 
REQUEST		Get Valuers	1738271376560	1738271376903	OK	 
REQUEST		Get Valuers	1738271376853	1738271377057	OK	 
REQUEST		Get Valuers	1738271376919	1738271377141	OK	 
REQUEST		Get Valuers	1738271376781	1738271377142	OK	 
REQUEST		Get Valuers	1738271376919	1738271377306	OK	 
REQUEST		Get Valuers	1738271377664	1738271377865	OK	 
REQUEST		Get Valuers	1738271377688	1738271378050	OK	 
REQUEST		Get Valuers	1738271377831	1738271378214	OK	 
REQUEST		Get Valuers	1738271378008	1738271378249	OK	 
REQUEST		Get Valuers	1738271378062	1738271378271	OK	 
REQUEST		Get Valuers	1738271378100	1738271378350	OK	 
REQUEST		Get Valuers	1738271378126	1738271378352	OK	 
REQUEST		Get Valuers	1738271378122	1738271378517	OK	 
REQUEST		Get Valuers	1738271378452	1738271378662	OK	 
REQUEST		Get Valuers	1738271378466	1738271378681	OK	 
REQUEST		Get Valuers	1738271378305	1738271378691	OK	 
REQUEST		Get Valuers	1738271378347	1738271378705	OK	 
REQUEST		Get Valuers	1738271378481	1738271378709	OK	 
REQUEST		Get Valuers	1738271378479	1738271378709	OK	 
REQUEST		Get Valuers	1738271378732	1738271378945	OK	 
REQUEST		Get Valuers	1738271378583	1738271378947	OK	 
REQUEST		Get Valuers	1738271378924	1738271379166	OK	 
REQUEST		Get Valuers	1738271378955	1738271379169	OK	 
REQUEST		Get Valuers	1738271378871	1738271379247	OK	 
REQUEST		Get Valuers	1738271379095	1738271379302	OK	 
REQUEST		Get Valuers	1738271378937	1738271379309	OK	 
REQUEST		Get Valuers	1738271379022	1738271379411	OK	 
REQUEST		Get Valuers	1738271379272	1738271379467	OK	 
REQUEST		Get Valuers	1738271379482	1738271379680	OK	 
REQUEST		Get Valuers	1738271379456	1738271379846	OK	 
REQUEST		Get Valuers	1738271379456	1738271379846	OK	 
REQUEST		Get Valuers	1738271379638	1738271379848	OK	 
REQUEST		Get Valuers	1738271379687	1738271379880	OK	 
REQUEST		Get Valuers	1738271379575	1738271379929	OK	 
REQUEST		Get Valuers	1738271379816	1738271380038	OK	 
REQUEST		Get Valuers	1738271379763	1738271380149	OK	 
REQUEST		Get Valuers	1738271379805	1738271380187	OK	 
REQUEST		Get Valuers	1738271379838	1738271380207	OK	 
REQUEST		Get Valuers	1738271379999	1738271380211	OK	 
REQUEST		Get Valuers	1738271380037	1738271380233	OK	 
REQUEST		Get Valuers	1738271379945	1738271380311	OK	 
REQUEST		Get Valuers	1738271380038	1738271380396	OK	 
REQUEST		Get Valuers	1738271380037	1738271380400	OK	 
REQUEST		Get Valuers	1738271380238	1738271380447	OK	 
REQUEST		Get Valuers	1738271380108	1738271380501	OK	 
REQUEST		Get Valuers	1738271380192	1738271380556	OK	 
REQUEST		Get Valuers	1738271380413	1738271380631	OK	 
REQUEST		Get Valuers	1738271380295	1738271380669	OK	 
REQUEST		Get Valuers	1738271380558	1738271380755	OK	 
REQUEST		Get Valuers	1738271380433	1738271380790	OK	 
REQUEST		Get Valuers	1738271380431	1738271380807	OK	 
REQUEST		Get Valuers	1738271380431	1738271380808	OK	 
REQUEST		Get Valuers	1738271380459	1738271380829	OK	 
REQUEST		Get Valuers	1738271380644	1738271380864	OK	 
REQUEST		Get Valuers	1738271380645	1738271380864	OK	 
REQUEST		Get Valuers	1738271380562	1738271380911	OK	 
REQUEST		Get Valuers	1738271380507	1738271380914	OK	 
REQUEST		Get Valuers	1738271380736	1738271381102	OK	 
REQUEST		Get Mandatory Documents	1738271381613	1738271381812	OK	 
REQUEST		Get Mandatory Documents	1738271381742	1738271381938	OK	 
REQUEST		Get Mandatory Documents	1738271381905	1738271382121	OK	 
REQUEST		Get Mandatory Documents	1738271382060	1738271382258	OK	 
REQUEST		Get Mandatory Documents	1738271382146	1738271382324	OK	 
REQUEST		Get Mandatory Documents	1738271382147	1738271382327	OK	 
REQUEST		Get Mandatory Documents	1738271382308	1738271382491	OK	 
REQUEST		Get Mandatory Documents	1738271382868	1738271383078	OK	 
REQUEST		Get Mandatory Documents	1738271383054	1738271383240	OK	 
REQUEST		Get Mandatory Documents	1738271383215	1738271383392	OK	 
REQUEST		Get Mandatory Documents	1738271383252	1738271383446	OK	 
REQUEST		Get Mandatory Documents	1738271383275	1738271383452	OK	 
REQUEST		Get Mandatory Documents	1738271383353	1738271383558	OK	 
REQUEST		Get Mandatory Documents	1738271383354	1738271383560	OK	 
REQUEST		Get Mandatory Documents	1738271383519	1738271383696	OK	 
REQUEST		Get Mandatory Documents	1738271383665	1738271383852	OK	 
REQUEST		Get Mandatory Documents	1738271383684	1738271383869	OK	 
REQUEST		Get Mandatory Documents	1738271383693	1738271383869	OK	 
REQUEST		Get Mandatory Documents	1738271383707	1738271383915	OK	 
REQUEST		Get Mandatory Documents	1738271383711	1738271383919	OK	 
REQUEST		Get Mandatory Documents	1738271383711	1738271383934	OK	 
REQUEST		Get Mandatory Documents	1738271383947	1738271384157	OK	 
REQUEST		Get Mandatory Documents	1738271383949	1738271384165	OK	 
REQUEST		Get Mandatory Documents	1738271384170	1738271384353	OK	 
REQUEST		Get Mandatory Documents	1738271384172	1738271384365	OK	 
REQUEST		Get Mandatory Documents	1738271384249	1738271384436	OK	 
REQUEST		Get Mandatory Documents	1738271384304	1738271384529	OK	 
REQUEST		Get Mandatory Documents	1738271384311	1738271384533	OK	 
REQUEST		Get Mandatory Documents	1738271384413	1738271384652	OK	 
REQUEST		Get Mandatory Documents	1738271384470	1738271384653	OK	 
REQUEST		Get Mandatory Documents	1738271384683	1738271384864	OK	 
REQUEST		Get Mandatory Documents	1738271384851	1738271385059	OK	 
REQUEST		Get Mandatory Documents	1738271384848	1738271385059	OK	 
REQUEST		Get Mandatory Documents	1738271384848	1738271385061	OK	 
REQUEST		Get Mandatory Documents	1738271384883	1738271385084	OK	 
REQUEST		Get Mandatory Documents	1738271384932	1738271385125	OK	 
REQUEST		Get Mandatory Documents	1738271385039	1738271385251	OK	 
REQUEST		Get Mandatory Documents	1738271385152	1738271385365	OK	 
REQUEST		Get Mandatory Documents	1738271385190	1738271385374	OK	 
REQUEST		Get Mandatory Documents	1738271385210	1738271385440	OK	 
REQUEST		Get Mandatory Documents	1738271385236	1738271385467	OK	 
REQUEST		Get Mandatory Documents	1738271385214	1738271385475	OK	 
REQUEST		Get Mandatory Documents	1738271385314	1738271385488	OK	 
REQUEST		Get Mandatory Documents	1738271385398	1738271385576	OK	 
REQUEST		Get Mandatory Documents	1738271385402	1738271385602	OK	 
REQUEST		Get Mandatory Documents	1738271385449	1738271385638	OK	 
REQUEST		Get Mandatory Documents	1738271385503	1738271385733	OK	 
REQUEST		Get Mandatory Documents	1738271385559	1738271385741	OK	 
REQUEST		Get Mandatory Documents	1738271385633	1738271385844	OK	 
REQUEST		Get Mandatory Documents	1738271385671	1738271385850	OK	 
REQUEST		Get Mandatory Documents	1738271385757	1738271385953	OK	 
REQUEST		Get Mandatory Documents	1738271385794	1738271385976	OK	 
REQUEST		Get Mandatory Documents	1738271385831	1738271386019	OK	 
REQUEST		Get Mandatory Documents	1738271385809	1738271386049	OK	 
REQUEST		Get Mandatory Documents	1738271385809	1738271386049	OK	 
REQUEST		Get Mandatory Documents	1738271385867	1738271386064	OK	 
REQUEST		Get Mandatory Documents	1738271385867	1738271386075	OK	 
REQUEST		Get Mandatory Documents	1738271385914	1738271386093	OK	 
REQUEST		Get Mandatory Documents	1738271385916	1738271386150	OK	 
REQUEST		Get Mandatory Documents	1738271386104	1738271386312	OK	 
REQUEST		Get Outstanding Premiums	1738271386815	1738271386994	OK	 
USER	Test API with Authentication	END	1738271387003
REQUEST		Get Outstanding Premiums	1738271386940	1738271387121	OK	 
USER	Test API with Authentication	END	1738271387123
REQUEST		Get Outstanding Premiums	1738271387123	1738271387299	OK	 
USER	Test API with Authentication	END	1738271387300
REQUEST		Get Outstanding Premiums	1738271387262	1738271387438	OK	 
USER	Test API with Authentication	END	1738271387439
REQUEST		Get Outstanding Premiums	1738271387328	1738271387524	OK	 
USER	Test API with Authentication	END	1738271387526
REQUEST		Get Outstanding Premiums	1738271387326	1738271387526	OK	 
USER	Test API with Authentication	END	1738271387527
REQUEST		Get Outstanding Premiums	1738271387494	1738271387673	OK	 
USER	Test API with Authentication	END	1738271387678
REQUEST		Get Outstanding Premiums	1738271388082	1738271388269	OK	 
USER	Test API with Authentication	END	1738271388271
REQUEST		Get Outstanding Premiums	1738271388242	1738271388425	OK	 
USER	Test API with Authentication	END	1738271388426
REQUEST		Get Outstanding Premiums	1738271388395	1738271388571	OK	 
USER	Test API with Authentication	END	1738271388573
REQUEST		Get Outstanding Premiums	1738271388454	1738271388626	OK	 
REQUEST		Get Outstanding Premiums	1738271388449	1738271388626	OK	 
USER	Test API with Authentication	END	1738271388627
USER	Test API with Authentication	END	1738271388628
REQUEST		Get Outstanding Premiums	1738271388561	1738271388736	OK	 
REQUEST		Get Outstanding Premiums	1738271388562	1738271388737	OK	 
USER	Test API with Authentication	END	1738271388738
USER	Test API with Authentication	END	1738271388739
REQUEST		Get Outstanding Premiums	1738271388698	1738271388879	OK	 
USER	Test API with Authentication	END	1738271388881
REQUEST		Get Outstanding Premiums	1738271388856	1738271389034	OK	 
USER	Test API with Authentication	END	1738271389037
REQUEST		Get Outstanding Premiums	1738271388871	1738271389042	OK	 
USER	Test API with Authentication	END	1738271389044
REQUEST		Get Outstanding Premiums	1738271388871	1738271389051	OK	 
USER	Test API with Authentication	END	1738271389053
REQUEST		Get Outstanding Premiums	1738271388917	1738271389089	OK	 
USER	Test API with Authentication	END	1738271389089
REQUEST		Get Outstanding Premiums	1738271388921	1738271389095	OK	 
USER	Test API with Authentication	END	1738271389095
REQUEST		Get Outstanding Premiums	1738271388936	1738271389147	OK	 
USER	Test API with Authentication	END	1738271389148
REQUEST		Get Outstanding Premiums	1738271389160	1738271389334	OK	 
USER	Test API with Authentication	END	1738271389336
REQUEST		Get Outstanding Premiums	1738271389167	1738271389340	OK	 
USER	Test API with Authentication	END	1738271389342
REQUEST		Get Outstanding Premiums	1738271389356	1738271389528	OK	 
USER	Test API with Authentication	END	1738271389529
REQUEST		Get Outstanding Premiums	1738271389368	1738271389541	OK	 
USER	Test API with Authentication	END	1738271389543
REQUEST		Get Outstanding Premiums	1738271389438	1738271389617	OK	 
USER	Test API with Authentication	END	1738271389618
REQUEST		Get Outstanding Premiums	1738271389531	1738271389755	OK	 
USER	Test API with Authentication	END	1738271389756
REQUEST		Get Outstanding Premiums	1738271389534	1738271389757	OK	 
USER	Test API with Authentication	END	1738271389758
REQUEST		Get Outstanding Premiums	1738271389654	1738271389835	OK	 
REQUEST		Get Outstanding Premiums	1738271389656	1738271389836	OK	 
USER	Test API with Authentication	END	1738271389838
USER	Test API with Authentication	END	1738271389838
REQUEST		Get Outstanding Premiums	1738271389867	1738271390064	OK	 
USER	Test API with Authentication	END	1738271390066
REQUEST		Get Outstanding Premiums	1738271390063	1738271390237	OK	 
REQUEST		Get Outstanding Premiums	1738271390063	1738271390237	OK	 
REQUEST		Get Outstanding Premiums	1738271390063	1738271390238	OK	 
USER	Test API with Authentication	END	1738271390238
USER	Test API with Authentication	END	1738271390239
USER	Test API with Authentication	END	1738271390239
REQUEST		Get Outstanding Premiums	1738271390088	1738271390267	OK	 
USER	Test API with Authentication	END	1738271390269
REQUEST		Get Outstanding Premiums	1738271390127	1738271390298	OK	 
USER	Test API with Authentication	END	1738271390298
REQUEST		Get Outstanding Premiums	1738271390252	1738271390431	OK	 
USER	Test API with Authentication	END	1738271390432
REQUEST		Get Outstanding Premiums	1738271390376	1738271390572	OK	 
REQUEST		Get Outstanding Premiums	1738271390367	1738271390572	OK	 
USER	Test API with Authentication	END	1738271390573
USER	Test API with Authentication	END	1738271390573
REQUEST		Get Outstanding Premiums	1738271390442	1738271390646	OK	 
REQUEST		Get Outstanding Premiums	1738271390469	1738271390646	OK	 
REQUEST		Get Outstanding Premiums	1738271390477	1738271390647	OK	 
USER	Test API with Authentication	END	1738271390647
USER	Test API with Authentication	END	1738271390647
USER	Test API with Authentication	END	1738271390648
REQUEST		Get Outstanding Premiums	1738271390490	1738271390663	OK	 
USER	Test API with Authentication	END	1738271390663
REQUEST		Get Outstanding Premiums	1738271390578	1738271390756	OK	 
USER	Test API with Authentication	END	1738271390757
REQUEST		Get Outstanding Premiums	1738271390604	1738271390817	OK	 
USER	Test API with Authentication	END	1738271390817
REQUEST		Get Outstanding Premiums	1738271390640	1738271390820	OK	 
USER	Test API with Authentication	END	1738271390821
REQUEST		Get Outstanding Premiums	1738271390735	1738271390948	OK	 
REQUEST		Get Outstanding Premiums	1738271390743	1738271390949	OK	 
USER	Test API with Authentication	END	1738271390950
USER	Test API with Authentication	END	1738271390950
REQUEST		Get Outstanding Premiums	1738271390846	1738271391033	OK	 
REQUEST		Get Outstanding Premiums	1738271390852	1738271391033	OK	 
USER	Test API with Authentication	END	1738271391034
USER	Test API with Authentication	END	1738271391034
REQUEST		Get Outstanding Premiums	1738271390955	1738271391137	OK	 
USER	Test API with Authentication	END	1738271391138
REQUEST		Get Outstanding Premiums	1738271390979	1738271391152	OK	 
USER	Test API with Authentication	END	1738271391153
REQUEST		Get Outstanding Premiums	1738271391021	1738271391200	OK	 
USER	Test API with Authentication	END	1738271391201
REQUEST		Get Outstanding Premiums	1738271391051	1738271391245	OK	 
USER	Test API with Authentication	END	1738271391246
REQUEST		Get Outstanding Premiums	1738271391051	1738271391246	OK	 
REQUEST		Get Outstanding Premiums	1738271391067	1738271391247	OK	 
USER	Test API with Authentication	END	1738271391247
USER	Test API with Authentication	END	1738271391247
REQUEST		Get Outstanding Premiums	1738271391078	1738271391251	OK	 
USER	Test API with Authentication	END	1738271391252
REQUEST		Get Outstanding Premiums	1738271391096	1738271391268	OK	 
USER	Test API with Authentication	END	1738271391269
REQUEST		Get Outstanding Premiums	1738271391152	1738271391323	OK	 
USER	Test API with Authentication	END	1738271391324
REQUEST		Get Outstanding Premiums	1738271391315	1738271391495	OK	 
USER	Test API with Authentication	END	1738271391497
