RUN	simulations.BasicSimulation	basicsimulation	1738249490826	 	3.9.5
USER	Test API with Authentication	START	1738249493515
USER	Test API with Authentication	START	1738249493515
USER	Test API with Authentication	START	1738249493516
USER	Test API with Authentication	START	1738249493515
USER	Test API with Authentication	START	1738249493515
USER	Test API with Authentication	START	1738249493516
USER	Test API with Authentication	START	1738249493516
USER	Test API with Authentication	START	1738249493516
USER	Test API with Authentication	START	1738249493516
USER	Test API with Authentication	START	1738249493516
REQUEST		Authenticate	1738249493511	1738249494389	OK	 
REQUEST		Authenticate	1738249493511	1738249494389	OK	 
REQUEST		Authenticate	1738249493511	1738249494511	OK	 
REQUEST		Authenticate	1738249493511	1738249494518	OK	 
REQUEST		Authenticate	1738249493511	1738249494651	OK	 
REQUEST		Authenticate	1738249493511	1738249494662	OK	 
REQUEST		Authenticate	1738249493511	1738249494793	OK	 
REQUEST		Authenticate	1738249493511	1738249494797	OK	 
REQUEST		Authenticate	1738249493511	1738249494918	OK	 
REQUEST		Authenticate	1738249493511	1738249494971	OK	 
REQUEST		Get Cover Types	1738249499446	1738249500194	OK	 
REQUEST		Get Cover Types	1738249499446	1738249500196	OK	 
REQUEST		Get Cover Types	1738249499520	1738249500214	OK	 
REQUEST		Get Cover Types	1738249499515	1738249500216	OK	 
REQUEST		Get Cover Types	1738249499656	1738249500323	OK	 
REQUEST		Get Cover Types	1738249499665	1738249500341	OK	 
REQUEST		Get Cover Types	1738249499801	1738249500491	OK	 
REQUEST		Get Cover Types	1738249499796	1738249500494	OK	 
REQUEST		Get Cover Types	1738249499923	1738249500607	OK	 
REQUEST		Get Cover Types	1738249499976	1738249500657	OK	 
USER	Test API with Authentication	END	1738249505204
USER	Test API with Authentication	END	1738249505205
USER	Test API with Authentication	END	1738249505218
USER	Test API with Authentication	END	1738249505220
USER	Test API with Authentication	END	1738249505327
USER	Test API with Authentication	END	1738249505346
USER	Test API with Authentication	END	1738249505497
USER	Test API with Authentication	END	1738249505497
USER	Test API with Authentication	END	1738249505611
USER	Test API with Authentication	END	1738249505662
