RUN	simulations.BasicSimulation	basicsimulation	1738246603603	 	3.9.5
USER	Test API with Authentication	START	1738246605044
USER	Test API with Authentication	START	1738246605044
USER	Test API with Authentication	START	1738246605044
USER	Test API with Authentication	START	1738246605044
USER	Test API with Authentication	START	1738246605044
USER	Test API with Authentication	START	1738246605044
USER	Test API with Authentication	START	1738246605044
USER	Test API with Authentication	START	1738246605044
USER	Test API with Authentication	START	1738246605044
USER	Test API with Authentication	START	1738246605044
REQUEST		Authenticate	1738246604743	1738246605848	OK	 
REQUEST		Authenticate	1738246604743	1738246605832	OK	 
REQUEST		Authenticate	1738246604743	1738246605815	OK	 
REQUEST		Authenticate	1738246604743	1738246605968	OK	 
REQUEST		Authenticate	1738246604743	1738246605992	OK	 
REQUEST		Authenticate	1738246604743	1738246606037	OK	 
REQUEST		Authenticate	1738246604743	1738246606040	OK	 
REQUEST		Authenticate	1738246604743	1738246606052	OK	 
REQUEST		Authenticate	1738246604743	1738246606068	OK	 
REQUEST		Authenticate	1738246604743	1738246606075	OK	 
REQUEST		Get Cover Types	1738246610874	1738246611717	OK	 
REQUEST		Get Cover Types	1738246610971	1738246611719	OK	 
REQUEST		Get Cover Types	1738246610874	1738246611716	OK	 
REQUEST		Get Cover Types	1738246610874	1738246611716	OK	 
REQUEST		Get Cover Types	1738246610994	1738246611717	OK	 
REQUEST		Get Cover Types	1738246611040	1738246611721	OK	 
REQUEST		Get Cover Types	1738246611043	1738246611725	OK	 
REQUEST		Get Cover Types	1738246611056	1738246611738	OK	 
REQUEST		Get Cover Types	1738246611071	1738246611746	OK	 
REQUEST		Get Cover Types	1738246611078	1738246611756	OK	 
USER	Test API with Authentication	END	1738246616740
USER	Test API with Authentication	END	1738246616742
USER	Test API with Authentication	END	1738246616742
USER	Test API with Authentication	END	1738246616743
USER	Test API with Authentication	END	1738246616743
USER	Test API with Authentication	END	1738246616743
USER	Test API with Authentication	END	1738246616743
USER	Test API with Authentication	END	1738246616744
USER	Test API with Authentication	END	1738246616748
USER	Test API with Authentication	END	1738246616759
