RUN	simulations.BasicSimulation	basicsimulation	1738247667683	 	3.9.5
USER	Test API with Authentication	START	1738247669288
USER	Test API with Authentication	START	1738247669288
USER	Test API with Authentication	START	1738247669288
USER	Test API with Authentication	START	1738247669288
USER	Test API with Authentication	START	1738247669288
USER	Test API with Authentication	START	1738247669288
USER	Test API with Authentication	START	1738247669288
USER	Test API with Authentication	START	1738247669288
USER	Test API with Authentication	START	1738247669288
USER	Test API with Authentication	START	1738247669288
REQUEST		Authenticate	1738247669282	1738247670068	OK	 
REQUEST		Authenticate	1738247669282	1738247670094	OK	 
REQUEST		Authenticate	1738247669282	1738247670062	OK	 
REQUEST		Authenticate	1738247669282	1738247670064	OK	 
REQUEST		Authenticate	1738247669282	1738247670064	OK	 
REQUEST		Authenticate	1738247669282	1738247670053	OK	 
REQUEST		Authenticate	1738247669282	1738247670052	OK	 
REQUEST		Authenticate	1738247669282	1738247670063	OK	 
REQUEST		Authenticate	1738247669282	1738247670068	OK	 
REQUEST		Authenticate	1738247669282	1738247670078	OK	 
REQUEST		Get Cover Types	1738247675113	1738247675819	OK	 
REQUEST		Get Cover Types	1738247675111	1738247675819	OK	 
REQUEST		Get Cover Types	1738247675113	1738247675820	OK	 
REQUEST		Get Cover Types	1738247675114	1738247675821	OK	 
REQUEST		Get Cover Types	1738247675113	1738247675825	OK	 
REQUEST		Get Cover Types	1738247675114	1738247675825	OK	 
REQUEST		Get Cover Types	1738247675111	1738247675829	OK	 
REQUEST		Get Cover Types	1738247675114	1738247675835	OK	 
REQUEST		Get Cover Types	1738247675113	1738247675835	OK	 
REQUEST		Get Cover Types	1738247675114	1738247675837	OK	 
USER	Test API with Authentication	END	1738247680831
USER	Test API with Authentication	END	1738247680831
USER	Test API with Authentication	END	1738247680831
USER	Test API with Authentication	END	1738247680831
USER	Test API with Authentication	END	1738247680832
USER	Test API with Authentication	END	1738247680832
USER	Test API with Authentication	END	1738247680833
USER	Test API with Authentication	END	1738247680837
USER	Test API with Authentication	END	1738247680838
USER	Test API with Authentication	END	1738247680840
