RUN	simulations.BasicSimulation	basicsimulation	1738166787815	 	3.9.5
USER	Test API with Authentication	START	1738166789309
USER	Test API with Authentication	START	1738166789309
USER	Test API with Authentication	START	1738166789309
USER	Test API with Authentication	START	1738166789309
USER	Test API with Authentication	START	1738166789310
USER	Test API with Authentication	START	1738166789310
USER	Test API with Authentication	START	1738166789310
USER	Test API with Authentication	START	1738166789309
USER	Test API with Authentication	START	1738166789310
USER	Test API with Authentication	START	1738166789310
REQUEST		Authenticate	1738166789305	1738166790116	OK	 
REQUEST		Authenticate	1738166789305	1738166790114	OK	 
REQUEST		Authenticate	1738166789306	1738166790112	OK	 
REQUEST		Authenticate	1738166789305	1738166790066	OK	 
REQUEST		Authenticate	1738166789305	1738166790098	OK	 
REQUEST		Authenticate	1738166789305	1738166790119	OK	 
REQUEST		Authenticate	1738166789306	1738166790120	OK	 
REQUEST		Authenticate	1738166789305	1738166790129	OK	 
REQUEST		Authenticate	1738166789305	1738166790131	OK	 
REQUEST		Authenticate	1738166789306	1738166790236	OK	 
REQUEST		Get Cover Types	1738166795129	1738166795834	OK	 
REQUEST		Get Cover Types	1738166795128	1738166795858	OK	 
REQUEST		Get Cover Types	1738166795129	1738166795858	OK	 
REQUEST		Get Cover Types	1738166795128	1738166795862	OK	 
REQUEST		Get Cover Types	1738166795128	1738166795863	OK	 
REQUEST		Get Cover Types	1738166795133	1738166795863	OK	 
REQUEST		Get Cover Types	1738166795128	1738166795869	OK	 
REQUEST		Get Cover Types	1738166795129	1738166795869	OK	 
REQUEST		Get Cover Types	1738166795132	1738166795870	OK	 
REQUEST		Get Cover Types	1738166795238	1738166795982	OK	 
USER	Test API with Authentication	END	1738166800861
USER	Test API with Authentication	END	1738166800861
USER	Test API with Authentication	END	1738166800862
USER	Test API with Authentication	END	1738166800865
USER	Test API with Authentication	END	1738166800865
USER	Test API with Authentication	END	1738166800866
USER	Test API with Authentication	END	1738166800872
USER	Test API with Authentication	END	1738166800872
USER	Test API with Authentication	END	1738166800872
USER	Test API with Authentication	END	1738166800986
