RUN	simulations.BasicSimulation	basicsimulation	1738252476414	 	3.9.5
USER	Test API with Authentication	START	1738252478950
USER	Test API with Authentication	START	1738252478950
USER	Test API with Authentication	START	1738252478950
USER	Test API with Authentication	START	1738252478950
USER	Test API with Authentication	START	1738252478950
USER	Test API with Authentication	START	1738252478950
USER	Test API with Authentication	START	1738252478950
USER	Test API with Authentication	START	1738252478950
USER	Test API with Authentication	START	1738252478950
USER	Test API with Authentication	START	1738252478950
REQUEST		Authenticate	1738252478657	1738252479842	OK	 
REQUEST		Authenticate	1738252478657	1738252479869	OK	 
REQUEST		Authenticate	1738252478657	1738252479983	OK	 
REQUEST		Authenticate	1738252478657	1738252480004	OK	 
REQUEST		Authenticate	1738252478657	1738252480106	OK	 
REQUEST		Authenticate	1738252478657	1738252480149	OK	 
REQUEST		Authenticate	1738252478657	1738252480215	OK	 
REQUEST		Authenticate	1738252478657	1738252480283	OK	 
REQUEST		Authenticate	1738252478657	1738252480382	OK	 
REQUEST		Authenticate	1738252478657	1738252480383	OK	 
REQUEST		Get Cover Types By Product Id	1738252484899	1738252485681	OK	 
REQUEST		Get Cover Types By Product Id	1738252484986	1738252485699	OK	 
REQUEST		Get Cover Types By Product Id	1738252485109	1738252485821	OK	 
REQUEST		Get Cover Types By Product Id	1738252485153	1738252485854	OK	 
REQUEST		Get Cover Types By Product Id	1738252485386	1738252486121	OK	 
REQUEST		Get Cover Types By Product Id	1738252485386	1738252486124	OK	 
REQUEST		Get Cover Types By Product Id	1738252485007	1738252486442	OK	 
REQUEST		Get Cover Types By Product Id	1738252485218	1738252486518	OK	 
REQUEST		Get Cover Types By Product Id	1738252484899	1738252486664	OK	 
REQUEST		Get Cover Types By Product Id	1738252485286	1738252486721	OK	 
USER	Test API with Authentication	END	1738252490705
USER	Test API with Authentication	END	1738252490706
USER	Test API with Authentication	END	1738252490827
USER	Test API with Authentication	END	1738252490858
USER	Test API with Authentication	END	1738252491126
USER	Test API with Authentication	END	1738252491127
USER	Test API with Authentication	END	1738252491475
USER	Test API with Authentication	END	1738252491524
USER	Test API with Authentication	END	1738252491669
USER	Test API with Authentication	END	1738252491727
