RUN	simulations.BasicSimulation	basicsimulation	1738271420588	 	3.9.5
USER	Test API with Authentication	START	1738271421631
USER	Test API with Authentication	START	1738271421631
USER	Test API with Authentication	START	1738271421631
USER	Test API with Authentication	START	1738271421631
USER	Test API with Authentication	START	1738271421632
USER	Test API with Authentication	START	1738271421632
USER	Test API with Authentication	START	1738271421632
USER	Test API with Authentication	START	1738271421632
USER	Test API with Authentication	START	1738271421632
USER	Test API with Authentication	START	1738271421632
USER	Test API with Authentication	START	1738271421632
USER	Test API with Authentication	START	1738271421633
USER	Test API with Authentication	START	1738271421633
USER	Test API with Authentication	START	1738271421634
USER	Test API with Authentication	START	1738271421634
USER	Test API with Authentication	START	1738271421634
USER	Test API with Authentication	START	1738271421635
USER	Test API with Authentication	START	1738271421635
USER	Test API with Authentication	START	1738271421635
USER	Test API with Authentication	START	1738271421635
USER	Test API with Authentication	START	1738271421635
USER	Test API with Authentication	START	1738271421635
USER	Test API with Authentication	START	1738271421635
USER	Test API with Authentication	START	1738271421636
USER	Test API with Authentication	START	1738271421636
USER	Test API with Authentication	START	1738271421636
USER	Test API with Authentication	START	1738271421636
USER	Test API with Authentication	START	1738271421636
USER	Test API with Authentication	START	1738271421637
USER	Test API with Authentication	START	1738271421637
USER	Test API with Authentication	START	1738271421638
USER	Test API with Authentication	START	1738271421638
USER	Test API with Authentication	START	1738271421638
USER	Test API with Authentication	START	1738271421639
USER	Test API with Authentication	START	1738271421639
USER	Test API with Authentication	START	1738271421639
USER	Test API with Authentication	START	1738271421639
USER	Test API with Authentication	START	1738271421639
USER	Test API with Authentication	START	1738271421639
USER	Test API with Authentication	START	1738271421639
USER	Test API with Authentication	START	1738271421640
USER	Test API with Authentication	START	1738271421641
USER	Test API with Authentication	START	1738271421642
USER	Test API with Authentication	START	1738271421642
USER	Test API with Authentication	START	1738271421642
USER	Test API with Authentication	START	1738271421642
USER	Test API with Authentication	START	1738271421643
USER	Test API with Authentication	START	1738271421643
USER	Test API with Authentication	START	1738271421644
USER	Test API with Authentication	START	1738271421644
USER	Test API with Authentication	START	1738271421645
USER	Test API with Authentication	START	1738271421645
USER	Test API with Authentication	START	1738271421645
USER	Test API with Authentication	START	1738271421645
USER	Test API with Authentication	START	1738271421646
USER	Test API with Authentication	START	1738271421646
USER	Test API with Authentication	START	1738271421646
USER	Test API with Authentication	START	1738271421646
USER	Test API with Authentication	START	1738271421647
USER	Test API with Authentication	START	1738271421647
USER	Test API with Authentication	START	1738271421648
USER	Test API with Authentication	START	1738271421648
USER	Test API with Authentication	START	1738271421648
USER	Test API with Authentication	START	1738271421649
USER	Test API with Authentication	START	1738271421649
USER	Test API with Authentication	START	1738271421650
USER	Test API with Authentication	START	1738271421650
USER	Test API with Authentication	START	1738271421650
USER	Test API with Authentication	START	1738271421650
USER	Test API with Authentication	START	1738271421651
REQUEST		Authenticate	1738271421622	1738271424848	OK	 
REQUEST		Authenticate	1738271421644	1738271424866	OK	 
REQUEST		Authenticate	1738271421635	1738271424896	OK	 
REQUEST		Authenticate	1738271421637	1738271424930	OK	 
REQUEST		Authenticate	1738271421646	1738271424952	OK	 
REQUEST		Authenticate	1738271421636	1738271424983	OK	 
REQUEST		Authenticate	1738271421634	1738271425008	OK	 
REQUEST		Authenticate	1738271421632	1738271425018	OK	 
REQUEST		Authenticate	1738271421637	1738271425018	OK	 
REQUEST		Authenticate	1738271421623	1738271425025	OK	 
REQUEST		Authenticate	1738271421632	1738271425025	OK	 
REQUEST		Authenticate	1738271421622	1738271425034	OK	 
REQUEST		Authenticate	1738271421622	1738271425042	OK	 
REQUEST		Authenticate	1738271421645	1738271425042	OK	 
REQUEST		Authenticate	1738271421641	1738271425060	OK	 
REQUEST		Authenticate	1738271421623	1738271425060	OK	 
REQUEST		Authenticate	1738271421634	1738271425080	OK	 
REQUEST		Authenticate	1738271421632	1738271425080	OK	 
REQUEST		Authenticate	1738271421622	1738271425151	OK	 
REQUEST		Authenticate	1738271421636	1738271425151	OK	 
REQUEST		Authenticate	1738271421622	1738271425151	OK	 
REQUEST		Authenticate	1738271421635	1738271425151	OK	 
REQUEST		Authenticate	1738271421632	1738271425151	OK	 
REQUEST		Authenticate	1738271421623	1738271425151	OK	 
REQUEST		Authenticate	1738271421640	1738271425152	OK	 
REQUEST		Authenticate	1738271421623	1738271425152	OK	 
REQUEST		Authenticate	1738271421632	1738271425153	OK	 
REQUEST		Authenticate	1738271421622	1738271425174	OK	 
REQUEST		Authenticate	1738271421635	1738271425175	OK	 
REQUEST		Authenticate	1738271421635	1738271425188	OK	 
REQUEST		Authenticate	1738271421632	1738271425197	OK	 
REQUEST		Authenticate	1738271421646	1738271425199	OK	 
REQUEST		Authenticate	1738271421644	1738271425347	OK	 
REQUEST		Authenticate	1738271421639	1738271425457	OK	 
REQUEST		Authenticate	1738271421622	1738271425533	OK	 
REQUEST		Authenticate	1738271421634	1738271425647	OK	 
REQUEST		Authenticate	1738271421643	1738271425818	OK	 
REQUEST		Authenticate	1738271421633	1738271425891	OK	 
REQUEST		Authenticate	1738271421639	1738271425971	OK	 
REQUEST		Authenticate	1738271421622	1738271426061	OK	 
REQUEST		Authenticate	1738271421641	1738271426107	OK	 
REQUEST		Authenticate	1738271421645	1738271426216	OK	 
REQUEST		Authenticate	1738271421650	1738271426285	OK	 
REQUEST		Authenticate	1738271421623	1738271426416	OK	 
REQUEST		Authenticate	1738271421645	1738271426422	OK	 
REQUEST		Authenticate	1738271421636	1738271426552	OK	 
REQUEST		Authenticate	1738271421634	1738271426570	OK	 
REQUEST		Authenticate	1738271421647	1738271426709	OK	 
REQUEST		Authenticate	1738271421645	1738271426743	OK	 
REQUEST		Authenticate	1738271421622	1738271426938	OK	 
REQUEST		Authenticate	1738271421633	1738271426938	OK	 
REQUEST		Authenticate	1738271421640	1738271427071	OK	 
REQUEST		Authenticate	1738271421636	1738271427115	OK	 
REQUEST		Authenticate	1738271421643	1738271427176	OK	 
REQUEST		Authenticate	1738271421643	1738271427278	OK	 
REQUEST		Authenticate	1738271421643	1738271427358	OK	 
REQUEST		Authenticate	1738271421644	1738271427423	OK	 
REQUEST		Authenticate	1738271421648	1738271427556	OK	 
REQUEST		Authenticate	1738271421646	1738271427605	OK	 
REQUEST		Authenticate	1738271421632	1738271427799	OK	 
REQUEST		Authenticate	1738271421639	1738271427911	OK	 
REQUEST		Authenticate	1738271421643	1738271427954	OK	 
REQUEST		Authenticate	1738271421642	1738271428147	OK	 
REQUEST		Authenticate	1738271421649	1738271428151	OK	 
REQUEST		Authenticate	1738271421622	1738271428265	OK	 
REQUEST		Authenticate	1738271421639	1738271428280	OK	 
REQUEST		Authenticate	1738271421640	1738271428448	OK	 
REQUEST		Authenticate	1738271421639	1738271428451	OK	 
REQUEST		Authenticate	1738271421623	1738271428556	OK	 
REQUEST		Authenticate	1738271421649	1738271428565	OK	 
REQUEST		Get Cover Types By Product Id	1738271429918	1738271430607	OK	 
REQUEST		Get Cover Types By Product Id	1738271429933	1738271430613	OK	 
REQUEST		Get Cover Types By Product Id	1738271429918	1738271430607	OK	 
REQUEST		Get Cover Types By Product Id	1738271429918	1738271430607	OK	 
REQUEST		Get Cover Types By Product Id	1738271429954	1738271430644	OK	 
REQUEST		Get Cover Types By Product Id	1738271429986	1738271430665	OK	 
REQUEST		Get Cover Types By Product Id	1738271430020	1738271430733	OK	 
REQUEST		Get Cover Types By Product Id	1738271430011	1738271430733	OK	 
REQUEST		Get Cover Types By Product Id	1738271430020	1738271430733	OK	 
REQUEST		Get Cover Types By Product Id	1738271430027	1738271430740	OK	 
REQUEST		Get Cover Types By Product Id	1738271430038	1738271430745	OK	 
REQUEST		Get Cover Types By Product Id	1738271430046	1738271430756	OK	 
REQUEST		Get Cover Types By Product Id	1738271430070	1738271430758	OK	 
REQUEST		Get Cover Types By Product Id	1738271430062	1738271430758	OK	 
REQUEST		Get Cover Types By Product Id	1738271430047	1738271430758	OK	 
REQUEST		Get Cover Types By Product Id	1738271430028	1738271430758	OK	 
REQUEST		Get Cover Types By Product Id	1738271430082	1738271430777	OK	 
REQUEST		Get Cover Types By Product Id	1738271430083	1738271430786	OK	 
REQUEST		Get Cover Types By Product Id	1738271430153	1738271430848	OK	 
REQUEST		Get Cover Types By Product Id	1738271430153	1738271430848	OK	 
REQUEST		Get Cover Types By Product Id	1738271430154	1738271430848	OK	 
REQUEST		Get Cover Types By Product Id	1738271430153	1738271430848	OK	 
REQUEST		Get Cover Types By Product Id	1738271430153	1738271430848	OK	 
REQUEST		Get Cover Types By Product Id	1738271430154	1738271430849	OK	 
REQUEST		Get Cover Types By Product Id	1738271430153	1738271430863	OK	 
REQUEST		Get Cover Types By Product Id	1738271430153	1738271430897	OK	 
REQUEST		Get Cover Types By Product Id	1738271430200	1738271430899	OK	 
REQUEST		Get Cover Types By Product Id	1738271430191	1738271430901	OK	 
REQUEST		Get Cover Types By Product Id	1738271430177	1738271430903	OK	 
REQUEST		Get Cover Types By Product Id	1738271430176	1738271430904	OK	 
REQUEST		Get Cover Types By Product Id	1738271430154	1738271430904	OK	 
REQUEST		Get Cover Types By Product Id	1738271430201	1738271430908	OK	 
REQUEST		Get Cover Types By Product Id	1738271430350	1738271431068	OK	 
REQUEST		Get Cover Types By Product Id	1738271430461	1738271431204	OK	 
REQUEST		Get Cover Types By Product Id	1738271430651	1738271431371	OK	 
REQUEST		Get Cover Types By Product Id	1738271430821	1738271431539	OK	 
REQUEST		Get Cover Types By Product Id	1738271431065	1738271431781	OK	 
REQUEST		Get Cover Types By Product Id	1738271431111	1738271431805	OK	 
REQUEST		Get Cover Types By Product Id	1738271431287	1738271431969	OK	 
REQUEST		Get Cover Types By Product Id	1738271431419	1738271432135	OK	 
REQUEST		Get Cover Types By Product Id	1738271431425	1738271432135	OK	 
REQUEST		Get Cover Types By Product Id	1738271431556	1738271432290	OK	 
REQUEST		Get Cover Types By Product Id	1738271431573	1738271432290	OK	 
REQUEST		Get Cover Types By Product Id	1738271430536	1738271432291	OK	 
REQUEST		Get Cover Types By Product Id	1738271431746	1738271432453	OK	 
REQUEST		Get Cover Types By Product Id	1738271430894	1738271432576	OK	 
REQUEST		Get Cover Types By Product Id	1738271431942	1738271432647	OK	 
REQUEST		Get Cover Types By Product Id	1738271431942	1738271432647	OK	 
REQUEST		Get Cover Types By Product Id	1738271430974	1738271432688	OK	 
REQUEST		Get Cover Types By Product Id	1738271432075	1738271432756	OK	 
REQUEST		Get Cover Types By Product Id	1738271432119	1738271432831	OK	 
REQUEST		Get Cover Types By Product Id	1738271432180	1738271432870	OK	 
REQUEST		Get Cover Types By Product Id	1738271432282	1738271433000	OK	 
REQUEST		Get Cover Types By Product Id	1738271432363	1738271433039	OK	 
REQUEST		Get Cover Types By Product Id	1738271432425	1738271433122	OK	 
REQUEST		Get Cover Types By Product Id	1738271432561	1738271433298	OK	 
REQUEST		Get Cover Types By Product Id	1738271432608	1738271433355	OK	 
REQUEST		Get Cover Types By Product Id	1738271431233	1738271433368	OK	 
REQUEST		Get Cover Types By Product Id	1738271431712	1738271433417	OK	 
REQUEST		Get Cover Types By Product Id	1738271432916	1738271433633	OK	 
REQUEST		Get Cover Types By Product Id	1738271432957	1738271433636	OK	 
REQUEST		Get Cover Types By Product Id	1738271433153	1738271433835	OK	 
REQUEST		Get Cover Types By Product Id	1738271433151	1738271433837	OK	 
REQUEST		Get Cover Types By Product Id	1738271432802	1738271433939	OK	 
REQUEST		Get Cover Types By Product Id	1738271433268	1738271433939	OK	 
REQUEST		Get Cover Types By Product Id	1738271433283	1738271434001	OK	 
REQUEST		Get Cover Types By Product Id	1738271433454	1738271434153	OK	 
REQUEST		Get Cover Types By Product Id	1738271433452	1738271434180	OK	 
REQUEST		Get Cover Types By Product Id	1738271433560	1738271434237	OK	 
REQUEST		Get Cover Types By Product Id	1738271433568	1738271434237	OK	 
REQUEST		Get All Benefits	1738271435617	1738271436184	OK	 
REQUEST		Get All Benefits	1738271435617	1738271436247	OK	 
REQUEST		Get All Benefits	1738271435646	1738271436247	OK	 
REQUEST		Get All Benefits	1738271435617	1738271436247	OK	 
REQUEST		Get All Benefits	1738271435735	1738271436320	OK	 
REQUEST		Get All Benefits	1738271435617	1738271436358	OK	 
REQUEST		Get All Benefits	1738271435667	1738271436420	OK	 
REQUEST		Get All Benefits	1738271435736	1738271436444	OK	 
REQUEST		Get All Benefits	1738271435747	1738271436473	OK	 
REQUEST		Get All Benefits	1738271435742	1738271436479	OK	 
REQUEST		Get All Benefits	1738271435736	1738271436500	OK	 
REQUEST		Get All Benefits	1738271435761	1738271436561	OK	 
REQUEST		Get All Benefits	1738271435761	1738271436609	OK	 
REQUEST		Get All Benefits	1738271435760	1738271436616	OK	 
REQUEST		Get All Benefits	1738271435759	1738271436646	OK	 
REQUEST		Get All Benefits	1738271435761	1738271436647	OK	 
REQUEST		Get All Benefits	1738271435780	1738271436713	OK	 
REQUEST		Get All Benefits	1738271435851	1738271436720	OK	 
REQUEST		Get All Benefits	1738271435788	1738271436723	OK	 
REQUEST		Get All Benefits	1738271435850	1738271436754	OK	 
REQUEST		Get All Benefits	1738271435851	1738271436754	OK	 
REQUEST		Get All Benefits	1738271435865	1738271436760	OK	 
REQUEST		Get All Benefits	1738271435850	1738271436770	OK	 
REQUEST		Get All Benefits	1738271435900	1738271436779	OK	 
REQUEST		Get All Benefits	1738271435905	1738271436849	OK	 
REQUEST		Get All Benefits	1738271435900	1738271436886	OK	 
REQUEST		Get All Benefits	1738271435851	1738271436899	OK	 
REQUEST		Get All Benefits	1738271435851	1738271436922	OK	 
REQUEST		Get All Benefits	1738271435905	1738271437032	OK	 
REQUEST		Get All Benefits	1738271436207	1738271437032	OK	 
REQUEST		Get All Benefits	1738271435902	1738271437043	OK	 
REQUEST		Get All Benefits	1738271435910	1738271437078	OK	 
REQUEST		Get All Benefits	1738271435906	1738271437088	OK	 
REQUEST		Get All Benefits	1738271436375	1738271437154	OK	 
REQUEST		Get All Benefits	1738271436070	1738271437175	OK	 
REQUEST		Get All Benefits	1738271436541	1738271437179	OK	 
REQUEST		Get All Benefits	1738271436784	1738271437180	OK	 
REQUEST		Get All Benefits	1738271436808	1738271437260	OK	 
REQUEST		Get All Benefits	1738271436972	1738271437566	OK	 
REQUEST		Get All Benefits	1738271437292	1738271437749	OK	 
REQUEST		Get All Benefits	1738271437137	1738271437778	OK	 
REQUEST		Get All Benefits	1738271437137	1738271437785	OK	 
REQUEST		Get All Benefits	1738271437292	1738271437942	OK	 
REQUEST		Get All Benefits	1738271437292	1738271437942	OK	 
REQUEST		Get All Benefits	1738271437649	1738271438060	OK	 
REQUEST		Get All Benefits	1738271437649	1738271438077	OK	 
REQUEST		Get All Benefits	1738271437455	1738271438111	OK	 
REQUEST		Get All Benefits	1738271437579	1738271438127	OK	 
REQUEST		Get All Benefits	1738271437690	1738271438136	OK	 
REQUEST		Get All Benefits	1738271437758	1738271438169	OK	 
REQUEST		Get All Benefits	1738271437875	1738271438278	OK	 
REQUEST		Get All Benefits	1738271437834	1738271438376	OK	 
REQUEST		Get All Benefits	1738271438042	1738271438459	OK	 
REQUEST		Get All Benefits	1738271438124	1738271438524	OK	 
REQUEST		Get All Benefits	1738271438002	1738271438653	OK	 
REQUEST		Get All Benefits	1738271438301	1738271438765	OK	 
REQUEST		Get All Benefits	1738271438357	1738271438815	OK	 
REQUEST		Get All Benefits	1738271438420	1738271438981	OK	 
REQUEST		Get All Benefits	1738271438637	1738271439061	OK	 
REQUEST		Get All Benefits	1738271438639	1738271439252	OK	 
REQUEST		Get All Benefits	1738271438838	1738271439263	OK	 
REQUEST		Get All Benefits	1738271438838	1738271439438	OK	 
REQUEST		Get All Benefits	1738271439004	1738271439492	OK	 
REQUEST		Get All Benefits	1738271438942	1738271439585	OK	 
REQUEST		Get All Benefits	1738271438942	1738271439613	OK	 
REQUEST		Get All Benefits	1738271439182	1738271439747	OK	 
REQUEST		Get All Benefits	1738271438371	1738271439781	OK	 
REQUEST		Get All Benefits	1738271439156	1738271439797	OK	 
REQUEST		Get All Benefits	1738271439239	1738271439885	OK	 
REQUEST		Get All Benefits	1738271439239	1738271439942	OK	 
REQUEST		Get Valuers	1738271441361	1738271441739	OK	 
REQUEST		Get Valuers	1738271441569	1738271441787	OK	 
REQUEST		Get Valuers	1738271441244	1738271441816	OK	 
REQUEST		Get Valuers	1738271441324	1738271441833	OK	 
REQUEST		Get Valuers	1738271441312	1738271441961	OK	 
REQUEST		Get Valuers	1738271441501	1738271442114	OK	 
REQUEST		Get Valuers	1738271441315	1738271442119	OK	 
REQUEST		Get Valuers	1738271441482	1738271442119	OK	 
REQUEST		Get Valuers	1738271441716	1738271442122	OK	 
REQUEST		Get Valuers	1738271441756	1738271442183	OK	 
REQUEST		Get Valuers	1738271441482	1738271442201	OK	 
REQUEST		Get Valuers	1738271441648	1738271442253	OK	 
REQUEST		Get Valuers	1738271441503	1738271442256	OK	 
REQUEST		Get Valuers	1738271441614	1738271442341	OK	 
REQUEST		Get Valuers	1738271441726	1738271442368	OK	 
REQUEST		Get Valuers	1738271441649	1738271442368	OK	 
REQUEST		Get Valuers	1738271441850	1738271442420	OK	 
REQUEST		Get Valuers	1738271441782	1738271442422	OK	 
REQUEST		Get Valuers	1738271442034	1738271442422	OK	 
REQUEST		Get Valuers	1738271442081	1738271442438	OK	 
REQUEST		Get Valuers	1738271441634	1738271442471	OK	 
REQUEST		Get Valuers	1738271442045	1738271442471	OK	 
REQUEST		Get Valuers	1738271441772	1738271442473	OK	 
REQUEST		Get Valuers	1738271441889	1738271442473	OK	 
REQUEST		Get Valuers	1738271442034	1738271442473	OK	 
REQUEST		Get Valuers	1738271441722	1738271442500	OK	 
REQUEST		Get Valuers	1738271441762	1738271442560	OK	 
REQUEST		Get Valuers	1738271442178	1738271442579	OK	 
REQUEST		Get Valuers	1738271442092	1738271442605	OK	 
REQUEST		Get Valuers	1738271442181	1738271442725	OK	 
REQUEST		Get Valuers	1738271442157	1738271442725	OK	 
REQUEST		Get Valuers	1738271441524	1738271442802	OK	 
REQUEST		Get Valuers	1738271442569	1738271442923	OK	 
REQUEST		Get Valuers	1738271442751	1738271442957	OK	 
REQUEST		Get Valuers	1738271442261	1738271443021	OK	 
REQUEST		Get Valuers	1738271441924	1738271443041	OK	 
REQUEST		Get Valuers	1738271441757	1738271443105	OK	 
REQUEST		Get Valuers	1738271442781	1738271443147	OK	 
REQUEST		Get Valuers	1738271442788	1738271443152	OK	 
REQUEST		Get Valuers	1738271442181	1738271443236	OK	 
REQUEST		Get Valuers	1738271441901	1738271443243	OK	 
REQUEST		Get Valuers	1738271441318	1738271443271	OK	 
REQUEST		Get Valuers	1738271443064	1738271443273	OK	 
REQUEST		Get Valuers	1738271443080	1738271443282	OK	 
REQUEST		Get Valuers	1738271442945	1738271443322	OK	 
REQUEST		Get Valuers	1738271442945	1738271443323	OK	 
REQUEST		Get Valuers	1738271443140	1738271443341	OK	 
REQUEST		Get Valuers	1738271443172	1738271443379	OK	 
REQUEST		Get Valuers	1738271443280	1738271443478	OK	 
REQUEST		Get Valuers	1738271443130	1738271443506	OK	 
REQUEST		Get Valuers	1738271443114	1738271443506	OK	 
REQUEST		Get Valuers	1738271443461	1738271443669	OK	 
REQUEST		Get Valuers	1738271443379	1738271443749	OK	 
REQUEST		Get Valuers	1738271443527	1738271443749	OK	 
REQUEST		Get Valuers	1738271443768	1738271443969	OK	 
REQUEST		Get Valuers	1738271443656	1738271444036	OK	 
REQUEST		Get Valuers	1738271443817	1738271444037	OK	 
REQUEST		Get Valuers	1738271444065	1738271444267	OK	 
REQUEST		Get Valuers	1738271443983	1738271444348	OK	 
REQUEST		Get Valuers	1738271444265	1738271444459	OK	 
REQUEST		Get Valuers	1738271444255	1738271444650	OK	 
REQUEST		Get Valuers	1738271444495	1738271444687	OK	 
REQUEST		Get Valuers	1738271444440	1738271444824	OK	 
REQUEST		Get Valuers	1738271444588	1738271444950	OK	 
REQUEST		Get Valuers	1738271444749	1738271444952	OK	 
REQUEST		Get Valuers	1738271444784	1738271444982	OK	 
REQUEST		Get Valuers	1738271444615	1738271444988	OK	 
REQUEST		Get Valuers	1738271444800	1738271445169	OK	 
REQUEST		Get Valuers	1738271444887	1738271445247	OK	 
REQUEST		Get Valuers	1738271444946	1738271445299	OK	 
REQUEST		Get Mandatory Documents	1738271446791	1738271446972	OK	 
REQUEST		Get Mandatory Documents	1738271446819	1738271446994	OK	 
REQUEST		Get Mandatory Documents	1738271446835	1738271447049	OK	 
REQUEST		Get Mandatory Documents	1738271446744	1738271447117	OK	 
REQUEST		Get Mandatory Documents	1738271446963	1738271447141	OK	 
REQUEST		Get Mandatory Documents	1738271447126	1738271447350	OK	 
REQUEST		Get Mandatory Documents	1738271447185	1738271447373	OK	 
REQUEST		Get Mandatory Documents	1738271447116	1738271447456	OK	 
REQUEST		Get Mandatory Documents	1738271447121	1738271447469	OK	 
REQUEST		Get Mandatory Documents	1738271447123	1738271447514	OK	 
REQUEST		Get Mandatory Documents	1738271447204	1738271447566	OK	 
REQUEST		Get Mandatory Documents	1738271447256	1738271447596	OK	 
REQUEST		Get Mandatory Documents	1738271447422	1738271447603	OK	 
REQUEST		Get Mandatory Documents	1738271447258	1738271447649	OK	 
REQUEST		Get Mandatory Documents	1738271447423	1738271447649	OK	 
REQUEST		Get Mandatory Documents	1738271447424	1738271447649	OK	 
REQUEST		Get Mandatory Documents	1738271447440	1738271447650	OK	 
REQUEST		Get Mandatory Documents	1738271447475	1738271447664	OK	 
REQUEST		Get Mandatory Documents	1738271447475	1738271447676	OK	 
REQUEST		Get Mandatory Documents	1738271447373	1738271447726	OK	 
REQUEST		Get Mandatory Documents	1738271447372	1738271447730	OK	 
REQUEST		Get Mandatory Documents	1738271447563	1738271447742	OK	 
REQUEST		Get Mandatory Documents	1738271447473	1738271447829	OK	 
REQUEST		Get Mandatory Documents	1738271447475	1738271447828	OK	 
REQUEST		Get Mandatory Documents	1738271447502	1738271447847	OK	 
REQUEST		Get Mandatory Documents	1738271447343	1738271447872	OK	 
REQUEST		Get Mandatory Documents	1738271447580	1738271447951	OK	 
REQUEST		Get Mandatory Documents	1738271447804	1738271447986	OK	 
REQUEST		Get Mandatory Documents	1738271447607	1738271447999	OK	 
REQUEST		Get Mandatory Documents	1738271447473	1738271447999	OK	 
REQUEST		Get Mandatory Documents	1738271447925	1738271448112	OK	 
REQUEST		Get Mandatory Documents	1738271447727	1738271448118	OK	 
REQUEST		Get Mandatory Documents	1738271447727	1738271448118	OK	 
REQUEST		Get Mandatory Documents	1738271447960	1738271448140	OK	 
REQUEST		Get Mandatory Documents	1738271448023	1738271448198	OK	 
REQUEST		Get Mandatory Documents	1738271448155	1738271448338	OK	 
REQUEST		Get Mandatory Documents	1738271448150	1738271448349	OK	 
REQUEST		Get Mandatory Documents	1738271448044	1738271448416	OK	 
REQUEST		Get Mandatory Documents	1738271448238	1738271448421	OK	 
REQUEST		Get Mandatory Documents	1738271448275	1738271448466	OK	 
REQUEST		Get Mandatory Documents	1738271448285	1738271448473	OK	 
REQUEST		Get Mandatory Documents	1738271448108	1738271448477	OK	 
REQUEST		Get Mandatory Documents	1738271448325	1738271448503	OK	 
REQUEST		Get Mandatory Documents	1738271448343	1738271448559	OK	 
REQUEST		Get Mandatory Documents	1738271448325	1738271448559	OK	 
REQUEST		Get Mandatory Documents	1738271448382	1738271448561	OK	 
REQUEST		Get Mandatory Documents	1738271448245	1738271448614	OK	 
REQUEST		Get Mandatory Documents	1738271448480	1738271448669	OK	 
REQUEST		Get Mandatory Documents	1738271448509	1738271448721	OK	 
REQUEST		Get Mandatory Documents	1738271448509	1738271448725	OK	 
REQUEST		Get Mandatory Documents	1738271448274	1738271448788	OK	 
REQUEST		Get Mandatory Documents	1738271448671	1738271448848	OK	 
REQUEST		Get Mandatory Documents	1738271448752	1738271448959	OK	 
REQUEST		Get Mandatory Documents	1738271448752	1738271448962	OK	 
REQUEST		Get Mandatory Documents	1738271448972	1738271449154	OK	 
REQUEST		Get Mandatory Documents	1738271449041	1738271449236	OK	 
REQUEST		Get Mandatory Documents	1738271449040	1738271449261	OK	 
REQUEST		Get Mandatory Documents	1738271449269	1738271449471	OK	 
REQUEST		Get Mandatory Documents	1738271449350	1738271449528	OK	 
REQUEST		Get Mandatory Documents	1738271449461	1738271449643	OK	 
REQUEST		Get Mandatory Documents	1738271449653	1738271449836	OK	 
REQUEST		Get Mandatory Documents	1738271449690	1738271449865	OK	 
REQUEST		Get Mandatory Documents	1738271449828	1738271450057	OK	 
REQUEST		Get Mandatory Documents	1738271449953	1738271450139	OK	 
REQUEST		Get Mandatory Documents	1738271449955	1738271450145	OK	 
REQUEST		Get Mandatory Documents	1738271449984	1738271450171	OK	 
REQUEST		Get Mandatory Documents	1738271450174	1738271450368	OK	 
REQUEST		Get Mandatory Documents	1738271450249	1738271450423	OK	 
REQUEST		Get Mandatory Documents	1738271450302	1738271450511	OK	 
REQUEST		Get Mandatory Documents	1738271449991	1738271450649	OK	 
REQUEST		Get Outstanding Premiums	1738271451974	1738271452190	OK	 
REQUEST		Get Outstanding Premiums	1738271451997	1738271452190	OK	 
USER	Test API with Authentication	END	1738271452199
USER	Test API with Authentication	END	1738271452200
REQUEST		Get Outstanding Premiums	1738271452053	1738271452232	OK	 
USER	Test API with Authentication	END	1738271452233
REQUEST		Get Outstanding Premiums	1738271452143	1738271452334	OK	 
REQUEST		Get Outstanding Premiums	1738271452120	1738271452334	OK	 
USER	Test API with Authentication	END	1738271452337
USER	Test API with Authentication	END	1738271452337
REQUEST		Get Outstanding Premiums	1738271452352	1738271452525	OK	 
USER	Test API with Authentication	END	1738271452528
REQUEST		Get Outstanding Premiums	1738271452376	1738271452556	OK	 
USER	Test API with Authentication	END	1738271452559
REQUEST		Get Outstanding Premiums	1738271452459	1738271452633	OK	 
USER	Test API with Authentication	END	1738271452634
REQUEST		Get Outstanding Premiums	1738271452472	1738271452644	OK	 
USER	Test API with Authentication	END	1738271452645
REQUEST		Get Outstanding Premiums	1738271452517	1738271452693	OK	 
USER	Test API with Authentication	END	1738271452694
REQUEST		Get Outstanding Premiums	1738271452570	1738271452758	OK	 
USER	Test API with Authentication	END	1738271452759
REQUEST		Get Outstanding Premiums	1738271452599	1738271452777	OK	 
REQUEST		Get Outstanding Premiums	1738271452605	1738271452777	OK	 
USER	Test API with Authentication	END	1738271452777
USER	Test API with Authentication	END	1738271452778
REQUEST		Get Outstanding Premiums	1738271452652	1738271452831	OK	 
USER	Test API with Authentication	END	1738271452832
REQUEST		Get Outstanding Premiums	1738271452651	1738271452833	OK	 
REQUEST		Get Outstanding Premiums	1738271452651	1738271452833	OK	 
REQUEST		Get Outstanding Premiums	1738271452653	1738271452833	OK	 
USER	Test API with Authentication	END	1738271452834
USER	Test API with Authentication	END	1738271452834
USER	Test API with Authentication	END	1738271452834
REQUEST		Get Outstanding Premiums	1738271452667	1738271452842	OK	 
USER	Test API with Authentication	END	1738271452842
REQUEST		Get Outstanding Premiums	1738271452678	1738271452859	OK	 
USER	Test API with Authentication	END	1738271452860
REQUEST		Get Outstanding Premiums	1738271452728	1738271452925	OK	 
USER	Test API with Authentication	END	1738271452926
REQUEST		Get Outstanding Premiums	1738271452745	1738271452926	OK	 
USER	Test API with Authentication	END	1738271452927
REQUEST		Get Outstanding Premiums	1738271452732	1738271452929	OK	 
USER	Test API with Authentication	END	1738271452930
REQUEST		Get Outstanding Premiums	1738271452831	1738271453001	OK	 
REQUEST		Get Outstanding Premiums	1738271452831	1738271453001	OK	 
USER	Test API with Authentication	END	1738271453002
USER	Test API with Authentication	END	1738271453002
REQUEST		Get Outstanding Premiums	1738271452848	1738271453058	OK	 
USER	Test API with Authentication	END	1738271453060
REQUEST		Get Outstanding Premiums	1738271452874	1738271453062	OK	 
USER	Test API with Authentication	END	1738271453063
REQUEST		Get Outstanding Premiums	1738271452954	1738271453132	OK	 
USER	Test API with Authentication	END	1738271453133
REQUEST		Get Outstanding Premiums	1738271452989	1738271453163	OK	 
USER	Test API with Authentication	END	1738271453166
REQUEST		Get Outstanding Premiums	1738271453001	1738271453212	OK	 
USER	Test API with Authentication	END	1738271453212
REQUEST		Get Outstanding Premiums	1738271453002	1738271453221	OK	 
USER	Test API with Authentication	END	1738271453222
REQUEST		Get Outstanding Premiums	1738271453114	1738271453288	OK	 
USER	Test API with Authentication	END	1738271453289
REQUEST		Get Outstanding Premiums	1738271453121	1738271453294	OK	 
USER	Test API with Authentication	END	1738271453295
REQUEST		Get Outstanding Premiums	1738271453120	1738271453296	OK	 
USER	Test API with Authentication	END	1738271453297
REQUEST		Get Outstanding Premiums	1738271453142	1738271453339	OK	 
USER	Test API with Authentication	END	1738271453340
REQUEST		Get Outstanding Premiums	1738271453201	1738271453380	OK	 
USER	Test API with Authentication	END	1738271453381
REQUEST		Get Outstanding Premiums	1738271453341	1738271453516	OK	 
USER	Test API with Authentication	END	1738271453517
REQUEST		Get Outstanding Premiums	1738271453352	1738271453524	OK	 
USER	Test API with Authentication	END	1738271453525
REQUEST		Get Outstanding Premiums	1738271453417	1738271453591	OK	 
USER	Test API with Authentication	END	1738271453592
REQUEST		Get Outstanding Premiums	1738271453423	1738271453592	OK	 
USER	Test API with Authentication	END	1738271453592
REQUEST		Get Outstanding Premiums	1738271453470	1738271453650	OK	 
REQUEST		Get Outstanding Premiums	1738271453474	1738271453650	OK	 
USER	Test API with Authentication	END	1738271453651
USER	Test API with Authentication	END	1738271453652
REQUEST		Get Outstanding Premiums	1738271453480	1738271453653	OK	 
USER	Test API with Authentication	END	1738271453654
REQUEST		Get Outstanding Premiums	1738271453505	1738271453685	OK	 
USER	Test API with Authentication	END	1738271453686
REQUEST		Get Outstanding Premiums	1738271453562	1738271453740	OK	 
USER	Test API with Authentication	END	1738271453741
REQUEST		Get Outstanding Premiums	1738271453561	1738271453742	OK	 
REQUEST		Get Outstanding Premiums	1738271453561	1738271453742	OK	 
USER	Test API with Authentication	END	1738271453742
USER	Test API with Authentication	END	1738271453743
REQUEST		Get Outstanding Premiums	1738271453616	1738271453820	OK	 
USER	Test API with Authentication	END	1738271453821
REQUEST		Get Outstanding Premiums	1738271453672	1738271453845	OK	 
USER	Test API with Authentication	END	1738271453845
REQUEST		Get Outstanding Premiums	1738271453722	1738271453894	OK	 
USER	Test API with Authentication	END	1738271453895
REQUEST		Get Outstanding Premiums	1738271453727	1738271453958	OK	 
USER	Test API with Authentication	END	1738271453960
REQUEST		Get Outstanding Premiums	1738271453791	1738271453963	OK	 
USER	Test API with Authentication	END	1738271453963
REQUEST		Get Outstanding Premiums	1738271453850	1738271454023	OK	 
USER	Test API with Authentication	END	1738271454025
REQUEST		Get Outstanding Premiums	1738271453962	1738271454135	OK	 
USER	Test API with Authentication	END	1738271454137
REQUEST		Get Outstanding Premiums	1738271453964	1738271454139	OK	 
USER	Test API with Authentication	END	1738271454140
REQUEST		Get Outstanding Premiums	1738271454158	1738271454339	OK	 
USER	Test API with Authentication	END	1738271454340
REQUEST		Get Outstanding Premiums	1738271454240	1738271454423	OK	 
USER	Test API with Authentication	END	1738271454424
REQUEST		Get Outstanding Premiums	1738271454263	1738271454438	OK	 
USER	Test API with Authentication	END	1738271454439
REQUEST		Get Outstanding Premiums	1738271454473	1738271454647	OK	 
USER	Test API with Authentication	END	1738271454649
REQUEST		Get Outstanding Premiums	1738271454535	1738271454715	OK	 
USER	Test API with Authentication	END	1738271454716
REQUEST		Get Outstanding Premiums	1738271454647	1738271454838	OK	 
USER	Test API with Authentication	END	1738271454842
REQUEST		Get Outstanding Premiums	1738271454841	1738271455014	OK	 
USER	Test API with Authentication	END	1738271455016
REQUEST		Get Outstanding Premiums	1738271454866	1738271455039	OK	 
USER	Test API with Authentication	END	1738271455040
REQUEST		Get Outstanding Premiums	1738271455060	1738271455233	OK	 
USER	Test API with Authentication	END	1738271455235
REQUEST		Get Outstanding Premiums	1738271455142	1738271455331	OK	 
REQUEST		Get Outstanding Premiums	1738271455147	1738271455332	OK	 
USER	Test API with Authentication	END	1738271455334
USER	Test API with Authentication	END	1738271455335
REQUEST		Get Outstanding Premiums	1738271455173	1738271455351	OK	 
USER	Test API with Authentication	END	1738271455357
REQUEST		Get Outstanding Premiums	1738271455372	1738271455560	OK	 
USER	Test API with Authentication	END	1738271455562
REQUEST		Get Outstanding Premiums	1738271455425	1738271455628	OK	 
USER	Test API with Authentication	END	1738271455629
REQUEST		Get Outstanding Premiums	1738271455513	1738271455686	OK	 
USER	Test API with Authentication	END	1738271455688
REQUEST		Get Outstanding Premiums	1738271455651	1738271455844	OK	 
USER	Test API with Authentication	END	1738271455844
