RUN	simulations.BasicSimulation	basicsimulation	1738253152879	 	3.9.5
USER	Test API with Authentication	START	1738253155097
USER	Test API with Authentication	START	1738253155097
USER	Test API with Authentication	START	1738253155097
USER	Test API with Authentication	START	1738253155097
USER	Test API with Authentication	START	1738253155097
USER	Test API with Authentication	START	1738253155098
USER	Test API with Authentication	START	1738253155098
USER	Test API with Authentication	START	1738253155098
USER	Test API with Authentication	START	1738253155098
USER	Test API with Authentication	START	1738253155098
REQUEST		Authenticate	1738253155048	1738253155978	OK	 
REQUEST		Authenticate	1738253155048	1738253155989	OK	 
REQUEST		Authenticate	1738253155048	1738253156096	OK	 
REQUEST		Authenticate	1738253155048	1738253156097	OK	 
REQUEST		Authenticate	1738253155048	1738253156234	OK	 
REQUEST		Authenticate	1738253155048	1738253156240	OK	 
REQUEST		Authenticate	1738253155048	1738253156354	OK	 
REQUEST		Authenticate	1738253155048	1738253156361	OK	 
REQUEST		Authenticate	1738253155048	1738253156432	OK	 
REQUEST		Authenticate	1738253155048	1738253157140	OK	 
REQUEST		Get Cover Types By Product Id	1738253161109	1738253161834	OK	 
REQUEST		Get Cover Types By Product Id	1738253161093	1738253161833	OK	 
REQUEST		Get Cover Types By Product Id	1738253161079	1738253161833	OK	 
REQUEST		Get Cover Types By Product Id	1738253161114	1738253161874	OK	 
REQUEST		Get Cover Types By Product Id	1738253161243	1738253161937	OK	 
REQUEST		Get Cover Types By Product Id	1738253161237	1738253161949	OK	 
REQUEST		Get Cover Types By Product Id	1738253161357	1738253162046	OK	 
REQUEST		Get Cover Types By Product Id	1738253161363	1738253162047	OK	 
REQUEST		Get Cover Types By Product Id	1738253161435	1738253162243	OK	 
REQUEST		Get Cover Types By Product Id	1738253162144	1738253162875	OK	 
REQUEST		Get All Benefits	1738253166841	1738253167290	OK	 
REQUEST		Get All Benefits	1738253166841	1738253167338	OK	 
REQUEST		Get All Benefits	1738253166841	1738253167350	OK	 
REQUEST		Get All Benefits	1738253166952	1738253167398	OK	 
REQUEST		Get All Benefits	1738253166940	1738253167409	OK	 
REQUEST		Get All Benefits	1738253167049	1738253167513	OK	 
REQUEST		Get All Benefits	1738253166877	1738253167524	OK	 
REQUEST		Get All Benefits	1738253167049	1738253167670	OK	 
REQUEST		Get All Benefits	1738253167246	1738253167824	OK	 
REQUEST		Get All Benefits	1738253167880	1738253168286	OK	 
REQUEST		Get Valuers	1738253172297	1738253172506	OK	 
REQUEST		Get Valuers	1738253172341	1738253172549	OK	 
REQUEST		Get Valuers	1738253172352	1738253172571	OK	 
REQUEST		Get Valuers	1738253172401	1738253172636	OK	 
REQUEST		Get Valuers	1738253172412	1738253172651	OK	 
REQUEST		Get Valuers	1738253172516	1738253172743	OK	 
REQUEST		Get Valuers	1738253172527	1738253172914	OK	 
REQUEST		Get Valuers	1738253172673	1738253173040	OK	 
REQUEST		Get Valuers	1738253172827	1738253173204	OK	 
REQUEST		Get Valuers	1738253173289	1738253173527	OK	 
REQUEST		Get Mandatory Documents	1738253177510	1738253177719	OK	 
REQUEST		Get Mandatory Documents	1738253177552	1738253177735	OK	 
REQUEST		Get Mandatory Documents	1738253177573	1738253177759	OK	 
REQUEST		Get Mandatory Documents	1738253177639	1738253177842	OK	 
REQUEST		Get Mandatory Documents	1738253177653	1738253177842	OK	 
REQUEST		Get Mandatory Documents	1738253177745	1738253177943	OK	 
REQUEST		Get Mandatory Documents	1738253177916	1738253178140	OK	 
REQUEST		Get Mandatory Documents	1738253178044	1738253178231	OK	 
REQUEST		Get Mandatory Documents	1738253178208	1738253178436	OK	 
REQUEST		Get Mandatory Documents	1738253178530	1738253178736	OK	 
REQUEST		Get Outstanding Premiums	1738253182762	1738253182946	OK	 
REQUEST		Get Outstanding Premiums	1738253182723	1738253182945	OK	 
REQUEST		Get Outstanding Premiums	1738253182738	1738253182946	OK	 
USER	Test API with Authentication	END	1738253182953
USER	Test API with Authentication	END	1738253182953
USER	Test API with Authentication	END	1738253182953
REQUEST		Get Outstanding Premiums	1738253182844	1738253183023	OK	 
REQUEST		Get Outstanding Premiums	1738253182844	1738253183025	OK	 
USER	Test API with Authentication	END	1738253183025
USER	Test API with Authentication	END	1738253183025
REQUEST		Get Outstanding Premiums	1738253182946	1738253183124	OK	 
USER	Test API with Authentication	END	1738253183127
REQUEST		Get Outstanding Premiums	1738253183143	1738253183332	OK	 
USER	Test API with Authentication	END	1738253183333
REQUEST		Get Outstanding Premiums	1738253183234	1738253183411	OK	 
USER	Test API with Authentication	END	1738253183414
REQUEST		Get Outstanding Premiums	1738253183439	1738253183620	OK	 
USER	Test API with Authentication	END	1738253183621
REQUEST		Get Outstanding Premiums	1738253183739	1738253183921	OK	 
USER	Test API with Authentication	END	1738253183923
