RUN	simulations.BasicSimulation	basicsimulation	1738252725583	 	3.9.5
USER	Test API with Authentication	START	1738252726712
USER	Test API with Authentication	START	1738252726713
USER	Test API with Authentication	START	1738252726713
USER	Test API with Authentication	START	1738252726713
USER	Test API with Authentication	START	1738252726713
USER	Test API with Authentication	START	1738252726713
USER	Test API with Authentication	START	1738252726713
USER	Test API with Authentication	START	1738252726713
USER	Test API with Authentication	START	1738252726713
USER	Test API with Authentication	START	1738252726713
REQUEST		Authenticate	1738252726708	1738252727597	OK	 
REQUEST		Authenticate	1738252726708	1738252727590	OK	 
REQUEST		Authenticate	1738252726708	1738252727725	OK	 
REQUEST		Authenticate	1738252726708	1738252727725	OK	 
REQUEST		Authenticate	1738252726708	1738252727866	OK	 
REQUEST		Authenticate	1738252726708	1738252727886	OK	 
REQUEST		Authenticate	1738252726708	1738252728004	OK	 
REQUEST		Authenticate	1738252726708	1738252728049	OK	 
REQUEST		Authenticate	1738252726708	1738252728113	OK	 
REQUEST		Authenticate	1738252726708	1738252728170	OK	 
REQUEST		Get Cover Types By Product Id	1738252732652	1738252733360	OK	 
REQUEST		Get Cover Types By Product Id	1738252732652	1738252733360	OK	 
REQUEST		Get Cover Types By Product Id	1738252732728	1738252733439	OK	 
REQUEST		Get Cover Types By Product Id	1738252732728	1738252733441	OK	 
REQUEST		Get Cover Types By Product Id	1738252732870	1738252733564	OK	 
REQUEST		Get Cover Types By Product Id	1738252732890	1738252733623	OK	 
REQUEST		Get Cover Types By Product Id	1738252733052	1738252733738	OK	 
REQUEST		Get Cover Types By Product Id	1738252733117	1738252733866	OK	 
REQUEST		Get Cover Types By Product Id	1738252733174	1738252733881	OK	 
REQUEST		Get Cover Types By Product Id	1738252733009	1738252734155	OK	 
REQUEST		Get All Benefits	1738252738373	1738252738789	OK	 
USER	Test API with Authentication	END	1738252738808
REQUEST		Get All Benefits	1738252738440	1738252738871	OK	 
USER	Test API with Authentication	END	1738252738873
REQUEST		Get All Benefits	1738252738567	1738252738986	OK	 
USER	Test API with Authentication	END	1738252738987
REQUEST		Get All Benefits	1738252738373	1738252738999	OK	 
USER	Test API with Authentication	END	1738252739000
REQUEST		Get All Benefits	1738252738444	1738252739064	OK	 
USER	Test API with Authentication	END	1738252739065
REQUEST		Get All Benefits	1738252738625	1738252739270	OK	 
USER	Test API with Authentication	END	1738252739276
REQUEST		Get All Benefits	1738252738868	1738252739289	OK	 
USER	Test API with Authentication	END	1738252739290
REQUEST		Get All Benefits	1738252738741	1738252739295	OK	 
USER	Test API with Authentication	END	1738252739296
REQUEST		Get All Benefits	1738252738887	1738252739484	OK	 
USER	Test API with Authentication	END	1738252739485
REQUEST		Get All Benefits	1738252739159	1738252739593	OK	 
USER	Test API with Authentication	END	1738252739595
