RUN	simulations.BasicSimulation	basicsimulation	1738252774715	 	3.9.5
USER	Test API with Authentication	START	1738252775913
USER	Test API with Authentication	START	1738252775913
USER	Test API with Authentication	START	1738252775913
USER	Test API with Authentication	START	1738252775913
USER	Test API with Authentication	START	1738252775913
USER	Test API with Authentication	START	1738252775913
USER	Test API with Authentication	START	1738252775913
USER	Test API with Authentication	START	1738252775913
USER	Test API with Authentication	START	1738252775914
USER	Test API with Authentication	START	1738252775914
REQUEST		Authenticate	1738252775908	1738252776809	OK	 
REQUEST		Authenticate	1738252775908	1738252776849	OK	 
REQUEST		Authenticate	1738252775908	1738252776997	OK	 
REQUEST		Authenticate	1738252775908	1738252777007	OK	 
REQUEST		Authenticate	1738252775908	1738252777150	OK	 
REQUEST		Authenticate	1738252775908	1738252777150	OK	 
REQUEST		Authenticate	1738252775909	1738252777259	OK	 
REQUEST		Authenticate	1738252775908	1738252777279	OK	 
REQUEST		Authenticate	1738252775908	1738252777381	OK	 
REQUEST		Authenticate	1738252775909	1738252777390	OK	 
REQUEST		Get Cover Types By Product Id	1738252781865	1738252782640	OK	 
REQUEST		Get Cover Types By Product Id	1738252781865	1738252782646	OK	 
REQUEST		Get Cover Types By Product Id	1738252781999	1738252782686	OK	 
REQUEST		Get Cover Types By Product Id	1738252782009	1738252782695	OK	 
REQUEST		Get Cover Types By Product Id	1738252782154	1738252782857	OK	 
REQUEST		Get Cover Types By Product Id	1738252782154	1738252782857	OK	 
REQUEST		Get Cover Types By Product Id	1738252782282	1738252782992	OK	 
REQUEST		Get Cover Types By Product Id	1738252782264	1738252782992	OK	 
REQUEST		Get Cover Types By Product Id	1738252782387	1738252783105	OK	 
REQUEST		Get Cover Types By Product Id	1738252782394	1738252783108	OK	 
REQUEST		Get All Benefits	1738252787697	1738252788190	OK	 
REQUEST		Get All Benefits	1738252787649	1738252788282	OK	 
REQUEST		Get All Benefits	1738252787861	1738252788284	OK	 
REQUEST		Get All Benefits	1738252787690	1738252788338	OK	 
REQUEST		Get All Benefits	1738252787646	1738252788340	OK	 
REQUEST		Get All Benefits	1738252787995	1738252788395	OK	 
REQUEST		Get All Benefits	1738252787861	1738252788471	OK	 
REQUEST		Get All Benefits	1738252787995	1738252788557	OK	 
REQUEST		Get All Benefits	1738252788110	1738252788703	OK	 
REQUEST		Get All Benefits	1738252788108	1738252788705	OK	 
REQUEST		Get All Benefits	1738252793199	1738252793443	OK	 
USER	Test API with Authentication	END	1738252793450
REQUEST		Get All Benefits	1738252793286	1738252793579	OK	 
USER	Test API with Authentication	END	1738252793580
REQUEST		Get All Benefits	1738252793399	1738252793678	OK	 
USER	Test API with Authentication	END	1738252793679
REQUEST		Get All Benefits	1738252793285	1738252793922	OK	 
USER	Test API with Authentication	END	1738252793924
REQUEST		Get All Benefits	1738252793342	1738252793944	OK	 
USER	Test API with Authentication	END	1738252793946
REQUEST		Get All Benefits	1738252793342	1738252793948	OK	 
USER	Test API with Authentication	END	1738252793949
REQUEST		Get All Benefits	1738252793474	1738252794064	OK	 
USER	Test API with Authentication	END	1738252794066
REQUEST		Get All Benefits	1738252793560	1738252794156	OK	 
USER	Test API with Authentication	END	1738252794159
REQUEST		Get All Benefits	1738252793705	1738252794316	OK	 
USER	Test API with Authentication	END	1738252794319
REQUEST		Get All Benefits	1738252793707	1738252794327	OK	 
USER	Test API with Authentication	END	1738252794329
