RUN	simulations.BasicSimulation	basicsimulation	1738271525198	 	3.9.5
USER	Test API with Authentication	START	1738271526884
USER	Test API with Authentication	START	1738271526884
USER	Test API with Authentication	START	1738271526885
USER	Test API with Authentication	START	1738271526885
USER	Test API with Authentication	START	1738271526885
USER	Test API with Authentication	START	1738271526885
USER	Test API with Authentication	START	1738271526885
USER	Test API with Authentication	START	1738271526885
USER	Test API with Authentication	START	1738271526885
USER	Test API with Authentication	START	1738271526885
USER	Test API with Authentication	START	1738271526886
USER	Test API with Authentication	START	1738271526886
USER	Test API with Authentication	START	1738271526886
USER	Test API with Authentication	START	1738271526886
USER	Test API with Authentication	START	1738271526886
USER	Test API with Authentication	START	1738271526886
USER	Test API with Authentication	START	1738271526886
USER	Test API with Authentication	START	1738271526887
USER	Test API with Authentication	START	1738271526887
USER	Test API with Authentication	START	1738271526887
USER	Test API with Authentication	START	1738271526887
USER	Test API with Authentication	START	1738271526888
USER	Test API with Authentication	START	1738271526888
USER	Test API with Authentication	START	1738271526888
USER	Test API with Authentication	START	1738271526888
USER	Test API with Authentication	START	1738271526888
USER	Test API with Authentication	START	1738271526888
USER	Test API with Authentication	START	1738271526888
USER	Test API with Authentication	START	1738271526889
USER	Test API with Authentication	START	1738271526889
USER	Test API with Authentication	START	1738271526889
USER	Test API with Authentication	START	1738271526889
USER	Test API with Authentication	START	1738271526889
USER	Test API with Authentication	START	1738271526889
USER	Test API with Authentication	START	1738271526889
USER	Test API with Authentication	START	1738271526890
USER	Test API with Authentication	START	1738271526890
USER	Test API with Authentication	START	1738271526890
USER	Test API with Authentication	START	1738271526890
USER	Test API with Authentication	START	1738271526890
USER	Test API with Authentication	START	1738271526890
USER	Test API with Authentication	START	1738271526891
USER	Test API with Authentication	START	1738271526891
USER	Test API with Authentication	START	1738271526891
USER	Test API with Authentication	START	1738271526891
USER	Test API with Authentication	START	1738271526891
USER	Test API with Authentication	START	1738271526891
USER	Test API with Authentication	START	1738271526891
USER	Test API with Authentication	START	1738271526891
USER	Test API with Authentication	START	1738271526892
USER	Test API with Authentication	START	1738271526892
USER	Test API with Authentication	START	1738271526892
USER	Test API with Authentication	START	1738271526892
USER	Test API with Authentication	START	1738271526892
USER	Test API with Authentication	START	1738271526892
USER	Test API with Authentication	START	1738271526892
USER	Test API with Authentication	START	1738271526892
USER	Test API with Authentication	START	1738271526893
USER	Test API with Authentication	START	1738271526893
USER	Test API with Authentication	START	1738271526893
USER	Test API with Authentication	START	1738271526893
USER	Test API with Authentication	START	1738271526893
USER	Test API with Authentication	START	1738271526893
USER	Test API with Authentication	START	1738271526894
USER	Test API with Authentication	START	1738271526894
USER	Test API with Authentication	START	1738271526894
USER	Test API with Authentication	START	1738271526894
USER	Test API with Authentication	START	1738271526894
USER	Test API with Authentication	START	1738271526895
USER	Test API with Authentication	START	1738271526895
USER	Test API with Authentication	START	1738271526895
USER	Test API with Authentication	START	1738271526895
USER	Test API with Authentication	START	1738271526895
USER	Test API with Authentication	START	1738271526895
USER	Test API with Authentication	START	1738271526895
USER	Test API with Authentication	START	1738271526895
USER	Test API with Authentication	START	1738271526896
USER	Test API with Authentication	START	1738271526896
USER	Test API with Authentication	START	1738271526896
USER	Test API with Authentication	START	1738271526896
USER	Test API with Authentication	START	1738271526896
USER	Test API with Authentication	START	1738271526896
USER	Test API with Authentication	START	1738271526896
USER	Test API with Authentication	START	1738271526897
USER	Test API with Authentication	START	1738271526897
USER	Test API with Authentication	START	1738271526897
USER	Test API with Authentication	START	1738271526897
USER	Test API with Authentication	START	1738271526897
USER	Test API with Authentication	START	1738271526897
USER	Test API with Authentication	START	1738271526897
USER	Test API with Authentication	START	1738271526897
USER	Test API with Authentication	START	1738271526897
USER	Test API with Authentication	START	1738271526898
USER	Test API with Authentication	START	1738271526898
USER	Test API with Authentication	START	1738271526898
USER	Test API with Authentication	START	1738271526898
USER	Test API with Authentication	START	1738271526898
USER	Test API with Authentication	START	1738271526899
USER	Test API with Authentication	START	1738271526899
USER	Test API with Authentication	START	1738271526899
REQUEST		Authenticate	1738271526893	1738271527751	OK	 
REQUEST		Authenticate	1738271526891	1738271527835	OK	 
REQUEST		Authenticate	1738271526886	1738271527892	OK	 
REQUEST		Authenticate	1738271526886	1738271528036	OK	 
REQUEST		Authenticate	1738271526889	1738271528036	OK	 
REQUEST		Authenticate	1738271526895	1738271528163	OK	 
REQUEST		Authenticate	1738271526890	1738271528162	OK	 
REQUEST		Authenticate	1738271526885	1738271528269	OK	 
REQUEST		Authenticate	1738271526887	1738271528302	OK	 
REQUEST		Authenticate	1738271526892	1738271528404	OK	 
REQUEST		Authenticate	1738271526885	1738271528430	OK	 
REQUEST		Authenticate	1738271526887	1738271528535	OK	 
REQUEST		Authenticate	1738271526889	1738271528572	OK	 
REQUEST		Authenticate	1738271526894	1738271528691	OK	 
REQUEST		Authenticate	1738271526889	1738271528905	OK	 
REQUEST		Authenticate	1738271526881	1738271529021	OK	 
REQUEST		Authenticate	1738271526881	1738271529139	OK	 
REQUEST		Authenticate	1738271526885	1738271529313	OK	 
REQUEST		Authenticate	1738271526889	1738271529371	OK	 
REQUEST		Authenticate	1738271526893	1738271529776	OK	 
REQUEST		Authenticate	1738271526881	1738271529888	OK	 
REQUEST		Authenticate	1738271526885	1738271530008	OK	 
REQUEST		Authenticate	1738271526887	1738271530151	OK	 
REQUEST		Authenticate	1738271526893	1738271530205	OK	 
REQUEST		Authenticate	1738271526885	1738271530257	OK	 
REQUEST		Authenticate	1738271526894	1738271530378	OK	 
REQUEST		Authenticate	1738271526898	1738271530608	OK	 
REQUEST		Authenticate	1738271526892	1738271530754	OK	 
REQUEST		Authenticate	1738271526885	1738271530833	OK	 
REQUEST		Authenticate	1738271526891	1738271530896	OK	 
REQUEST		Authenticate	1738271526889	1738271530945	OK	 
REQUEST		Authenticate	1738271526881	1738271530968	OK	 
REQUEST		Authenticate	1738271526881	1738271531055	OK	 
REQUEST		Authenticate	1738271526895	1738271531059	OK	 
REQUEST		Authenticate	1738271526891	1738271531111	OK	 
REQUEST		Authenticate	1738271526881	1738271531162	OK	 
REQUEST		Authenticate	1738271526886	1738271531373	OK	 
REQUEST		Authenticate	1738271526892	1738271531376	OK	 
REQUEST		Authenticate	1738271526895	1738271531458	OK	 
REQUEST		Authenticate	1738271526895	1738271531495	OK	 
REQUEST		Authenticate	1738271526895	1738271531580	OK	 
REQUEST		Authenticate	1738271526893	1738271531652	OK	 
REQUEST		Authenticate	1738271526890	1738271531706	OK	 
REQUEST		Authenticate	1738271526890	1738271531764	OK	 
REQUEST		Authenticate	1738271526881	1738271531814	OK	 
REQUEST		Authenticate	1738271526890	1738271531854	OK	 
REQUEST		Authenticate	1738271526886	1738271531953	OK	 
REQUEST		Authenticate	1738271526886	1738271531983	OK	 
REQUEST		Authenticate	1738271526881	1738271532045	OK	 
REQUEST		Authenticate	1738271526881	1738271532117	OK	 
REQUEST		Authenticate	1738271526891	1738271532173	OK	 
REQUEST		Authenticate	1738271526891	1738271532251	OK	 
REQUEST		Authenticate	1738271526885	1738271532305	OK	 
REQUEST		Authenticate	1738271526881	1738271532388	OK	 
REQUEST		Authenticate	1738271526888	1738271532438	OK	 
REQUEST		Authenticate	1738271526881	1738271532547	OK	 
REQUEST		Authenticate	1738271526894	1738271532558	OK	 
REQUEST		Authenticate	1738271526881	1738271532674	OK	 
REQUEST		Authenticate	1738271526896	1738271532736	OK	 
REQUEST		Authenticate	1738271526899	1738271532847	OK	 
REQUEST		Authenticate	1738271526881	1738271532862	OK	 
REQUEST		Authenticate	1738271526893	1738271532935	OK	 
REQUEST		Authenticate	1738271526892	1738271532987	OK	 
REQUEST		Authenticate	1738271526891	1738271533080	OK	 
REQUEST		Authenticate	1738271526898	1738271533107	OK	 
REQUEST		Authenticate	1738271526896	1738271533231	OK	 
REQUEST		Authenticate	1738271526889	1738271533234	OK	 
REQUEST		Authenticate	1738271526892	1738271533355	OK	 
REQUEST		Authenticate	1738271526886	1738271533453	OK	 
REQUEST		Authenticate	1738271526893	1738271533482	OK	 
REQUEST		Get Cover Types By Product Id	1738271532789	1738271533494	OK	 
REQUEST		Get Cover Types By Product Id	1738271532838	1738271533518	OK	 
REQUEST		Authenticate	1738271526892	1738271533543	OK	 
REQUEST		Get Cover Types By Product Id	1738271532894	1738271533613	OK	 
REQUEST		Authenticate	1738271526894	1738271533615	OK	 
REQUEST		Authenticate	1738271526881	1738271533667	OK	 
REQUEST		Get Cover Types By Product Id	1738271533039	1738271533747	OK	 
REQUEST		Get Cover Types By Product Id	1738271533039	1738271533747	OK	 
REQUEST		Authenticate	1738271526893	1738271533760	OK	 
REQUEST		Authenticate	1738271526895	1738271533773	OK	 
REQUEST		Get Cover Types By Product Id	1738271533166	1738271533845	OK	 
REQUEST		Get Cover Types By Product Id	1738271533166	1738271533858	OK	 
REQUEST		Authenticate	1738271526893	1738271533911	OK	 
REQUEST		Authenticate	1738271526894	1738271533920	OK	 
REQUEST		Get Cover Types By Product Id	1738271533273	1738271533975	OK	 
REQUEST		Authenticate	1738271526897	1738271534000	OK	 
REQUEST		Get Cover Types By Product Id	1738271533306	1738271534047	OK	 
REQUEST		Authenticate	1738271526897	1738271534048	OK	 
REQUEST		Get Cover Types By Product Id	1738271533407	1738271534117	OK	 
REQUEST		Authenticate	1738271526896	1738271534125	OK	 
REQUEST		Get Cover Types By Product Id	1738271533433	1738271534144	OK	 
REQUEST		Authenticate	1738271526894	1738271534171	OK	 
REQUEST		Get Cover Types By Product Id	1738271533540	1738271534267	OK	 
REQUEST		Get Cover Types By Product Id	1738271533577	1738271534268	OK	 
REQUEST		Authenticate	1738271526897	1738271534268	OK	 
REQUEST		Authenticate	1738271526887	1738271534346	OK	 
REQUEST		Get Cover Types By Product Id	1738271533696	1738271534385	OK	 
REQUEST		Authenticate	1738271526898	1738271534403	OK	 
REQUEST		Authenticate	1738271526897	1738271534472	OK	 
REQUEST		Authenticate	1738271526896	1738271534532	OK	 
REQUEST		Authenticate	1738271526895	1738271534595	OK	 
REQUEST		Get Cover Types By Product Id	1738271533909	1738271534597	OK	 
REQUEST		Authenticate	1738271526891	1738271534663	OK	 
REQUEST		Get Cover Types By Product Id	1738271534024	1738271534714	OK	 
REQUEST		Authenticate	1738271526898	1738271534756	OK	 
REQUEST		Authenticate	1738271526897	1738271534849	OK	 
REQUEST		Get Cover Types By Product Id	1738271534144	1738271534849	OK	 
REQUEST		Get Cover Types By Product Id	1738271534317	1738271535012	OK	 
REQUEST		Authenticate	1738271526888	1738271535012	OK	 
REQUEST		Authenticate	1738271526896	1738271535037	OK	 
REQUEST		Get Cover Types By Product Id	1738271534375	1738271535062	OK	 
REQUEST		Authenticate	1738271526893	1738271535129	OK	 
REQUEST		Authenticate	1738271526890	1738271535191	OK	 
REQUEST		Authenticate	1738271526887	1738271535259	OK	 
REQUEST		Authenticate	1738271526881	1738271535311	OK	 
REQUEST		Authenticate	1738271526897	1738271535369	OK	 
REQUEST		Authenticate	1738271526897	1738271535453	OK	 
REQUEST		Get Cover Types By Product Id	1738271534781	1738271535467	OK	 
REQUEST		Authenticate	1738271526881	1738271535494	OK	 
REQUEST		Authenticate	1738271526894	1738271535543	OK	 
REQUEST		Get Cover Types By Product Id	1738271534893	1738271535617	OK	 
REQUEST		Get Cover Types By Product Id	1738271535015	1738271535784	OK	 
REQUEST		Get Cover Types By Product Id	1738271535154	1738271535843	OK	 
REQUEST		Get Cover Types By Product Id	1738271535209	1738271535948	OK	 
REQUEST		Get Cover Types By Product Id	1738271535261	1738271535960	OK	 
REQUEST		Get Cover Types By Product Id	1738271535382	1738271536073	OK	 
REQUEST		Get Cover Types By Product Id	1738271535758	1738271536451	OK	 
REQUEST		Get Cover Types By Product Id	1738271535837	1738271536509	OK	 
REQUEST		Get Cover Types By Product Id	1738271535902	1738271536624	OK	 
REQUEST		Get Cover Types By Product Id	1738271535948	1738271536664	OK	 
REQUEST		Get Cover Types By Product Id	1738271535972	1738271536668	OK	 
REQUEST		Get Cover Types By Product Id	1738271535614	1738271536756	OK	 
REQUEST		Get Cover Types By Product Id	1738271536060	1738271536788	OK	 
REQUEST		Get Cover Types By Product Id	1738271536063	1738271536789	OK	 
REQUEST		Get Cover Types By Product Id	1738271536113	1738271536820	OK	 
REQUEST		Get Cover Types By Product Id	1738271536166	1738271536856	OK	 
REQUEST		Get Cover Types By Product Id	1738271536379	1738271537087	OK	 
REQUEST		Get Cover Types By Product Id	1738271536381	1738271537088	OK	 
REQUEST		Get Cover Types By Product Id	1738271536461	1738271537161	OK	 
REQUEST		Get Cover Types By Product Id	1738271536499	1738271537167	OK	 
REQUEST		Get Cover Types By Product Id	1738271536585	1738271537270	OK	 
REQUEST		Get Cover Types By Product Id	1738271536655	1738271537345	OK	 
REQUEST		Get Cover Types By Product Id	1738271536710	1738271537422	OK	 
REQUEST		Get Cover Types By Product Id	1738271536768	1738271537460	OK	 
REQUEST		Get Cover Types By Product Id	1738271536819	1738271537520	OK	 
REQUEST		Get Cover Types By Product Id	1738271536863	1738271537582	OK	 
REQUEST		Get Cover Types By Product Id	1738271536957	1738271537679	OK	 
REQUEST		Get Cover Types By Product Id	1738271536986	1738271537684	OK	 
REQUEST		Get Cover Types By Product Id	1738271537049	1738271537744	OK	 
REQUEST		Get Cover Types By Product Id	1738271537121	1738271537819	OK	 
REQUEST		Get Cover Types By Product Id	1738271537176	1738271537869	OK	 
REQUEST		Get Cover Types By Product Id	1738271537256	1738271537986	OK	 
REQUEST		Get Cover Types By Product Id	1738271537311	1738271538017	OK	 
REQUEST		Get Cover Types By Product Id	1738271537392	1738271538112	OK	 
REQUEST		Get Cover Types By Product Id	1738271537441	1738271538164	OK	 
REQUEST		Get Cover Types By Product Id	1738271537562	1738271538279	OK	 
REQUEST		Get Cover Types By Product Id	1738271537552	1738271538287	OK	 
REQUEST		Get Cover Types By Product Id	1738271537679	1738271538358	OK	 
REQUEST		Get Cover Types By Product Id	1738271537740	1738271538448	OK	 
REQUEST		Get Cover Types By Product Id	1738271537852	1738271538586	OK	 
REQUEST		Get Cover Types By Product Id	1738271537866	1738271538586	OK	 
REQUEST		Get Cover Types By Product Id	1738271537939	1738271538636	OK	 
REQUEST		Get Cover Types By Product Id	1738271537991	1738271538725	OK	 
REQUEST		Get Cover Types By Product Id	1738271538085	1738271538775	OK	 
REQUEST		Get Cover Types By Product Id	1738271538110	1738271538775	OK	 
REQUEST		Get Cover Types By Product Id	1738271538236	1738271538920	OK	 
REQUEST		Get Cover Types By Product Id	1738271538233	1738271538930	OK	 
REQUEST		Get Cover Types By Product Id	1738271538358	1738271539048	OK	 
REQUEST		Get All Benefits	1738271538498	1738271539082	OK	 
REQUEST		Get All Benefits	1738271538519	1738271539155	OK	 
REQUEST		Get All Benefits	1738271538616	1738271539180	OK	 
REQUEST		Get All Benefits	1738271538749	1738271539185	OK	 
REQUEST		Get All Benefits	1738271538749	1738271539204	OK	 
REQUEST		Get Cover Types By Product Id	1738271538456	1738271539208	OK	 
REQUEST		Get Cover Types By Product Id	1738271538485	1738271539208	OK	 
REQUEST		Get Cover Types By Product Id	1738271538545	1738271539262	OK	 
REQUEST		Get All Benefits	1738271538847	1738271539324	OK	 
REQUEST		Get Cover Types By Product Id	1738271538617	1738271539333	OK	 
REQUEST		Get Cover Types By Product Id	1738271538670	1738271539367	OK	 
REQUEST		Get Cover Types By Product Id	1738271538762	1738271539454	OK	 
REQUEST		Get All Benefits	1738271538860	1738271539454	OK	 
REQUEST		Get Cover Types By Product Id	1738271538776	1738271539495	OK	 
REQUEST		Get Cover Types By Product Id	1738271538914	1738271539646	OK	 
REQUEST		Get Cover Types By Product Id	1738271538922	1738271539649	OK	 
REQUEST		Get All Benefits	1738271539147	1738271539675	OK	 
REQUEST		Get Cover Types By Product Id	1738271539002	1738271539752	OK	 
REQUEST		Get Cover Types By Product Id	1738271539050	1738271539754	OK	 
REQUEST		Get All Benefits	1738271539049	1738271539780	OK	 
REQUEST		Get All Benefits	1738271538978	1738271539790	OK	 
REQUEST		Get Cover Types By Product Id	1738271539126	1738271539822	OK	 
REQUEST		Get All Benefits	1738271539120	1738271539829	OK	 
REQUEST		Get Cover Types By Product Id	1738271539172	1738271539863	OK	 
REQUEST		Get All Benefits	1738271539271	1738271539918	OK	 
REQUEST		Get All Benefits	1738271539270	1738271539923	OK	 
REQUEST		Get Cover Types By Product Id	1738271539271	1738271539975	OK	 
REQUEST		Get Cover Types By Product Id	1738271539349	1738271540067	OK	 
REQUEST		Get All Benefits	1738271539389	1738271540080	OK	 
REQUEST		Get Cover Types By Product Id	1738271539407	1738271540144	OK	 
REQUEST		Get Cover Types By Product Id	1738271539474	1738271540172	OK	 
REQUEST		Get All Benefits	1738271539599	1738271540216	OK	 
REQUEST		Get Cover Types By Product Id	1738271539534	1738271540271	OK	 
REQUEST		Get Cover Types By Product Id	1738271539598	1738271540271	OK	 
REQUEST		Get All Benefits	1738271539717	1738271540385	OK	 
REQUEST		Get Cover Types By Product Id	1738271539666	1738271540391	OK	 
REQUEST		Get All Benefits	1738271539852	1738271540441	OK	 
REQUEST		Get Cover Types By Product Id	1738271539759	1738271540455	OK	 
REQUEST		Get All Benefits	1738271540014	1738271540556	OK	 
REQUEST		Get Cover Types By Product Id	1738271539851	1738271540581	OK	 
REQUEST		Get All Benefits	1738271540068	1738271540582	OK	 
REQUEST		Get Cover Types By Product Id	1738271540015	1738271540707	OK	 
REQUEST		Get Cover Types By Product Id	1738271540040	1738271540712	OK	 
REQUEST		Get Cover Types By Product Id	1738271540132	1738271540865	OK	 
REQUEST		Get All Benefits	1738271540469	1738271540885	OK	 
REQUEST		Get Cover Types By Product Id	1738271540195	1738271540901	OK	 
REQUEST		Get Cover Types By Product Id	1738271540264	1738271540990	OK	 
REQUEST		Get Cover Types By Product Id	1738271540315	1738271541008	OK	 
REQUEST		Get All Benefits	1738271540621	1738271541066	OK	 
REQUEST		Get Cover Types By Product Id	1738271540374	1738271541067	OK	 
REQUEST		Get Cover Types By Product Id	1738271540456	1738271541147	OK	 
REQUEST		Get Cover Types By Product Id	1738271540498	1738271541179	OK	 
REQUEST		Get Cover Types By Product Id	1738271540546	1738271541250	OK	 
REQUEST		Get All Benefits	1738271540789	1738271541251	OK	 
REQUEST		Get All Benefits	1738271540846	1738271541259	OK	 
REQUEST		Get All Benefits	1738271540951	1738271541354	OK	 
REQUEST		Get All Benefits	1738271540963	1738271541423	OK	 
REQUEST		Get All Benefits	1738271541075	1738271541492	OK	 
REQUEST		Get All Benefits	1738271541454	1738271541868	OK	 
REQUEST		Get All Benefits	1738271541512	1738271542087	OK	 
REQUEST		Get All Benefits	1738271541759	1738271542177	OK	 
REQUEST		Get All Benefits	1738271541628	1738271542200	OK	 
REQUEST		Get All Benefits	1738271541667	1738271542226	OK	 
REQUEST		Get All Benefits	1738271541790	1738271542240	OK	 
REQUEST		Get All Benefits	1738271541791	1738271542260	OK	 
REQUEST		Get All Benefits	1738271541671	1738271542314	OK	 
REQUEST		Get All Benefits	1738271541824	1738271542436	OK	 
REQUEST		Get All Benefits	1738271541859	1738271542485	OK	 
REQUEST		Get All Benefits	1738271542169	1738271542609	OK	 
REQUEST		Get All Benefits	1738271542089	1738271542683	OK	 
REQUEST		Get All Benefits	1738271542090	1738271542689	OK	 
REQUEST		Get All Benefits	1738271542163	1738271542780	OK	 
REQUEST		Get All Benefits	1738271542272	1738271542871	OK	 
REQUEST		Get All Benefits	1738271542424	1738271542885	OK	 
REQUEST		Get All Benefits	1738271542348	1738271542925	OK	 
REQUEST		Get All Benefits	1738271542522	1738271542956	OK	 
REQUEST		Get All Benefits	1738271542585	1738271543064	OK	 
REQUEST		Get All Benefits	1738271542463	1738271543088	OK	 
REQUEST		Get All Benefits	1738271542687	1738271543133	OK	 
REQUEST		Get All Benefits	1738271542750	1738271543230	OK	 
REQUEST		Get All Benefits	1738271542681	1738271543285	OK	 
REQUEST		Get All Benefits	1738271542871	1738271543354	OK	 
REQUEST		Get All Benefits	1738271542821	1738271543386	OK	 
REQUEST		Get All Benefits	1738271542989	1738271543415	OK	 
REQUEST		Get All Benefits	1738271543021	1738271543517	OK	 
REQUEST		Get All Benefits	1738271543167	1738271543653	OK	 
REQUEST		Get All Benefits	1738271543114	1738271543705	OK	 
REQUEST		Get All Benefits	1738271543287	1738271543769	OK	 
REQUEST		Get All Benefits	1738271543291	1738271543778	OK	 
REQUEST		Get All Benefits	1738271543450	1738271543953	OK	 
REQUEST		Get All Benefits	1738271543361	1738271544004	OK	 
REQUEST		Get All Benefits	1738271543589	1738271544020	OK	 
REQUEST		Get All Benefits	1738271543589	1738271544043	OK	 
REQUEST		Get All Benefits	1738271543726	1738271544191	OK	 
REQUEST		Get All Benefits	1738271543639	1738271544256	OK	 
REQUEST		Get All Benefits	1738271543922	1738271544368	OK	 
REQUEST		Get All Benefits	1738271543777	1738271544368	OK	 
REQUEST		Get Valuers	1738271544188	1738271544394	OK	 
REQUEST		Get All Benefits	1738271543777	1738271544416	OK	 
REQUEST		Get Valuers	1738271544206	1738271544451	OK	 
REQUEST		Get Valuers	1738271544087	1738271544453	OK	 
REQUEST		Get All Benefits	1738271544051	1738271544475	OK	 
REQUEST		Get All Benefits	1738271543932	1738271544548	OK	 
REQUEST		Get Valuers	1738271544181	1738271544550	OK	 
REQUEST		Get Valuers	1738271544327	1738271544550	OK	 
REQUEST		Get Valuers	1738271544157	1738271544553	OK	 
REQUEST		Get All Benefits	1738271544210	1738271544742	OK	 
REQUEST		Get All Benefits	1738271544210	1738271544770	OK	 
REQUEST		Get All Benefits	1738271544264	1738271544781	OK	 
REQUEST		Get All Benefits	1738271544335	1738271544839	OK	 
REQUEST		Get Valuers	1738271544456	1738271544848	OK	 
REQUEST		Get Valuers	1738271544678	1738271544888	OK	 
REQUEST		Get All Benefits	1738271544497	1738271544943	OK	 
REQUEST		Get All Benefits	1738271544370	1738271544963	OK	 
REQUEST		Get All Benefits	1738271544456	1738271545151	OK	 
REQUEST		Get Valuers	1738271544782	1738271545155	OK	 
REQUEST		Get Valuers	1738271544792	1738271545183	OK	 
REQUEST		Get Valuers	1738271544831	1738271545258	OK	 
REQUEST		Get All Benefits	1738271544650	1738271545315	OK	 
REQUEST		Get All Benefits	1738271544652	1738271545316	OK	 
REQUEST		Get Valuers	1738271544924	1738271545328	OK	 
REQUEST		Get All Benefits	1738271544824	1738271545330	OK	 
REQUEST		Get Valuers	1738271544919	1738271545339	OK	 
REQUEST		Get All Benefits	1738271544755	1738271545398	OK	 
REQUEST		Get All Benefits	1738271544753	1738271545452	OK	 
REQUEST		Get Valuers	1738271545082	1738271545457	OK	 
REQUEST		Get All Benefits	1738271544865	1738271545505	OK	 
REQUEST		Get All Benefits	1738271545070	1738271545506	OK	 
REQUEST		Get All Benefits	1738271544977	1738271545547	OK	 
REQUEST		Get Valuers	1738271545219	1738271545624	OK	 
REQUEST		Get All Benefits	1738271545175	1738271545625	OK	 
REQUEST		Get All Benefits	1738271545273	1738271545697	OK	 
REQUEST		Get Valuers	1738271545387	1738271545755	OK	 
REQUEST		Get Valuers	1738271545560	1738271545763	OK	 
REQUEST		Get All Benefits	1738271545146	1738271545784	OK	 
REQUEST		Get Valuers	1738271545444	1738271545812	OK	 
REQUEST		Get Valuers	1738271545609	1738271545832	OK	 
REQUEST		Get All Benefits	1738271545273	1738271545845	OK	 
REQUEST		Get All Benefits	1738271545457	1738271545928	OK	 
REQUEST		Get All Benefits	1738271545393	1738271545980	OK	 
REQUEST		Get Valuers	1738271545887	1738271546105	OK	 
REQUEST		Get All Benefits	1738271545584	1738271546215	OK	 
REQUEST		Get Valuers	1738271546068	1738271546278	OK	 
REQUEST		Get All Benefits	1738271545714	1738271546357	OK	 
REQUEST		Get All Benefits	1738271545903	1738271546359	OK	 
REQUEST		Get All Benefits	1738271545709	1738271546359	OK	 
REQUEST		Get All Benefits	1738271545993	1738271546395	OK	 
REQUEST		Get All Benefits	1738271545868	1738271546450	OK	 
REQUEST		Get Valuers	1738271546262	1738271546464	OK	 
REQUEST		Get Valuers	1738271546253	1738271546490	OK	 
REQUEST		Get All Benefits	1738271546068	1738271546529	OK	 
REQUEST		Get Valuers	1738271546357	1738271546560	OK	 
REQUEST		Get Valuers	1738271546431	1738271546639	OK	 
REQUEST		Get All Benefits	1738271546252	1738271546668	OK	 
REQUEST		Get All Benefits	1738271546010	1738271546675	OK	 
REQUEST		Get Valuers	1738271546495	1738271546688	OK	 
REQUEST		Get All Benefits	1738271546150	1738271546718	OK	 
REQUEST		Get All Benefits	1738271546182	1738271546766	OK	 
REQUEST		Get Valuers	1738271547181	1738271547375	OK	 
REQUEST		Get Valuers	1738271547089	1738271547462	OK	 
REQUEST		Get Valuers	1738271547242	1738271547463	OK	 
REQUEST		Get Valuers	1738271547265	1738271547468	OK	 
REQUEST		Get Valuers	1738271547228	1738271547605	OK	 
REQUEST		Get Valuers	1738271547203	1738271547607	OK	 
REQUEST		Get Valuers	1738271547317	1738271547668	OK	 
REQUEST		Get Valuers	1738271547611	1738271547854	OK	 
REQUEST		Get Valuers	1738271547465	1738271547854	OK	 
REQUEST		Get Valuers	1738271547487	1738271547855	OK	 
REQUEST		Get Valuers	1738271547685	1738271548038	OK	 
REQUEST		Get Valuers	1738271547693	1738271548051	OK	 
REQUEST		Get Valuers	1738271547889	1738271548079	OK	 
REQUEST		Get Valuers	1738271547958	1738271548159	OK	 
REQUEST		Get Valuers	1738271547782	1738271548159	OK	 
REQUEST		Get Valuers	1738271547873	1738271548220	OK	 
REQUEST		Get Valuers	1738271548068	1738271548263	OK	 
REQUEST		Get Valuers	1738271547928	1738271548318	OK	 
REQUEST		Get Valuers	1738271548136	1738271548339	OK	 
REQUEST		Get Valuers	1738271548232	1738271548460	OK	 
REQUEST		Get Valuers	1738271548090	1738271548462	OK	 
REQUEST		Get Valuers	1738271548358	1738271548568	OK	 
REQUEST		Get Valuers	1738271548419	1738271548624	OK	 
REQUEST		Get Valuers	1738271548289	1738271548634	OK	 
REQUEST		Get Valuers	1738271548519	1738271548749	OK	 
REQUEST		Get Valuers	1738271548389	1738271548749	OK	 
REQUEST		Get Valuers	1738271548656	1738271548858	OK	 
REQUEST		Get Valuers	1738271548772	1738271548967	OK	 
REQUEST		Get Valuers	1738271548781	1738271548987	OK	 
REQUEST		Get Valuers	1738271546870	1738271549053	OK	 
REQUEST		Get Valuers	1738271548707	1738271549105	OK	 
REQUEST		Get Valuers	1738271548956	1738271549160	OK	 
REQUEST		Get Valuers	1738271549022	1738271549268	OK	 
REQUEST		Get Valuers	1738271549048	1738271549300	OK	 
REQUEST		Get Valuers	1738271549198	1738271549409	OK	 
REQUEST		Get Valuers	1738271549006	1738271549412	OK	 
REQUEST		Get Valuers	1738271549371	1738271549563	OK	 
REQUEST		Get Mandatory Documents	1738271549396	1738271549582	OK	 
REQUEST		Get Valuers	1738271549259	1738271549649	OK	 
REQUEST		Get Mandatory Documents	1738271549451	1738271549650	OK	 
REQUEST		Get Mandatory Documents	1738271549455	1738271549653	OK	 
REQUEST		Get Valuers	1738271549477	1738271549668	OK	 
REQUEST		Get Valuers	1738271549371	1738271549724	OK	 
REQUEST		Get Mandatory Documents	1738271549552	1738271549734	OK	 
REQUEST		Get Mandatory Documents	1738271549552	1738271549737	OK	 
REQUEST		Get Mandatory Documents	1738271549555	1738271549758	OK	 
REQUEST		Get Valuers	1738271549418	1738271549773	OK	 
REQUEST		Get Valuers	1738271549551	1738271549948	OK	 
REQUEST		Get Valuers	1738271549744	1738271549953	OK	 
REQUEST		Get Valuers	1738271549773	1738271549973	OK	 
REQUEST		Get Valuers	1738271549782	1738271550009	OK	 
REQUEST		Get Valuers	1738271549841	1738271550034	OK	 
REQUEST		Get Mandatory Documents	1738271549850	1738271550034	OK	 
REQUEST		Get Mandatory Documents	1738271549889	1738271550075	OK	 
REQUEST		Get Valuers	1738271549945	1738271550140	OK	 
REQUEST		Get Valuers	1738271549964	1738271550309	OK	 
REQUEST		Get Mandatory Documents	1738271550156	1738271550356	OK	 
REQUEST		Get Mandatory Documents	1738271550185	1738271550365	OK	 
REQUEST		Get Mandatory Documents	1738271550261	1738271550438	OK	 
REQUEST		Get Valuers	1738271550153	1738271550496	OK	 
REQUEST		Get Mandatory Documents	1738271550330	1738271550558	OK	 
REQUEST		Get Valuers	1738271550332	1738271550558	OK	 
REQUEST		Get Mandatory Documents	1738271550342	1738271550560	OK	 
REQUEST		Get Mandatory Documents	1738271550458	1738271550636	OK	 
REQUEST		Get Valuers	1738271550317	1738271550728	OK	 
REQUEST		Get Valuers	1738271550317	1738271550729	OK	 
REQUEST		Get Valuers	1738271550399	1738271550748	OK	 
REQUEST		Get Valuers	1738271550508	1738271550767	OK	 
REQUEST		Get Mandatory Documents	1738271550626	1738271550804	OK	 
REQUEST		Get Valuers	1738271550455	1738271550855	OK	 
REQUEST		Get Valuers	1738271550626	1738271550872	OK	 
REQUEST		Get Valuers	1738271550700	1738271550903	OK	 
REQUEST		Get Valuers	1738271550549	1738271550929	OK	 
REQUEST		Get Valuers	1738271550507	1738271550931	OK	 
REQUEST		Get Mandatory Documents	1738271550765	1738271550966	OK	 
REQUEST		Get Mandatory Documents	1738271550757	1738271550966	OK	 
REQUEST		Get Mandatory Documents	1738271550834	1738271551039	OK	 
REQUEST		Get Mandatory Documents	1738271550814	1738271551040	OK	 
REQUEST		Get Valuers	1738271550930	1738271551155	OK	 
REQUEST		Get Valuers	1738271550786	1738271551156	OK	 
REQUEST		Get Valuers	1738271550847	1738271551209	OK	 
REQUEST		Get Mandatory Documents	1738271551107	1738271551313	OK	 
REQUEST		Get Valuers	1738271550982	1738271551324	OK	 
REQUEST		Get Mandatory Documents	1738271551280	1738271551460	OK	 
REQUEST		Get Valuers	1738271551361	1738271551565	OK	 
REQUEST		Get Valuers	1738271551218	1738271551600	OK	 
REQUEST		Get Valuers	1738271551399	1738271551628	OK	 
REQUEST		Get Mandatory Documents	1738271551466	1738271551642	OK	 
REQUEST		Get Mandatory Documents	1738271551493	1738271551685	OK	 
REQUEST		Get Valuers	1738271551359	1738271551756	OK	 
REQUEST		Get Valuers	1738271551360	1738271551757	OK	 
REQUEST		Get Valuers	1738271551532	1738271551757	OK	 
REQUEST		Get Mandatory Documents	1738271551561	1738271551757	OK	 
REQUEST		Get Valuers	1738271551453	1738271551805	OK	 
REQUEST		Get Mandatory Documents	1738271551641	1738271551818	OK	 
REQUEST		Get Valuers	1738271551670	1738271551864	OK	 
REQUEST		Get Mandatory Documents	1738271551690	1738271551896	OK	 
REQUEST		Get Valuers	1738271551677	1738271552057	OK	 
REQUEST		Get Valuers	1738271551720	1738271552086	OK	 
REQUEST		Get Valuers	1738271551768	1738271552115	OK	 
REQUEST		Get Mandatory Documents	1738271552465	1738271552646	OK	 
REQUEST		Get Mandatory Documents	1738271552465	1738271552654	OK	 
REQUEST		Get Mandatory Documents	1738271552471	1738271552662	OK	 
REQUEST		Get Mandatory Documents	1738271552608	1738271552817	OK	 
REQUEST		Get Mandatory Documents	1738271552607	1738271552831	OK	 
REQUEST		Get Mandatory Documents	1738271552669	1738271552847	OK	 
REQUEST		Get Mandatory Documents	1738271552378	1738271553008	OK	 
REQUEST		Get Mandatory Documents	1738271552857	1738271553032	OK	 
REQUEST		Get Mandatory Documents	1738271552857	1738271553046	OK	 
REQUEST		Get Mandatory Documents	1738271552857	1738271553047	OK	 
REQUEST		Get Mandatory Documents	1738271553040	1738271553250	OK	 
REQUEST		Get Mandatory Documents	1738271553052	1738271553251	OK	 
REQUEST		Get Mandatory Documents	1738271553082	1738271553257	OK	 
REQUEST		Get Mandatory Documents	1738271553161	1738271553343	OK	 
REQUEST		Get Mandatory Documents	1738271553161	1738271553357	OK	 
REQUEST		Get Mandatory Documents	1738271553222	1738271553420	OK	 
REQUEST		Get Mandatory Documents	1738271553265	1738271553443	OK	 
REQUEST		Get Mandatory Documents	1738271553320	1738271553494	OK	 
REQUEST		Get Mandatory Documents	1738271553341	1738271553547	OK	 
REQUEST		Get Mandatory Documents	1738271553463	1738271553644	OK	 
REQUEST		Get Mandatory Documents	1738271553463	1738271553660	OK	 
REQUEST		Get Mandatory Documents	1738271553571	1738271553750	OK	 
REQUEST		Get Mandatory Documents	1738271553626	1738271553803	OK	 
REQUEST		Get Mandatory Documents	1738271553637	1738271553852	OK	 
REQUEST		Get Mandatory Documents	1738271553750	1738271553925	OK	 
REQUEST		Get Mandatory Documents	1738271553860	1738271554040	OK	 
REQUEST		Get Mandatory Documents	1738271553969	1738271554162	OK	 
REQUEST		Get Mandatory Documents	1738271553989	1738271554172	OK	 
REQUEST		Get Mandatory Documents	1738271554108	1738271554319	OK	 
REQUEST		Get Mandatory Documents	1738271554162	1738271554341	OK	 
REQUEST		Get Mandatory Documents	1738271553752	1738271554457	OK	 
REQUEST		Get Mandatory Documents	1738271554271	1738271554489	OK	 
REQUEST		Get Mandatory Documents	1738271554302	1738271554519	OK	 
REQUEST		Get Mandatory Documents	1738271554413	1738271554693	OK	 
REQUEST		Get Mandatory Documents	1738271554415	1738271554693	OK	 
REQUEST		Get Mandatory Documents	1738271554566	1738271554783	OK	 
REQUEST		Get Outstanding Premiums	1738271554584	1738271554784	OK	 
USER	Test API with Authentication	END	1738271554799
REQUEST		Get Outstanding Premiums	1738271554651	1738271554827	OK	 
USER	Test API with Authentication	END	1738271554827
REQUEST		Get Outstanding Premiums	1738271554739	1738271554924	OK	 
USER	Test API with Authentication	END	1738271554925
REQUEST		Get Outstanding Premiums	1738271554736	1738271554925	OK	 
USER	Test API with Authentication	END	1738271554927
REQUEST		Get Outstanding Premiums	1738271554760	1738271554931	OK	 
USER	Test API with Authentication	END	1738271554933
REQUEST		Get Outstanding Premiums	1738271554656	1738271555055	OK	 
USER	Test API with Authentication	END	1738271555056
REQUEST		Get Mandatory Documents	1738271554951	1738271555130	OK	 
REQUEST		Get Mandatory Documents	1738271554955	1738271555149	OK	 
REQUEST		Get Mandatory Documents	1738271554976	1738271555159	OK	 
REQUEST		Get Outstanding Premiums	1738271555037	1738271555220	OK	 
USER	Test API with Authentication	END	1738271555221
REQUEST		Get Mandatory Documents	1738271555037	1738271555228	OK	 
REQUEST		Get Outstanding Premiums	1738271555077	1738271555253	OK	 
USER	Test API with Authentication	END	1738271555255
REQUEST		Get Mandatory Documents	1738271555143	1738271555354	OK	 
REQUEST		Get Outstanding Premiums	1738271555358	1738271555534	OK	 
USER	Test API with Authentication	END	1738271555536
REQUEST		Get Outstanding Premiums	1738271555368	1738271555543	OK	 
USER	Test API with Authentication	END	1738271555543
REQUEST		Get Outstanding Premiums	1738271555443	1738271555662	OK	 
REQUEST		Get Mandatory Documents	1738271554055	1738271555664	OK	 
USER	Test API with Authentication	END	1738271555666
REQUEST		Get Mandatory Documents	1738271554671	1738271555691	OK	 
REQUEST		Get Outstanding Premiums	1738271555561	1738271555751	OK	 
USER	Test API with Authentication	END	1738271555766
REQUEST		Get Outstanding Premiums	1738271555561	1738271555768	OK	 
USER	Test API with Authentication	END	1738271555769
REQUEST		Get Outstanding Premiums	1738271555639	1738271555850	OK	 
USER	Test API with Authentication	END	1738271555853
REQUEST		Get Mandatory Documents	1738271555756	1738271555959	OK	 
REQUEST		Get Mandatory Documents	1738271555747	1738271555968	OK	 
REQUEST		Get Mandatory Documents	1738271555752	1738271555969	OK	 
REQUEST		Get Mandatory Documents	1738271555011	1738271555969	OK	 
REQUEST		Get Mandatory Documents	1738271554775	1738271556033	OK	 
REQUEST		Get Mandatory Documents	1738271555857	1738271556033	OK	 
REQUEST		Get Outstanding Premiums	1738271555820	1738271556034	OK	 
USER	Test API with Authentication	END	1738271556034
REQUEST		Get Mandatory Documents	1738271555874	1738271556061	OK	 
REQUEST		Get Mandatory Documents	1738271555311	1738271556064	OK	 
REQUEST		Get Mandatory Documents	1738271554650	1738271556068	OK	 
REQUEST		Get Outstanding Premiums	1738271555969	1738271556149	OK	 
REQUEST		Get Outstanding Premiums	1738271555969	1738271556149	OK	 
USER	Test API with Authentication	END	1738271556149
USER	Test API with Authentication	END	1738271556150
REQUEST		Get Outstanding Premiums	1738271556041	1738271556238	OK	 
REQUEST		Get Outstanding Premiums	1738271556041	1738271556238	OK	 
USER	Test API with Authentication	END	1738271556239
USER	Test API with Authentication	END	1738271556239
REQUEST		Get Mandatory Documents	1738271554725	1738271556255	OK	 
REQUEST		Get Mandatory Documents	1738271555561	1738271556289	OK	 
REQUEST		Get Mandatory Documents	1738271555941	1738271556332	OK	 
REQUEST		Get Mandatory Documents	1738271555501	1738271556449	OK	 
REQUEST		Get Outstanding Premiums	1738271556316	1738271556496	OK	 
USER	Test API with Authentication	END	1738271556502
REQUEST		Get Mandatory Documents	1738271556326	1738271556503	OK	 
REQUEST		Get Outstanding Premiums	1738271556462	1738271556645	OK	 
USER	Test API with Authentication	END	1738271556645
REQUEST		Get Mandatory Documents	1738271555906	1738271556655	OK	 
REQUEST		Get Mandatory Documents	1738271555782	1738271556711	OK	 
REQUEST		Get Mandatory Documents	1738271556566	1738271556740	OK	 
REQUEST		Get Mandatory Documents	1738271556605	1738271556783	OK	 
REQUEST		Get Mandatory Documents	1738271556630	1738271556850	OK	 
REQUEST		Get Outstanding Premiums	1738271556644	1738271556850	OK	 
USER	Test API with Authentication	END	1738271556853
REQUEST		Get Outstanding Premiums	1738271556688	1738271556868	OK	 
USER	Test API with Authentication	END	1738271556869
REQUEST		Get Mandatory Documents	1738271555943	1738271556873	OK	 
REQUEST		Get Mandatory Documents	1738271556157	1738271556901	OK	 
REQUEST		Get Mandatory Documents	1738271556759	1738271556989	OK	 
REQUEST		Get Outstanding Premiums	1738271556759	1738271556989	OK	 
USER	Test API with Authentication	END	1738271556990
REQUEST		Get Mandatory Documents	1738271556759	1738271556990	OK	 
REQUEST		Get Mandatory Documents	1738271556759	1738271556991	OK	 
REQUEST		Get Mandatory Documents	1738271556211	1738271556991	OK	 
REQUEST		Get Outstanding Premiums	1738271556821	1738271557012	OK	 
USER	Test API with Authentication	END	1738271557014
REQUEST		Get Mandatory Documents	1738271556807	1738271557017	OK	 
REQUEST		Get Mandatory Documents	1738271556867	1738271557043	OK	 
REQUEST		Get Mandatory Documents	1738271556158	1738271557064	OK	 
REQUEST		Get Outstanding Premiums	1738271556899	1738271557071	OK	 
USER	Test API with Authentication	END	1738271557071
REQUEST		Get Mandatory Documents	1738271557059	1738271557238	OK	 
REQUEST		Get Mandatory Documents	1738271557088	1738271557261	OK	 
REQUEST		Get Mandatory Documents	1738271557117	1738271557320	OK	 
REQUEST		Get Outstanding Premiums	1738271557649	1738271557831	OK	 
USER	Test API with Authentication	END	1738271557834
REQUEST		Get Outstanding Premiums	1738271557657	1738271557839	OK	 
USER	Test API with Authentication	END	1738271557841
REQUEST		Get Outstanding Premiums	1738271557664	1738271557841	OK	 
USER	Test API with Authentication	END	1738271557843
REQUEST		Get Outstanding Premiums	1738271557819	1738271557992	OK	 
USER	Test API with Authentication	END	1738271557993
REQUEST		Get Outstanding Premiums	1738271557835	1738271558044	OK	 
REQUEST		Get Outstanding Premiums	1738271557849	1738271558044	OK	 
USER	Test API with Authentication	END	1738271558045
USER	Test API with Authentication	END	1738271558045
REQUEST		Get Outstanding Premiums	1738271558011	1738271558220	OK	 
USER	Test API with Authentication	END	1738271558222
REQUEST		Get Outstanding Premiums	1738271558048	1738271558223	OK	 
USER	Test API with Authentication	END	1738271558225
REQUEST		Get Outstanding Premiums	1738271558049	1738271558225	OK	 
USER	Test API with Authentication	END	1738271558227
REQUEST		Get Outstanding Premiums	1738271558034	1738271558232	OK	 
USER	Test API with Authentication	END	1738271558233
REQUEST		Get Outstanding Premiums	1738271558252	1738271558423	OK	 
USER	Test API with Authentication	END	1738271558423
REQUEST		Get Outstanding Premiums	1738271558253	1738271558427	OK	 
USER	Test API with Authentication	END	1738271558427
REQUEST		Get Outstanding Premiums	1738271558259	1738271558436	OK	 
USER	Test API with Authentication	END	1738271558437
REQUEST		Get Outstanding Premiums	1738271558345	1738271558529	OK	 
USER	Test API with Authentication	END	1738271558530
REQUEST		Get Outstanding Premiums	1738271558359	1738271558532	OK	 
USER	Test API with Authentication	END	1738271558532
REQUEST		Get Outstanding Premiums	1738271558421	1738271558593	OK	 
USER	Test API with Authentication	END	1738271558594
REQUEST		Get Outstanding Premiums	1738271558444	1738271558652	OK	 
USER	Test API with Authentication	END	1738271558653
REQUEST		Get Outstanding Premiums	1738271558496	1738271558665	OK	 
USER	Test API with Authentication	END	1738271558665
REQUEST		Get Outstanding Premiums	1738271558549	1738271558724	OK	 
USER	Test API with Authentication	END	1738271558725
REQUEST		Get Outstanding Premiums	1738271558646	1738271558819	OK	 
USER	Test API with Authentication	END	1738271558821
REQUEST		Get Outstanding Premiums	1738271558661	1738271558837	OK	 
USER	Test API with Authentication	END	1738271558839
REQUEST		Get Outstanding Premiums	1738271558751	1738271558952	OK	 
USER	Test API with Authentication	END	1738271558954
REQUEST		Get Outstanding Premiums	1738271558805	1738271558984	OK	 
USER	Test API with Authentication	END	1738271558985
REQUEST		Get Outstanding Premiums	1738271558855	1738271559033	OK	 
USER	Test API with Authentication	END	1738271559035
REQUEST		Get Outstanding Premiums	1738271558927	1738271559123	OK	 
USER	Test API with Authentication	END	1738271559125
REQUEST		Get Outstanding Premiums	1738271559043	1738271559255	OK	 
USER	Test API with Authentication	END	1738271559256
REQUEST		Get Outstanding Premiums	1738271559164	1738271559342	OK	 
USER	Test API with Authentication	END	1738271559343
REQUEST		Get Outstanding Premiums	1738271559174	1738271559356	OK	 
USER	Test API with Authentication	END	1738271559357
REQUEST		Get Outstanding Premiums	1738271559321	1738271559496	OK	 
USER	Test API with Authentication	END	1738271559498
REQUEST		Get Outstanding Premiums	1738271559344	1738271559573	OK	 
USER	Test API with Authentication	END	1738271559573
REQUEST		Get Outstanding Premiums	1738271559459	1738271559634	OK	 
USER	Test API with Authentication	END	1738271559634
REQUEST		Get Outstanding Premiums	1738271559492	1738271559670	OK	 
USER	Test API with Authentication	END	1738271559670
REQUEST		Get Outstanding Premiums	1738271559522	1738271559717	OK	 
USER	Test API with Authentication	END	1738271559718
REQUEST		Get Outstanding Premiums	1738271559695	1738271559869	OK	 
USER	Test API with Authentication	END	1738271559870
REQUEST		Get Outstanding Premiums	1738271559695	1738271559871	OK	 
USER	Test API with Authentication	END	1738271559872
REQUEST		Get Outstanding Premiums	1738271559785	1738271559959	OK	 
USER	Test API with Authentication	END	1738271559960
REQUEST		Get Outstanding Premiums	1738271560133	1738271560317	OK	 
USER	Test API with Authentication	END	1738271560319
REQUEST		Get Outstanding Premiums	1738271560151	1738271560325	OK	 
USER	Test API with Authentication	END	1738271560327
REQUEST		Get Outstanding Premiums	1738271560162	1738271560339	OK	 
USER	Test API with Authentication	END	1738271560342
REQUEST		Get Outstanding Premiums	1738271560230	1738271560447	OK	 
USER	Test API with Authentication	END	1738271560449
REQUEST		Get Outstanding Premiums	1738271560357	1738271560538	OK	 
USER	Test API with Authentication	END	1738271560539
REQUEST		Get Outstanding Premiums	1738271560667	1738271560844	OK	 
USER	Test API with Authentication	END	1738271560845
REQUEST		Get Outstanding Premiums	1738271560693	1738271560864	OK	 
USER	Test API with Authentication	END	1738271560865
REQUEST		Get Outstanding Premiums	1738271560962	1738271561138	OK	 
USER	Test API with Authentication	END	1738271561139
REQUEST		Get Outstanding Premiums	1738271560973	1738271561143	OK	 
USER	Test API with Authentication	END	1738271561143
REQUEST		Get Outstanding Premiums	1738271560971	1738271561157	OK	 
REQUEST		Get Outstanding Premiums	1738271560971	1738271561157	OK	 
USER	Test API with Authentication	END	1738271561157
USER	Test API with Authentication	END	1738271561157
REQUEST		Get Outstanding Premiums	1738271561036	1738271561216	OK	 
USER	Test API with Authentication	END	1738271561216
REQUEST		Get Outstanding Premiums	1738271561036	1738271561216	OK	 
USER	Test API with Authentication	END	1738271561217
REQUEST		Get Outstanding Premiums	1738271561066	1738271561238	OK	 
USER	Test API with Authentication	END	1738271561239
REQUEST		Get Outstanding Premiums	1738271561064	1738271561239	OK	 
USER	Test API with Authentication	END	1738271561240
REQUEST		Get Outstanding Premiums	1738271561072	1738271561245	OK	 
USER	Test API with Authentication	END	1738271561246
REQUEST		Get Outstanding Premiums	1738271561256	1738271561432	OK	 
USER	Test API with Authentication	END	1738271561432
REQUEST		Get Outstanding Premiums	1738271561291	1738271561464	OK	 
USER	Test API with Authentication	END	1738271561465
REQUEST		Get Outstanding Premiums	1738271561333	1738271561518	OK	 
USER	Test API with Authentication	END	1738271561519
REQUEST		Get Outstanding Premiums	1738271561451	1738271561653	OK	 
USER	Test API with Authentication	END	1738271561655
REQUEST		Get Outstanding Premiums	1738271561505	1738271561680	OK	 
USER	Test API with Authentication	END	1738271561681
REQUEST		Get Outstanding Premiums	1738271561657	1738271561839	OK	 
USER	Test API with Authentication	END	1738271561840
REQUEST		Get Outstanding Premiums	1738271561712	1738271561889	OK	 
USER	Test API with Authentication	END	1738271561890
REQUEST		Get Outstanding Premiums	1738271561743	1738271561947	OK	 
USER	Test API with Authentication	END	1738271561948
REQUEST		Get Outstanding Premiums	1738271561786	1738271561959	OK	 
USER	Test API with Authentication	END	1738271561960
REQUEST		Get Outstanding Premiums	1738271561855	1738271562027	OK	 
USER	Test API with Authentication	END	1738271562028
REQUEST		Get Outstanding Premiums	1738271561876	1738271562060	OK	 
USER	Test API with Authentication	END	1738271562062
REQUEST		Get Outstanding Premiums	1738271561904	1738271562121	OK	 
USER	Test API with Authentication	END	1738271562122
REQUEST		Get Outstanding Premiums	1738271561993	1738271562171	OK	 
REQUEST		Get Outstanding Premiums	1738271561991	1738271562171	OK	 
USER	Test API with Authentication	END	1738271562172
USER	Test API with Authentication	END	1738271562172
REQUEST		Get Outstanding Premiums	1738271561992	1738271562176	OK	 
USER	Test API with Authentication	END	1738271562177
REQUEST		Get Outstanding Premiums	1738271561993	1738271562178	OK	 
USER	Test API with Authentication	END	1738271562179
REQUEST		Get Outstanding Premiums	1738271562019	1738271562195	OK	 
USER	Test API with Authentication	END	1738271562196
REQUEST		Get Outstanding Premiums	1738271562045	1738271562254	OK	 
REQUEST		Get Outstanding Premiums	1738271562066	1738271562255	OK	 
USER	Test API with Authentication	END	1738271562255
USER	Test API with Authentication	END	1738271562255
REQUEST		Get Outstanding Premiums	1738271562240	1738271562421	OK	 
USER	Test API with Authentication	END	1738271562423
REQUEST		Get Outstanding Premiums	1738271562265	1738271562439	OK	 
USER	Test API with Authentication	END	1738271562440
REQUEST		Get Outstanding Premiums	1738271562322	1738271562495	OK	 
USER	Test API with Authentication	END	1738271562497
