RUN	simulations.BasicSimulation	basicsimulation	1738253289233	 	3.9.5
USER	Test API with Authentication	START	1738253290787
USER	Test API with Authentication	START	1738253290787
USER	Test API with Authentication	START	1738253290787
USER	Test API with Authentication	START	1738253290787
USER	Test API with Authentication	START	1738253290787
USER	Test API with Authentication	START	1738253290787
USER	Test API with Authentication	START	1738253290787
USER	Test API with Authentication	START	1738253290787
USER	Test API with Authentication	START	1738253290787
USER	Test API with Authentication	START	1738253290788
REQUEST		Authenticate	1738253290783	1738253291711	OK	 
REQUEST		Authenticate	1738253290783	1738253291703	OK	 
REQUEST		Authenticate	1738253290783	1738253291863	OK	 
REQUEST		Authenticate	1738253290783	1738253291864	OK	 
REQUEST		Authenticate	1738253290783	1738253292013	OK	 
REQUEST		Authenticate	1738253290783	1738253292028	OK	 
REQUEST		Authenticate	1738253290783	1738253292164	OK	 
REQUEST		Authenticate	1738253290783	1738253292313	OK	 
REQUEST		Authenticate	1738253290783	1738253292330	OK	 
REQUEST		Authenticate	1738253290783	1738253292406	OK	 
REQUEST		Get Cover Types By Product Id	1738253296765	1738253297497	OK	 
REQUEST		Get Cover Types By Product Id	1738253296765	1738253297501	OK	 
REQUEST		Get Cover Types By Product Id	1738253296867	1738253297588	OK	 
REQUEST		Get Cover Types By Product Id	1738253296867	1738253297588	OK	 
REQUEST		Get Cover Types By Product Id	1738253297019	1738253297754	OK	 
REQUEST		Get Cover Types By Product Id	1738253297032	1738253297769	OK	 
REQUEST		Get Cover Types By Product Id	1738253297169	1738253297855	OK	 
REQUEST		Get Cover Types By Product Id	1738253297317	1738253298030	OK	 
REQUEST		Get Cover Types By Product Id	1738253297333	1738253298033	OK	 
REQUEST		Get Cover Types By Product Id	1738253297410	1738253298169	OK	 
REQUEST		Get All Benefits	1738253302509	1738253302985	OK	 
REQUEST		Get All Benefits	1738253302591	1738253303030	OK	 
REQUEST		Get All Benefits	1738253302509	1738253303082	OK	 
REQUEST		Get All Benefits	1738253302591	1738253303203	OK	 
REQUEST		Get All Benefits	1738253302778	1738253303273	OK	 
REQUEST		Get All Benefits	1738253302758	1738253303358	OK	 
REQUEST		Get All Benefits	1738253302858	1738253303435	OK	 
REQUEST		Get All Benefits	1738253303037	1738253303606	OK	 
REQUEST		Get All Benefits	1738253303174	1738253303608	OK	 
REQUEST		Get All Benefits	1738253303033	1738253303611	OK	 
REQUEST		Get Valuers	1738253307994	1738253308198	OK	 
REQUEST		Get Valuers	1738253308034	1738253308262	OK	 
REQUEST		Get Valuers	1738253308085	1738253308432	OK	 
REQUEST		Get Valuers	1738253308276	1738253308477	OK	 
REQUEST		Get Valuers	1738253308206	1738253308555	OK	 
REQUEST		Get Valuers	1738253308361	1738253308707	OK	 
REQUEST		Get Valuers	1738253308612	1738253308820	OK	 
REQUEST		Get Valuers	1738253308438	1738253308840	OK	 
REQUEST		Get Valuers	1738253308612	1738253308973	OK	 
REQUEST		Get Valuers	1738253308613	1738253308976	OK	 
REQUEST		Get Mandatory Documents	1738253313202	1738253313384	OK	 
REQUEST		Get Mandatory Documents	1738253313267	1738253313489	OK	 
REQUEST		Get Mandatory Documents	1738253313434	1738253313654	OK	 
REQUEST		Get Mandatory Documents	1738253313480	1738253313673	OK	 
REQUEST		Get Mandatory Documents	1738253313557	1738253313773	OK	 
REQUEST		Get Mandatory Documents	1738253313709	1738253313886	OK	 
REQUEST		Get Mandatory Documents	1738253313822	1738253314008	OK	 
REQUEST		Get Mandatory Documents	1738253313842	1738253314017	OK	 
REQUEST		Get Mandatory Documents	1738253313976	1738253314154	OK	 
REQUEST		Get Mandatory Documents	1738253313979	1738253314168	OK	 
REQUEST		Get Outstanding Premiums	1738253318390	1738253318599	OK	 
USER	Test API with Authentication	END	1738253318608
REQUEST		Get Outstanding Premiums	1738253318491	1738253318677	OK	 
USER	Test API with Authentication	END	1738253318680
REQUEST		Get Outstanding Premiums	1738253318659	1738253318866	OK	 
USER	Test API with Authentication	END	1738253318869
REQUEST		Get Outstanding Premiums	1738253318676	1738253318871	OK	 
USER	Test API with Authentication	END	1738253318873
REQUEST		Get Outstanding Premiums	1738253318777	1738253318951	OK	 
USER	Test API with Authentication	END	1738253318953
REQUEST		Get Outstanding Premiums	1738253318890	1738253319064	OK	 
USER	Test API with Authentication	END	1738253319065
REQUEST		Get Outstanding Premiums	1738253319013	1738253319188	OK	 
USER	Test API with Authentication	END	1738253319190
REQUEST		Get Outstanding Premiums	1738253319022	1738253319202	OK	 
USER	Test API with Authentication	END	1738253319203
REQUEST		Get Outstanding Premiums	1738253319170	1738253319354	OK	 
REQUEST		Get Outstanding Premiums	1738253319159	1738253319355	OK	 
USER	Test API with Authentication	END	1738253319357
USER	Test API with Authentication	END	1738253319357
