RUN	simulations.BasicSimulation	basicsimulation	1738252596818	 	3.9.5
USER	Test API with Authentication	START	1738252598450
USER	Test API with Authentication	START	1738252598450
USER	Test API with Authentication	START	1738252598450
USER	Test API with Authentication	START	1738252598450
USER	Test API with Authentication	START	1738252598450
USER	Test API with Authentication	START	1738252598450
USER	Test API with Authentication	START	1738252598450
USER	Test API with Authentication	START	1738252598450
USER	Test API with Authentication	START	1738252598450
USER	Test API with Authentication	START	1738252598450
REQUEST		Authenticate	1738252598445	1738252599334	OK	 
REQUEST		Authenticate	1738252598446	1738252599339	OK	 
REQUEST		Authenticate	1738252598445	1738252599464	OK	 
REQUEST		Authenticate	1738252598446	1738252599473	OK	 
REQUEST		Authenticate	1738252598445	1738252599582	OK	 
REQUEST		Authenticate	1738252598446	1738252599612	OK	 
REQUEST		Authenticate	1738252598446	1738252599702	OK	 
REQUEST		Authenticate	1738252598446	1738252599771	OK	 
REQUEST		Authenticate	1738252598445	1738252599830	OK	 
REQUEST		Authenticate	1738252598446	1738252599850	OK	 
REQUEST		Get Cover Types By Product Id	1738252604400	1738252605096	OK	 
REQUEST		Get Cover Types By Product Id	1738252604400	1738252605095	OK	 
REQUEST		Get Cover Types By Product Id	1738252604467	1738252605170	OK	 
REQUEST		Get Cover Types By Product Id	1738252604476	1738252605209	OK	 
REQUEST		Get Cover Types By Product Id	1738252604586	1738252605265	OK	 
REQUEST		Get Cover Types By Product Id	1738252604616	1738252605343	OK	 
REQUEST		Get Cover Types By Product Id	1738252604708	1738252605391	OK	 
REQUEST		Get Cover Types By Product Id	1738252604774	1738252605505	OK	 
REQUEST		Get Cover Types By Product Id	1738252604834	1738252605534	OK	 
REQUEST		Get Cover Types By Product Id	1738252604854	1738252605551	OK	 
REQUEST		Get All Benefits	1738252610103	1738252610628	OK	 
REQUEST		Get All Benefits	1738252610103	1738252610630	OK	 
USER	Test API with Authentication	END	1738252610710
USER	Test API with Authentication	END	1738252610710
REQUEST		Get All Benefits	1738252610267	1738252610757	OK	 
USER	Test API with Authentication	END	1738252610757
REQUEST		Get All Benefits	1738252610174	1738252610878	OK	 
USER	Test API with Authentication	END	1738252610879
REQUEST		Get All Benefits	1738252610213	1738252610934	OK	 
USER	Test API with Authentication	END	1738252610936
REQUEST		Get All Benefits	1738252610345	1738252610951	OK	 
USER	Test API with Authentication	END	1738252610954
REQUEST		Get All Benefits	1738252610395	1738252611034	OK	 
USER	Test API with Authentication	END	1738252611036
REQUEST		Get All Benefits	1738252610553	1738252611800	OK	 
USER	Test API with Authentication	END	1738252611803
REQUEST		Get All Benefits	1738252610538	1738252611811	OK	 
USER	Test API with Authentication	END	1738252611813
REQUEST		Get All Benefits	1738252610509	1738252611855	OK	 
USER	Test API with Authentication	END	1738252611856
