RUN	simulations.BasicSimulation	basicsimulation	1738271294278	 	3.9.5
USER	Test API with Authentication	START	1738271297231
USER	Test API with Authentication	START	1738271297231
USER	Test API with Authentication	START	1738271297231
USER	Test API with Authentication	START	1738271297232
USER	Test API with Authentication	START	1738271297233
USER	Test API with Authentication	START	1738271297233
USER	Test API with Authentication	START	1738271297233
USER	Test API with Authentication	START	1738271297233
USER	Test API with Authentication	START	1738271297234
USER	Test API with Authentication	START	1738271297234
USER	Test API with Authentication	START	1738271297234
USER	Test API with Authentication	START	1738271297234
USER	Test API with Authentication	START	1738271297234
USER	Test API with Authentication	START	1738271297234
USER	Test API with Authentication	START	1738271297234
USER	Test API with Authentication	START	1738271297234
USER	Test API with Authentication	START	1738271297235
USER	Test API with Authentication	START	1738271297235
USER	Test API with Authentication	START	1738271297235
USER	Test API with Authentication	START	1738271297236
USER	Test API with Authentication	START	1738271297236
USER	Test API with Authentication	START	1738271297236
USER	Test API with Authentication	START	1738271297237
USER	Test API with Authentication	START	1738271297237
USER	Test API with Authentication	START	1738271297237
USER	Test API with Authentication	START	1738271297238
USER	Test API with Authentication	START	1738271297238
USER	Test API with Authentication	START	1738271297238
USER	Test API with Authentication	START	1738271297238
USER	Test API with Authentication	START	1738271297238
USER	Test API with Authentication	START	1738271297239
USER	Test API with Authentication	START	1738271297239
USER	Test API with Authentication	START	1738271297239
USER	Test API with Authentication	START	1738271297239
USER	Test API with Authentication	START	1738271297240
USER	Test API with Authentication	START	1738271297240
USER	Test API with Authentication	START	1738271297240
USER	Test API with Authentication	START	1738271297240
USER	Test API with Authentication	START	1738271297241
USER	Test API with Authentication	START	1738271297241
USER	Test API with Authentication	START	1738271297242
USER	Test API with Authentication	START	1738271297242
USER	Test API with Authentication	START	1738271297242
USER	Test API with Authentication	START	1738271297242
USER	Test API with Authentication	START	1738271297243
USER	Test API with Authentication	START	1738271297244
USER	Test API with Authentication	START	1738271297244
USER	Test API with Authentication	START	1738271297246
USER	Test API with Authentication	START	1738271297246
USER	Test API with Authentication	START	1738271297248
REQUEST		Authenticate	1738271296892	1738271298591	OK	 
REQUEST		Authenticate	1738271297238	1738271298591	OK	 
REQUEST		Authenticate	1738271296892	1738271298758	OK	 
REQUEST		Authenticate	1738271297233	1738271298862	OK	 
REQUEST		Authenticate	1738271297245	1738271298903	OK	 
REQUEST		Authenticate	1738271297238	1738271298993	OK	 
REQUEST		Authenticate	1738271297244	1738271299066	OK	 
REQUEST		Authenticate	1738271297239	1738271299154	OK	 
REQUEST		Authenticate	1738271297235	1738271299203	OK	 
REQUEST		Authenticate	1738271297241	1738271299449	OK	 
REQUEST		Authenticate	1738271297235	1738271299451	OK	 
REQUEST		Authenticate	1738271296892	1738271299457	OK	 
REQUEST		Authenticate	1738271297239	1738271299519	OK	 
REQUEST		Authenticate	1738271297241	1738271299583	OK	 
REQUEST		Authenticate	1738271297246	1738271299646	OK	 
REQUEST		Authenticate	1738271297236	1738271299732	OK	 
REQUEST		Authenticate	1738271296892	1738271299774	OK	 
REQUEST		Authenticate	1738271296892	1738271299897	OK	 
REQUEST		Authenticate	1738271296892	1738271299914	OK	 
REQUEST		Authenticate	1738271297236	1738271300049	OK	 
REQUEST		Authenticate	1738271297233	1738271300060	OK	 
REQUEST		Authenticate	1738271296892	1738271300197	OK	 
REQUEST		Authenticate	1738271297245	1738271300253	OK	 
REQUEST		Authenticate	1738271297238	1738271300360	OK	 
REQUEST		Authenticate	1738271297237	1738271300443	OK	 
REQUEST		Authenticate	1738271296892	1738271300683	OK	 
REQUEST		Authenticate	1738271297234	1738271300687	OK	 
REQUEST		Authenticate	1738271296892	1738271300735	OK	 
REQUEST		Authenticate	1738271297232	1738271300800	OK	 
REQUEST		Authenticate	1738271297235	1738271300863	OK	 
REQUEST		Authenticate	1738271296892	1738271300986	OK	 
REQUEST		Authenticate	1738271297233	1738271301058	OK	 
REQUEST		Authenticate	1738271296892	1738271301163	OK	 
REQUEST		Authenticate	1738271297240	1738271301175	OK	 
REQUEST		Authenticate	1738271297237	1738271301306	OK	 
REQUEST		Authenticate	1738271297242	1738271301315	OK	 
REQUEST		Authenticate	1738271296893	1738271301425	OK	 
REQUEST		Authenticate	1738271297232	1738271301438	OK	 
REQUEST		Authenticate	1738271297238	1738271301568	OK	 
REQUEST		Authenticate	1738271296892	1738271301573	OK	 
REQUEST		Authenticate	1738271296892	1738271301665	OK	 
REQUEST		Authenticate	1738271297244	1738271301712	OK	 
REQUEST		Authenticate	1738271296892	1738271301720	OK	 
REQUEST		Authenticate	1738271297240	1738271301849	OK	 
REQUEST		Authenticate	1738271297241	1738271301849	OK	 
REQUEST		Authenticate	1738271297236	1738271302018	OK	 
REQUEST		Authenticate	1738271296892	1738271302020	OK	 
REQUEST		Authenticate	1738271297239	1738271302095	OK	 
REQUEST		Authenticate	1738271297238	1738271302096	OK	 
REQUEST		Authenticate	1738271297243	1738271302158	OK	 
REQUEST		Get Cover Types By Product Id	1738271303661	1738271304363	OK	 
REQUEST		Get Cover Types By Product Id	1738271303661	1738271304363	OK	 
REQUEST		Get Cover Types By Product Id	1738271303763	1738271304475	OK	 
REQUEST		Get Cover Types By Product Id	1738271303868	1738271304583	OK	 
REQUEST		Get Cover Types By Product Id	1738271303907	1738271304612	OK	 
REQUEST		Get Cover Types By Product Id	1738271303998	1738271304723	OK	 
REQUEST		Get Cover Types By Product Id	1738271304071	1738271304762	OK	 
REQUEST		Get Cover Types By Product Id	1738271304159	1738271304898	OK	 
REQUEST		Get Cover Types By Product Id	1738271304207	1738271304916	OK	 
REQUEST		Get Cover Types By Product Id	1738271304462	1738271305187	OK	 
REQUEST		Get Cover Types By Product Id	1738271304454	1738271305187	OK	 
REQUEST		Get Cover Types By Product Id	1738271304454	1738271305199	OK	 
REQUEST		Get Cover Types By Product Id	1738271304524	1738271305241	OK	 
REQUEST		Get Cover Types By Product Id	1738271304585	1738271305257	OK	 
REQUEST		Get Cover Types By Product Id	1738271304649	1738271305363	OK	 
REQUEST		Get Cover Types By Product Id	1738271304735	1738271305443	OK	 
REQUEST		Get Cover Types By Product Id	1738271304776	1738271305494	OK	 
REQUEST		Get Cover Types By Product Id	1738271304917	1738271305628	OK	 
REQUEST		Get Cover Types By Product Id	1738271304900	1738271305629	OK	 
REQUEST		Get Cover Types By Product Id	1738271305063	1738271305786	OK	 
REQUEST		Get Cover Types By Product Id	1738271305054	1738271305816	OK	 
REQUEST		Get Cover Types By Product Id	1738271305201	1738271305953	OK	 
REQUEST		Get Cover Types By Product Id	1738271305256	1738271305974	OK	 
REQUEST		Get Cover Types By Product Id	1738271305366	1738271306103	OK	 
REQUEST		Get Cover Types By Product Id	1738271305446	1738271306166	OK	 
REQUEST		Get Cover Types By Product Id	1738271305691	1738271306386	OK	 
REQUEST		Get Cover Types By Product Id	1738271305688	1738271306388	OK	 
REQUEST		Get Cover Types By Product Id	1738271305737	1738271306436	OK	 
REQUEST		Get Cover Types By Product Id	1738271305804	1738271306522	OK	 
REQUEST		Get Cover Types By Product Id	1738271305866	1738271306575	OK	 
REQUEST		Get Cover Types By Product Id	1738271305989	1738271306701	OK	 
REQUEST		Get Cover Types By Product Id	1738271306062	1738271306760	OK	 
REQUEST		Get Cover Types By Product Id	1738271306178	1738271306875	OK	 
REQUEST		Get Cover Types By Product Id	1738271306168	1738271306876	OK	 
REQUEST		Get Cover Types By Product Id	1738271306317	1738271307066	OK	 
REQUEST		Get Cover Types By Product Id	1738271306308	1738271307066	OK	 
REQUEST		Get Cover Types By Product Id	1738271306429	1738271307125	OK	 
REQUEST		Get Cover Types By Product Id	1738271306441	1738271307154	OK	 
REQUEST		Get Cover Types By Product Id	1738271306576	1738271307305	OK	 
REQUEST		Get Cover Types By Product Id	1738271306572	1738271307305	OK	 
REQUEST		Get Cover Types By Product Id	1738271306668	1738271307415	OK	 
REQUEST		Get Cover Types By Product Id	1738271306723	1738271307426	OK	 
REQUEST		Get Cover Types By Product Id	1738271306716	1738271307433	OK	 
REQUEST		Get Cover Types By Product Id	1738271306852	1738271307600	OK	 
REQUEST		Get Cover Types By Product Id	1738271306853	1738271307602	OK	 
REQUEST		Get Cover Types By Product Id	1738271307020	1738271307843	OK	 
REQUEST		Get Cover Types By Product Id	1738271307097	1738271307863	OK	 
REQUEST		Get Cover Types By Product Id	1738271307023	1738271307863	OK	 
REQUEST		Get Cover Types By Product Id	1738271307098	1738271307863	OK	 
REQUEST		Get Cover Types By Product Id	1738271307160	1738271307882	OK	 
REQUEST		Get All Benefits	1738271309586	1738271310142	OK	 
REQUEST		Get All Benefits	1738271309725	1738271310144	OK	 
REQUEST		Get All Benefits	1738271309764	1738271310337	OK	 
REQUEST		Get All Benefits	1738271309614	1738271310413	OK	 
REQUEST		Get All Benefits	1738271309919	1738271310421	OK	 
REQUEST		Get All Benefits	1738271309377	1738271310426	OK	 
REQUEST		Get All Benefits	1738271309900	1738271310553	OK	 
REQUEST		Get All Benefits	1738271309478	1738271310585	OK	 
REQUEST		Get All Benefits	1738271310189	1738271310610	OK	 
REQUEST		Get All Benefits	1738271310244	1738271310669	OK	 
REQUEST		Get All Benefits	1738271310201	1738271310727	OK	 
REQUEST		Get All Benefits	1738271310189	1738271310748	OK	 
REQUEST		Get All Benefits	1738271310366	1738271310765	OK	 
REQUEST		Get All Benefits	1738271310259	1738271310877	OK	 
REQUEST		Get All Benefits	1738271310446	1738271311013	OK	 
REQUEST		Get All Benefits	1738271310631	1738271311048	OK	 
REQUEST		Get All Benefits	1738271310497	1738271311074	OK	 
REQUEST		Get All Benefits	1738271310631	1738271311095	OK	 
REQUEST		Get All Benefits	1738271309377	1738271311096	OK	 
REQUEST		Get All Benefits	1738271310788	1738271311177	OK	 
REQUEST		Get All Benefits	1738271310819	1738271311262	OK	 
REQUEST		Get All Benefits	1738271310955	1738271311505	OK	 
REQUEST		Get All Benefits	1738271311106	1738271311535	OK	 
REQUEST		Get All Benefits	1738271310976	1738271311557	OK	 
REQUEST		Get All Benefits	1738271311170	1738271311750	OK	 
REQUEST		Get All Benefits	1738271311387	1738271311811	OK	 
REQUEST		Get All Benefits	1738271311438	1738271312000	OK	 
REQUEST		Get All Benefits	1738271311525	1738271312086	OK	 
REQUEST		Get All Benefits	1738271311704	1738271312130	OK	 
REQUEST		Get All Benefits	1738271311578	1738271312140	OK	 
REQUEST		Get All Benefits	1738271311764	1738271312171	OK	 
REQUEST		Get All Benefits	1738271311878	1738271312258	OK	 
REQUEST		Get All Benefits	1738271311390	1738271312397	OK	 
REQUEST		Get All Benefits	1738271312069	1738271312524	OK	 
REQUEST		Get All Benefits	1738271312069	1738271312682	OK	 
REQUEST		Get All Benefits	1738271312127	1738271312732	OK	 
REQUEST		Get All Benefits	1738271312156	1738271312743	OK	 
REQUEST		Get All Benefits	1738271312308	1738271312831	OK	 
REQUEST		Get All Benefits	1738271312308	1738271313000	OK	 
REQUEST		Get All Benefits	1738271311878	1738271313000	OK	 
REQUEST		Get All Benefits	1738271312418	1738271313033	OK	 
REQUEST		Get All Benefits	1738271312429	1738271313034	OK	 
REQUEST		Get All Benefits	1738271312435	1738271313057	OK	 
REQUEST		Get All Benefits	1738271312602	1738271313127	OK	 
REQUEST		Get All Benefits	1738271312603	1738271313302	OK	 
REQUEST		Get All Benefits	1738271312865	1738271313316	OK	 
REQUEST		Get All Benefits	1738271312864	1738271313327	OK	 
REQUEST		Get All Benefits	1738271312865	1738271313358	OK	 
REQUEST		Get All Benefits	1738271312884	1738271313364	OK	 
REQUEST		Get All Benefits	1738271312864	1738271313464	OK	 
REQUEST		Get Valuers	1738271315167	1738271315365	OK	 
REQUEST		Get Valuers	1738271315169	1738271315535	OK	 
REQUEST		Get Valuers	1738271315423	1738271315650	OK	 
REQUEST		Get Valuers	1738271315342	1738271315705	OK	 
REQUEST		Get Valuers	1738271315415	1738271315771	OK	 
REQUEST		Get Valuers	1738271315587	1738271315783	OK	 
REQUEST		Get Valuers	1738271315612	1738271315821	OK	 
REQUEST		Get Valuers	1738271315429	1738271315821	OK	 
REQUEST		Get Valuers	1738271315671	1738271315874	OK	 
REQUEST		Get Valuers	1738271315556	1738271315946	OK	 
REQUEST		Get Valuers	1738271315729	1738271315948	OK	 
REQUEST		Get Valuers	1738271315767	1738271315967	OK	 
REQUEST		Get Valuers	1738271315750	1738271316116	OK	 
REQUEST		Get Valuers	1738271315879	1738271316256	OK	 
REQUEST		Get Valuers	1738271316052	1738271316257	OK	 
REQUEST		Get Valuers	1738271316097	1738271316328	OK	 
REQUEST		Get Valuers	1738271316179	1738271316375	OK	 
REQUEST		Get Valuers	1738271316017	1738271316418	OK	 
REQUEST		Get Valuers	1738271316077	1738271316422	OK	 
REQUEST		Get Valuers	1738271316264	1738271316467	OK	 
REQUEST		Get Valuers	1738271316098	1738271316493	OK	 
REQUEST		Get Valuers	1738271316537	1738271316743	OK	 
REQUEST		Get Valuers	1738271316509	1738271316910	OK	 
REQUEST		Get Valuers	1738271316560	1738271316927	OK	 
REQUEST		Get Valuers	1738271316814	1738271317042	OK	 
REQUEST		Get Valuers	1738271316753	1738271317149	OK	 
REQUEST		Get Valuers	1738271317133	1738271317337	OK	 
REQUEST		Get Valuers	1738271317003	1738271317366	OK	 
REQUEST		Get Valuers	1738271317172	1738271317378	OK	 
REQUEST		Get Valuers	1738271317090	1738271317449	OK	 
REQUEST		Get Valuers	1738271317261	1738271317459	OK	 
REQUEST		Get Valuers	1738271317143	1738271317504	OK	 
REQUEST		Get Valuers	1738271317526	1738271317748	OK	 
REQUEST		Get Valuers	1738271317399	1738271317820	OK	 
REQUEST		Get Valuers	1738271317834	1738271318055	OK	 
REQUEST		Get Valuers	1738271317686	1738271318055	OK	 
REQUEST		Get Valuers	1738271317745	1738271318101	OK	 
REQUEST		Get Valuers	1738271317734	1738271318101	OK	 
REQUEST		Get Valuers	1738271318129	1738271318352	OK	 
REQUEST		Get Valuers	1738271318002	1738271318413	OK	 
REQUEST		Get Valuers	1738271318035	1738271318429	OK	 
REQUEST		Get Valuers	1738271318035	1738271318429	OK	 
REQUEST		Get Valuers	1738271318059	1738271318439	OK	 
REQUEST		Get Valuers	1738271318319	1738271318532	OK	 
REQUEST		Get Valuers	1738271318330	1738271318551	OK	 
REQUEST		Get Valuers	1738271318366	1738271318592	OK	 
REQUEST		Get Valuers	1738271318360	1738271318593	OK	 
REQUEST		Get Valuers	1738271318304	1738271318684	OK	 
REQUEST		Get Valuers	1738271318002	1738271318814	OK	 
REQUEST		Get Valuers	1738271318467	1738271318820	OK	 
REQUEST		Get Mandatory Documents	1738271320368	1738271320558	OK	 
REQUEST		Get Mandatory Documents	1738271320539	1738271320762	OK	 
REQUEST		Get Mandatory Documents	1738271320654	1738271320834	OK	 
REQUEST		Get Mandatory Documents	1738271320786	1738271320968	OK	 
REQUEST		Get Mandatory Documents	1738271320824	1738271321050	OK	 
REQUEST		Get Mandatory Documents	1738271320877	1738271321056	OK	 
REQUEST		Get Mandatory Documents	1738271320707	1738271321074	OK	 
REQUEST		Get Mandatory Documents	1738271320773	1738271321123	OK	 
REQUEST		Get Mandatory Documents	1738271320950	1738271321140	OK	 
REQUEST		Get Mandatory Documents	1738271320950	1738271321141	OK	 
REQUEST		Get Mandatory Documents	1738271320969	1738271321153	OK	 
REQUEST		Get Mandatory Documents	1738271320824	1738271321218	OK	 
REQUEST		Get Mandatory Documents	1738271321118	1738271321298	OK	 
REQUEST		Get Mandatory Documents	1738271321259	1738271321471	OK	 
REQUEST		Get Mandatory Documents	1738271321259	1738271321472	OK	 
REQUEST		Get Mandatory Documents	1738271321330	1738271321521	OK	 
REQUEST		Get Mandatory Documents	1738271321376	1738271321586	OK	 
REQUEST		Get Mandatory Documents	1738271321421	1738271321599	OK	 
REQUEST		Get Mandatory Documents	1738271321469	1738271321651	OK	 
REQUEST		Get Mandatory Documents	1738271321424	1738271321651	OK	 
REQUEST		Get Mandatory Documents	1738271321496	1738271321680	OK	 
REQUEST		Get Mandatory Documents	1738271321747	1738271321952	OK	 
REQUEST		Get Mandatory Documents	1738271321913	1738271322113	OK	 
REQUEST		Get Mandatory Documents	1738271321929	1738271322121	OK	 
REQUEST		Get Mandatory Documents	1738271322046	1738271322238	OK	 
REQUEST		Get Mandatory Documents	1738271322151	1738271322340	OK	 
REQUEST		Get Mandatory Documents	1738271322341	1738271322552	OK	 
REQUEST		Get Mandatory Documents	1738271322369	1738271322565	OK	 
REQUEST		Get Mandatory Documents	1738271322381	1738271322566	OK	 
REQUEST		Get Mandatory Documents	1738271322452	1738271322642	OK	 
REQUEST		Get Mandatory Documents	1738271322462	1738271322642	OK	 
REQUEST		Get Mandatory Documents	1738271322506	1738271322720	OK	 
REQUEST		Get Mandatory Documents	1738271322752	1738271322944	OK	 
REQUEST		Get Mandatory Documents	1738271322824	1738271323022	OK	 
REQUEST		Get Mandatory Documents	1738271323057	1738271323233	OK	 
REQUEST		Get Mandatory Documents	1738271323057	1738271323266	OK	 
REQUEST		Get Mandatory Documents	1738271323103	1738271323334	OK	 
REQUEST		Get Mandatory Documents	1738271323103	1738271323345	OK	 
REQUEST		Get Mandatory Documents	1738271323354	1738271323536	OK	 
REQUEST		Get Mandatory Documents	1738271323441	1738271323628	OK	 
REQUEST		Get Mandatory Documents	1738271323432	1738271323647	OK	 
REQUEST		Get Mandatory Documents	1738271323416	1738271323674	OK	 
REQUEST		Get Mandatory Documents	1738271323432	1738271323674	OK	 
REQUEST		Get Mandatory Documents	1738271323534	1738271323776	OK	 
REQUEST		Get Mandatory Documents	1738271323553	1738271323777	OK	 
REQUEST		Get Mandatory Documents	1738271323594	1738271323808	OK	 
REQUEST		Get Mandatory Documents	1738271323594	1738271323821	OK	 
REQUEST		Get Mandatory Documents	1738271323686	1738271323892	OK	 
REQUEST		Get Mandatory Documents	1738271323822	1738271324055	OK	 
REQUEST		Get Mandatory Documents	1738271323815	1738271324971	OK	 
REQUEST		Get Outstanding Premiums	1738271325563	1738271325759	OK	 
USER	Test API with Authentication	END	1738271325777
REQUEST		Get Outstanding Premiums	1738271325771	1738271325952	OK	 
USER	Test API with Authentication	END	1738271325954
REQUEST		Get Outstanding Premiums	1738271325837	1738271326024	OK	 
USER	Test API with Authentication	END	1738271326026
REQUEST		Get Outstanding Premiums	1738271325971	1738271326164	OK	 
USER	Test API with Authentication	END	1738271326165
REQUEST		Get Outstanding Premiums	1738271326058	1738271326234	OK	 
USER	Test API with Authentication	END	1738271326235
REQUEST		Get Outstanding Premiums	1738271326076	1738271326254	OK	 
USER	Test API with Authentication	END	1738271326255
REQUEST		Get Outstanding Premiums	1738271326144	1738271326318	OK	 
REQUEST		Get Outstanding Premiums	1738271326143	1738271326318	OK	 
REQUEST		Get Outstanding Premiums	1738271326126	1738271326318	OK	 
USER	Test API with Authentication	END	1738271326319
USER	Test API with Authentication	END	1738271326319
USER	Test API with Authentication	END	1738271326319
REQUEST		Get Outstanding Premiums	1738271326155	1738271326333	OK	 
USER	Test API with Authentication	END	1738271326334
REQUEST		Get Outstanding Premiums	1738271326221	1738271326395	OK	 
USER	Test API with Authentication	END	1738271326396
REQUEST		Get Outstanding Premiums	1738271326300	1738271326475	OK	 
USER	Test API with Authentication	END	1738271326477
REQUEST		Get Outstanding Premiums	1738271326474	1738271326650	OK	 
USER	Test API with Authentication	END	1738271326652
REQUEST		Get Outstanding Premiums	1738271326474	1738271326663	OK	 
USER	Test API with Authentication	END	1738271326664
REQUEST		Get Outstanding Premiums	1738271326524	1738271326699	OK	 
USER	Test API with Authentication	END	1738271326699
REQUEST		Get Outstanding Premiums	1738271326588	1738271326762	OK	 
USER	Test API with Authentication	END	1738271326763
REQUEST		Get Outstanding Premiums	1738271326603	1738271326783	OK	 
REQUEST		Get Outstanding Premiums	1738271326053	1738271326783	OK	 
USER	Test API with Authentication	END	1738271326784
USER	Test API with Authentication	END	1738271326784
REQUEST		Get Outstanding Premiums	1738271326654	1738271326835	OK	 
REQUEST		Get Outstanding Premiums	1738271326653	1738271326835	OK	 
USER	Test API with Authentication	END	1738271326836
USER	Test API with Authentication	END	1738271326836
REQUEST		Get Outstanding Premiums	1738271326682	1738271326858	OK	 
USER	Test API with Authentication	END	1738271326858
REQUEST		Get Outstanding Premiums	1738271326960	1738271327139	OK	 
USER	Test API with Authentication	END	1738271327140
REQUEST		Get Outstanding Premiums	1738271327116	1738271327290	OK	 
USER	Test API with Authentication	END	1738271327291
REQUEST		Get Outstanding Premiums	1738271327123	1738271327296	OK	 
USER	Test API with Authentication	END	1738271327297
REQUEST		Get Outstanding Premiums	1738271327241	1738271327413	OK	 
USER	Test API with Authentication	END	1738271327414
REQUEST		Get Outstanding Premiums	1738271327342	1738271327518	OK	 
USER	Test API with Authentication	END	1738271327519
REQUEST		Get Outstanding Premiums	1738271327554	1738271327728	OK	 
USER	Test API with Authentication	END	1738271327729
REQUEST		Get Outstanding Premiums	1738271327569	1738271327739	OK	 
USER	Test API with Authentication	END	1738271327740
REQUEST		Get Outstanding Premiums	1738271327568	1738271327740	OK	 
USER	Test API with Authentication	END	1738271327741
REQUEST		Get Outstanding Premiums	1738271327646	1738271327854	OK	 
REQUEST		Get Outstanding Premiums	1738271327647	1738271327854	OK	 
USER	Test API with Authentication	END	1738271327857
USER	Test API with Authentication	END	1738271327857
REQUEST		Get Outstanding Premiums	1738271327722	1738271327900	OK	 
USER	Test API with Authentication	END	1738271327900
REQUEST		Get Outstanding Premiums	1738271327947	1738271328125	OK	 
USER	Test API with Authentication	END	1738271328127
REQUEST		Get Outstanding Premiums	1738271328025	1738271328198	OK	 
USER	Test API with Authentication	END	1738271328201
REQUEST		Get Outstanding Premiums	1738271328236	1738271328422	OK	 
USER	Test API with Authentication	END	1738271328424
REQUEST		Get Outstanding Premiums	1738271328269	1738271328445	OK	 
USER	Test API with Authentication	END	1738271328447
REQUEST		Get Outstanding Premiums	1738271328337	1738271328551	OK	 
REQUEST		Get Outstanding Premiums	1738271328348	1738271328551	OK	 
USER	Test API with Authentication	END	1738271328553
USER	Test API with Authentication	END	1738271328553
REQUEST		Get Outstanding Premiums	1738271328538	1738271328723	OK	 
USER	Test API with Authentication	END	1738271328725
REQUEST		Get Outstanding Premiums	1738271328650	1738271328846	OK	 
REQUEST		Get Outstanding Premiums	1738271328632	1738271328846	OK	 
USER	Test API with Authentication	END	1738271328848
USER	Test API with Authentication	END	1738271328848
REQUEST		Get Outstanding Premiums	1738271328676	1738271328849	OK	 
REQUEST		Get Outstanding Premiums	1738271328676	1738271328849	OK	 
USER	Test API with Authentication	END	1738271328851
USER	Test API with Authentication	END	1738271328851
REQUEST		Get Outstanding Premiums	1738271328779	1738271328958	OK	 
USER	Test API with Authentication	END	1738271328960
REQUEST		Get Outstanding Premiums	1738271328779	1738271328960	OK	 
USER	Test API with Authentication	END	1738271328960
REQUEST		Get Outstanding Premiums	1738271328823	1738271329029	OK	 
REQUEST		Get Outstanding Premiums	1738271328810	1738271329029	OK	 
USER	Test API with Authentication	END	1738271329031
USER	Test API with Authentication	END	1738271329031
REQUEST		Get Outstanding Premiums	1738271328895	1738271329080	OK	 
USER	Test API with Authentication	END	1738271329081
REQUEST		Get Outstanding Premiums	1738271329058	1738271329232	OK	 
USER	Test API with Authentication	END	1738271329235
REQUEST		Get Outstanding Premiums	1738271329975	1738271330154	OK	 
USER	Test API with Authentication	END	1738271330156
